<?xml version="1.0" encoding="utf-8"?>
<!DOCTYPE coverage SYSTEM "http://cobertura.sourceforge.net/xml/coverage-04.dtd">
<coverage line-rate="0.888336097291321" branch-rate="0.390804597701149" lines-covered="1607" lines-valid="1809" branches-covered="68" branches-valid="174" complexity="256" version="0" timestamp="1709574006">
  <sources>
    <source>C:\Users\Tejas PC\</source>
  </sources>
  <packages>
    <package name="Simplifly" line-rate="0.745019920318725" branch-rate="0.390804597701149" complexity="164">
      <classes>
        <class name="Simplifly.Models.PaymentDetails" filename="C:\Users\Tejas PC\Desktop\Hexaware\.Net_FullStack\Project\Backend-latest\Simplifly\Models\payment.cs" line-rate="0.75" branch-rate="1" complexity="4">
          <methods>
            <method name="get_PaymentDetailsId" signature="()" line-rate="0" branch-rate="1" complexity="1">
              <lines>
                <line number="61" hits="0" branch="false" />
              </lines>
            </method>
            <method name="get_CardNumber" signature="()" line-rate="1" branch-rate="1" complexity="1">
              <lines>
                <line number="63" hits="8" branch="false" />
              </lines>
            </method>
            <method name="get_ExpiryDate" signature="()" line-rate="1" branch-rate="1" complexity="1">
              <lines>
                <line number="64" hits="8" branch="false" />
              </lines>
            </method>
            <method name="get_CVV" signature="()" line-rate="1" branch-rate="1" complexity="1">
              <lines>
                <line number="65" hits="8" branch="false" />
              </lines>
            </method>
          </methods>
          <lines>
            <line number="61" hits="0" branch="false" />
            <line number="63" hits="8" branch="false" />
            <line number="64" hits="8" branch="false" />
            <line number="65" hits="8" branch="false" />
          </lines>
        </class>
        <class name="Simplifly.Services.AdminService" filename="C:\Users\Tejas PC\Desktop\Hexaware\.Net_FullStack\Project\Backend-latest\Simplifly\Services\AdminService.cs" line-rate="0.846153846153846" branch-rate="0.833333333333333" complexity="8">
          <methods>
            <method name=".ctor" signature="(...)" line-rate="0" branch-rate="1" complexity="1">
              <lines>
                <line number="19" hits="0" branch="false" />
                <line number="20" hits="0" branch="false" />
                <line number="21" hits="0" branch="false" />
                <line number="22" hits="0" branch="false" />
                <line number="23" hits="0" branch="false" />
              </lines>
            </method>
            <method name=".ctor" signature="(...)" line-rate="1" branch-rate="1" complexity="1">
              <lines>
                <line number="24" hits="6" branch="false" />
                <line number="25" hits="6" branch="false" />
                <line number="26" hits="6" branch="false" />
                <line number="27" hits="6" branch="false" />
                <line number="28" hits="6" branch="false" />
                <line number="29" hits="6" branch="false" />
              </lines>
            </method>
            <method name="DeleteUser" signature="()" line-rate="1" branch-rate="1" complexity="2">
              <lines>
                <line number="32" hits="2" branch="false" />
                <line number="33" hits="2" branch="false" />
                <line number="34" hits="3" branch="false" />
                <line number="35" hits="2" branch="true" condition-coverage="100% (2/2)" />
                <line number="36" hits="1" branch="false" />
                <line number="37" hits="1" branch="false" />
                <line number="38" hits="1" branch="false" />
                <line number="40" hits="1" branch="false" />
                <line number="41" hits="1" branch="false" />
              </lines>
            </method>
            <method name="GetAdminByUsername" signature="()" line-rate="1" branch-rate="1" complexity="2">
              <lines>
                <line number="50" hits="2" branch="false" />
                <line number="51" hits="2" branch="false" />
                <line number="52" hits="3" branch="false" />
                <line number="53" hits="3" branch="true" condition-coverage="100% (2/2)" />
                <line number="54" hits="1" branch="false" />
                <line number="55" hits="1" branch="false" />
              </lines>
            </method>
            <method name="UpdateAdmin" signature="()" line-rate="0.923076923076923" branch-rate="0.5" complexity="2">
              <lines>
                <line number="64" hits="2" branch="false" />
                <line number="65" hits="2" branch="false" />
                <line number="66" hits="1" branch="true" condition-coverage="50% (1/2)" />
                <line number="67" hits="1" branch="false" />
                <line number="68" hits="1" branch="false" />
                <line number="69" hits="1" branch="false" />
                <line number="70" hits="1" branch="false" />
                <line number="71" hits="1" branch="false" />
                <line number="72" hits="1" branch="false" />
                <line number="73" hits="1" branch="false" />
                <line number="74" hits="1" branch="false" />
                <line number="76" hits="0" branch="false" />
                <line number="77" hits="1" branch="false" />
              </lines>
            </method>
          </methods>
          <lines>
            <line number="19" hits="0" branch="false" />
            <line number="20" hits="0" branch="false" />
            <line number="21" hits="0" branch="false" />
            <line number="22" hits="0" branch="false" />
            <line number="23" hits="0" branch="false" />
            <line number="24" hits="6" branch="false" />
            <line number="25" hits="6" branch="false" />
            <line number="26" hits="6" branch="false" />
            <line number="27" hits="6" branch="false" />
            <line number="28" hits="6" branch="false" />
            <line number="29" hits="6" branch="false" />
            <line number="32" hits="2" branch="false" />
            <line number="33" hits="2" branch="false" />
            <line number="34" hits="3" branch="false" />
            <line number="35" hits="2" branch="true" condition-coverage="100% (2/2)" />
            <line number="36" hits="1" branch="false" />
            <line number="37" hits="1" branch="false" />
            <line number="38" hits="1" branch="false" />
            <line number="40" hits="1" branch="false" />
            <line number="41" hits="1" branch="false" />
            <line number="50" hits="2" branch="false" />
            <line number="51" hits="2" branch="false" />
            <line number="52" hits="3" branch="false" />
            <line number="53" hits="3" branch="true" condition-coverage="100% (2/2)" />
            <line number="54" hits="1" branch="false" />
            <line number="55" hits="1" branch="false" />
            <line number="64" hits="2" branch="false" />
            <line number="65" hits="2" branch="false" />
            <line number="66" hits="1" branch="true" condition-coverage="50% (1/2)" />
            <line number="67" hits="1" branch="false" />
            <line number="68" hits="1" branch="false" />
            <line number="69" hits="1" branch="false" />
            <line number="70" hits="1" branch="false" />
            <line number="71" hits="1" branch="false" />
            <line number="72" hits="1" branch="false" />
            <line number="73" hits="1" branch="false" />
            <line number="74" hits="1" branch="false" />
            <line number="76" hits="0" branch="false" />
            <line number="77" hits="1" branch="false" />
          </lines>
        </class>
        <class name="Simplifly.Services.BookingService" filename="C:\Users\Tejas PC\Desktop\Hexaware\.Net_FullStack\Project\Backend-latest\Simplifly\Services\BookingService.cs" line-rate="0.682119205298013" branch-rate="0.5" complexity="43">
          <methods>
            <method name="CalculateTotalPrice" signature="(...)" line-rate="1" branch-rate="1" complexity="2">
              <lines>
                <line number="215" hits="3" branch="false" />
                <line number="216" hits="3" branch="true" condition-coverage="100% (2/2)" />
                <line number="217" hits="3" branch="false" />
                <line number="219" hits="3" branch="false" />
              </lines>
            </method>
            <method name=".ctor" signature="(...)" line-rate="1" branch-rate="1" complexity="1">
              <lines>
                <line number="37" hits="9" branch="false" />
                <line number="38" hits="9" branch="false" />
                <line number="39" hits="9" branch="false" />
                <line number="40" hits="9" branch="false" />
                <line number="41" hits="9" branch="false" />
                <line number="42" hits="9" branch="false" />
                <line number="43" hits="9" branch="false" />
                <line number="44" hits="9" branch="false" />
                <line number="45" hits="9" branch="false" />
                <line number="46" hits="9" branch="false" />
                <line number="47" hits="9" branch="false" />
                <line number="48" hits="9" branch="false" />
              </lines>
            </method>
            <method name="CancelBookingAsync" signature="()" line-rate="0.846153846153846" branch-rate="0.75" complexity="4">
              <lines>
                <line number="170" hits="1" branch="false" />
                <line number="171" hits="1" branch="false" />
                <line number="173" hits="1" branch="true" condition-coverage="50% (1/2)" />
                <line number="174" hits="0" branch="false" />
                <line number="175" hits="0" branch="false" />
                <line number="180" hits="1" branch="false" />
                <line number="181" hits="5" branch="true" condition-coverage="100% (2/2)" />
                <line number="182" hits="1" branch="false" />
                <line number="183" hits="1" branch="false" />
                <line number="184" hits="1" branch="false" />
                <line number="187" hits="1" branch="false" />
                <line number="190" hits="1" branch="false" />
                <line number="191" hits="1" branch="false" />
              </lines>
            </method>
            <method name="CreateBookingAsync" signature="()" line-rate="0.779661016949153" branch-rate="0.555555555555556" complexity="18">
              <lines>
                <line number="58" hits="2" branch="false" />
                <line number="60" hits="2" branch="true" condition-coverage="50% (1/2)" />
                <line number="61" hits="0" branch="false" />
                <line number="62" hits="0" branch="false" />
                <line number="65" hits="2" branch="false" />
                <line number="66" hits="2" branch="true" condition-coverage="50% (1/2)" />
                <line number="67" hits="0" branch="false" />
                <line number="69" hits="0" branch="false" />
                <line number="72" hits="2" branch="false" />
                <line number="73" hits="2" branch="true" condition-coverage="50% (1/2)" />
                <line number="74" hits="0" branch="false" />
                <line number="75" hits="0" branch="false" />
                <line number="79" hits="2" branch="false" />
                <line number="80" hits="2" branch="false" />
                <line number="81" hits="2" branch="true" condition-coverage="50% (1/2)" />
                <line number="82" hits="0" branch="false" />
                <line number="83" hits="0" branch="false" />
                <line number="84" hits="0" branch="false" />
                <line number="87" hits="2" branch="false" />
                <line number="88" hits="2" branch="false" />
                <line number="89" hits="2" branch="false" />
                <line number="90" hits="2" branch="false" />
                <line number="91" hits="2" branch="false" />
                <line number="92" hits="2" branch="false" />
                <line number="93" hits="2" branch="false" />
                <line number="94" hits="2" branch="false" />
                <line number="97" hits="2" branch="false" />
                <line number="98" hits="2" branch="false" />
                <line number="99" hits="2" branch="false" />
                <line number="100" hits="2" branch="false" />
                <line number="101" hits="2" branch="false" />
                <line number="102" hits="2" branch="false" />
                <line number="103" hits="2" branch="false" />
                <line number="104" hits="2" branch="false" />
                <line number="108" hits="2" branch="false" />
                <line number="110" hits="2" branch="false" />
                <line number="112" hits="2" branch="true" condition-coverage="50% (2/4)" />
                <line number="113" hits="0" branch="false" />
                <line number="114" hits="0" branch="false" />
                <line number="119" hits="2" branch="false" />
                <line number="120" hits="14" branch="true" condition-coverage="100% (2/2)" />
                <line number="121" hits="4" branch="false" />
                <line number="122" hits="4" branch="false" />
                <line number="123" hits="4" branch="true" condition-coverage="50% (1/2)" />
                <line number="124" hits="4" branch="false" />
                <line number="125" hits="4" branch="false" />
                <line number="126" hits="4" branch="false" />
                <line number="127" hits="4" branch="false" />
                <line number="128" hits="4" branch="false" />
                <line number="129" hits="4" branch="false" />
                <line number="130" hits="4" branch="false" />
                <line number="131" hits="4" branch="false" />
                <line number="132" hits="4" branch="false" />
                <line number="133" hits="4" branch="false" />
                <line number="135" hits="0" branch="false" />
                <line number="137" hits="0" branch="false" />
                <line number="139" hits="4" branch="false" />
                <line number="141" hits="2" branch="true" condition-coverage="50% (1/2)" />
                <line number="142" hits="2" branch="false" />
              </lines>
            </method>
            <method name="GetAllBookingsAsync" signature="()" line-rate="1" branch-rate="1" complexity="1">
              <lines>
                <line number="149" hits="1" branch="false" />
                <line number="150" hits="1" branch="false" />
                <line number="151" hits="1" branch="false" />
              </lines>
            </method>
            <method name="GetBookedSeatBySchedule" signature="()" line-rate="0" branch-rate="0" complexity="2">
              <lines>
                <line number="302" hits="0" branch="false" />
                <line number="303" hits="0" branch="false" />
                <line number="304" hits="0" branch="false" />
                <line number="305" hits="0" branch="false" />
                <line number="306" hits="0" branch="true" condition-coverage="0% (0/2)" />
                <line number="307" hits="0" branch="false" />
                <line number="308" hits="0" branch="false" />
                <line number="310" hits="0" branch="false" />
                <line number="311" hits="0" branch="false" />
              </lines>
            </method>
            <method name="GetBookingByFlight" signature="()" line-rate="0" branch-rate="0" complexity="2">
              <lines>
                <line number="285" hits="0" branch="false" />
                <line number="286" hits="0" branch="false" />
                <line number="287" hits="0" branch="false" />
                <line number="288" hits="0" branch="true" condition-coverage="0% (0/2)" />
                <line number="289" hits="0" branch="false" />
                <line number="290" hits="0" branch="false" />
                <line number="292" hits="0" branch="false" />
                <line number="293" hits="0" branch="false" />
              </lines>
            </method>
            <method name="GetBookingByIdAsync" signature="()" line-rate="1" branch-rate="1" complexity="1">
              <lines>
                <line number="159" hits="1" branch="false" />
                <line number="160" hits="1" branch="false" />
                <line number="161" hits="1" branch="false" />
              </lines>
            </method>
            <method name="GetBookingBySchedule" signature="()" line-rate="0.375" branch-rate="0" complexity="2">
              <lines>
                <line number="266" hits="1" branch="false" />
                <line number="267" hits="1" branch="false" />
                <line number="268" hits="1" branch="false" />
                <line number="271" hits="0" branch="true" condition-coverage="0% (0/2)" />
                <line number="272" hits="0" branch="false" />
                <line number="273" hits="0" branch="false" />
                <line number="275" hits="0" branch="false" />
                <line number="276" hits="0" branch="false" />
              </lines>
            </method>
            <method name="GetBookingsByCustomerId" signature="()" line-rate="0.375" branch-rate="0" complexity="2">
              <lines>
                <line number="320" hits="1" branch="false" />
                <line number="321" hits="1" branch="false" />
                <line number="322" hits="1" branch="false" />
                <line number="323" hits="0" branch="true" condition-coverage="0% (0/2)" />
                <line number="324" hits="0" branch="false" />
                <line number="325" hits="0" branch="false" />
                <line number="327" hits="0" branch="false" />
                <line number="328" hits="0" branch="false" />
              </lines>
            </method>
            <method name="GetUserBookingsAsync" signature="()" line-rate="1" branch-rate="1" complexity="2">
              <lines>
                <line number="199" hits="1" branch="false" />
                <line number="200" hits="1" branch="false" />
                <line number="201" hits="1" branch="true" condition-coverage="100% (2/2)" />
                <line number="202" hits="1" branch="false" />
                <line number="203" hits="1" branch="false" />
                <line number="204" hits="1" branch="false" />
                <line number="205" hits="1" branch="false" />
                <line number="206" hits="1" branch="false" />
              </lines>
            </method>
            <method name="RequestRefundAsync" signature="()" line-rate="0.625" branch-rate="0.5" complexity="6">
              <lines>
                <line number="228" hits="1" branch="false" />
                <line number="229" hits="1" branch="false" />
                <line number="231" hits="1" branch="true" condition-coverage="50% (1/2)" />
                <line number="232" hits="0" branch="false" />
                <line number="233" hits="0" branch="false" />
                <line number="237" hits="1" branch="false" />
                <line number="239" hits="1" branch="true" condition-coverage="50% (1/2)" />
                <line number="240" hits="0" branch="false" />
                <line number="241" hits="0" branch="false" />
                <line number="245" hits="1" branch="true" condition-coverage="50% (1/2)" />
                <line number="246" hits="0" branch="false" />
                <line number="247" hits="0" branch="false" />
                <line number="251" hits="1" branch="false" />
                <line number="252" hits="1" branch="false" />
                <line number="256" hits="1" branch="false" />
                <line number="257" hits="1" branch="false" />
              </lines>
            </method>
          </methods>
          <lines>
            <line number="37" hits="9" branch="false" />
            <line number="38" hits="9" branch="false" />
            <line number="39" hits="9" branch="false" />
            <line number="40" hits="9" branch="false" />
            <line number="41" hits="9" branch="false" />
            <line number="42" hits="9" branch="false" />
            <line number="43" hits="9" branch="false" />
            <line number="44" hits="9" branch="false" />
            <line number="45" hits="9" branch="false" />
            <line number="46" hits="9" branch="false" />
            <line number="47" hits="9" branch="false" />
            <line number="48" hits="9" branch="false" />
            <line number="58" hits="2" branch="false" />
            <line number="60" hits="2" branch="true" condition-coverage="50% (1/2)" />
            <line number="61" hits="0" branch="false" />
            <line number="62" hits="0" branch="false" />
            <line number="65" hits="2" branch="false" />
            <line number="66" hits="2" branch="true" condition-coverage="50% (1/2)" />
            <line number="67" hits="0" branch="false" />
            <line number="69" hits="0" branch="false" />
            <line number="72" hits="2" branch="false" />
            <line number="73" hits="2" branch="true" condition-coverage="50% (1/2)" />
            <line number="74" hits="0" branch="false" />
            <line number="75" hits="0" branch="false" />
            <line number="79" hits="2" branch="false" />
            <line number="80" hits="2" branch="false" />
            <line number="81" hits="2" branch="true" condition-coverage="50% (1/2)" />
            <line number="82" hits="0" branch="false" />
            <line number="83" hits="0" branch="false" />
            <line number="84" hits="0" branch="false" />
            <line number="87" hits="2" branch="false" />
            <line number="88" hits="2" branch="false" />
            <line number="89" hits="2" branch="false" />
            <line number="90" hits="2" branch="false" />
            <line number="91" hits="2" branch="false" />
            <line number="92" hits="2" branch="false" />
            <line number="93" hits="2" branch="false" />
            <line number="94" hits="2" branch="false" />
            <line number="97" hits="2" branch="false" />
            <line number="98" hits="2" branch="false" />
            <line number="99" hits="2" branch="false" />
            <line number="100" hits="2" branch="false" />
            <line number="101" hits="2" branch="false" />
            <line number="102" hits="2" branch="false" />
            <line number="103" hits="2" branch="false" />
            <line number="104" hits="2" branch="false" />
            <line number="108" hits="2" branch="false" />
            <line number="110" hits="2" branch="false" />
            <line number="112" hits="2" branch="true" condition-coverage="50% (2/4)" />
            <line number="113" hits="0" branch="false" />
            <line number="114" hits="0" branch="false" />
            <line number="119" hits="2" branch="false" />
            <line number="120" hits="14" branch="true" condition-coverage="100% (2/2)" />
            <line number="121" hits="4" branch="false" />
            <line number="122" hits="4" branch="false" />
            <line number="123" hits="4" branch="true" condition-coverage="50% (1/2)" />
            <line number="124" hits="4" branch="false" />
            <line number="125" hits="4" branch="false" />
            <line number="126" hits="4" branch="false" />
            <line number="127" hits="4" branch="false" />
            <line number="128" hits="4" branch="false" />
            <line number="129" hits="4" branch="false" />
            <line number="130" hits="4" branch="false" />
            <line number="131" hits="4" branch="false" />
            <line number="132" hits="4" branch="false" />
            <line number="133" hits="4" branch="false" />
            <line number="135" hits="0" branch="false" />
            <line number="137" hits="0" branch="false" />
            <line number="139" hits="4" branch="false" />
            <line number="141" hits="2" branch="true" condition-coverage="50% (1/2)" />
            <line number="142" hits="2" branch="false" />
            <line number="149" hits="1" branch="false" />
            <line number="150" hits="1" branch="false" />
            <line number="151" hits="1" branch="false" />
            <line number="159" hits="1" branch="false" />
            <line number="160" hits="1" branch="false" />
            <line number="161" hits="1" branch="false" />
            <line number="170" hits="1" branch="false" />
            <line number="171" hits="1" branch="false" />
            <line number="173" hits="1" branch="true" condition-coverage="50% (1/2)" />
            <line number="174" hits="0" branch="false" />
            <line number="175" hits="0" branch="false" />
            <line number="180" hits="1" branch="false" />
            <line number="181" hits="5" branch="true" condition-coverage="100% (2/2)" />
            <line number="182" hits="1" branch="false" />
            <line number="183" hits="1" branch="false" />
            <line number="184" hits="1" branch="false" />
            <line number="187" hits="1" branch="false" />
            <line number="190" hits="1" branch="false" />
            <line number="191" hits="1" branch="false" />
            <line number="199" hits="1" branch="false" />
            <line number="200" hits="1" branch="false" />
            <line number="201" hits="1" branch="true" condition-coverage="100% (2/2)" />
            <line number="202" hits="1" branch="false" />
            <line number="203" hits="1" branch="false" />
            <line number="204" hits="1" branch="false" />
            <line number="205" hits="1" branch="false" />
            <line number="206" hits="1" branch="false" />
            <line number="215" hits="3" branch="false" />
            <line number="216" hits="3" branch="true" condition-coverage="100% (2/2)" />
            <line number="217" hits="3" branch="false" />
            <line number="219" hits="3" branch="false" />
            <line number="228" hits="1" branch="false" />
            <line number="229" hits="1" branch="false" />
            <line number="231" hits="1" branch="true" condition-coverage="50% (1/2)" />
            <line number="232" hits="0" branch="false" />
            <line number="233" hits="0" branch="false" />
            <line number="237" hits="1" branch="false" />
            <line number="239" hits="1" branch="true" condition-coverage="50% (1/2)" />
            <line number="240" hits="0" branch="false" />
            <line number="241" hits="0" branch="false" />
            <line number="245" hits="1" branch="true" condition-coverage="50% (1/2)" />
            <line number="246" hits="0" branch="false" />
            <line number="247" hits="0" branch="false" />
            <line number="251" hits="1" branch="false" />
            <line number="252" hits="1" branch="false" />
            <line number="256" hits="1" branch="false" />
            <line number="257" hits="1" branch="false" />
            <line number="266" hits="1" branch="false" />
            <line number="267" hits="1" branch="false" />
            <line number="268" hits="1" branch="false" />
            <line number="271" hits="0" branch="true" condition-coverage="0% (0/2)" />
            <line number="272" hits="0" branch="false" />
            <line number="273" hits="0" branch="false" />
            <line number="275" hits="0" branch="false" />
            <line number="276" hits="0" branch="false" />
            <line number="285" hits="0" branch="false" />
            <line number="286" hits="0" branch="false" />
            <line number="287" hits="0" branch="false" />
            <line number="288" hits="0" branch="true" condition-coverage="0% (0/2)" />
            <line number="289" hits="0" branch="false" />
            <line number="290" hits="0" branch="false" />
            <line number="292" hits="0" branch="false" />
            <line number="293" hits="0" branch="false" />
            <line number="302" hits="0" branch="false" />
            <line number="303" hits="0" branch="false" />
            <line number="304" hits="0" branch="false" />
            <line number="305" hits="0" branch="false" />
            <line number="306" hits="0" branch="true" condition-coverage="0% (0/2)" />
            <line number="307" hits="0" branch="false" />
            <line number="308" hits="0" branch="false" />
            <line number="310" hits="0" branch="false" />
            <line number="311" hits="0" branch="false" />
            <line number="320" hits="1" branch="false" />
            <line number="321" hits="1" branch="false" />
            <line number="322" hits="1" branch="false" />
            <line number="323" hits="0" branch="true" condition-coverage="0% (0/2)" />
            <line number="324" hits="0" branch="false" />
            <line number="325" hits="0" branch="false" />
            <line number="327" hits="0" branch="false" />
            <line number="328" hits="0" branch="false" />
          </lines>
        </class>
        <class name="Simplifly.Services.CustomerService" filename="C:\Users\Tejas PC\Desktop\Hexaware\.Net_FullStack\Project\Backend-latest\Simplifly\Services\CustomerService.cs" line-rate="0.947368421052632" branch-rate="0.7" complexity="13">
          <methods>
            <method name=".ctor" signature="(...)" line-rate="1" branch-rate="1" complexity="1">
              <lines>
                <line number="22" hits="12" branch="false" />
                <line number="23" hits="12" branch="false" />
                <line number="24" hits="12" branch="false" />
                <line number="25" hits="12" branch="false" />
                <line number="26" hits="12" branch="false" />
                <line number="28" hits="12" branch="false" />
              </lines>
            </method>
            <method name="AddCustomer" signature="()" line-rate="1" branch-rate="1" complexity="1">
              <lines>
                <line number="36" hits="1" branch="false" />
                <line number="37" hits="1" branch="false" />
                <line number="38" hits="1" branch="false" />
              </lines>
            </method>
            <method name="GetAllCustomers" signature="()" line-rate="1" branch-rate="1" complexity="1">
              <lines>
                <line number="63" hits="1" branch="false" />
                <line number="64" hits="1" branch="false" />
                <line number="65" hits="1" branch="false" />
              </lines>
            </method>
            <method name="GetByIdCustomers" signature="()" line-rate="0.857142857142857" branch-rate="0.5" complexity="2">
              <lines>
                <line number="92" hits="1" branch="false" />
                <line number="93" hits="1" branch="false" />
                <line number="94" hits="1" branch="true" condition-coverage="50% (1/2)" />
                <line number="95" hits="1" branch="false" />
                <line number="96" hits="1" branch="false" />
                <line number="98" hits="0" branch="false" />
                <line number="99" hits="1" branch="false" />
              </lines>
            </method>
            <method name="GetCustomersByUsername" signature="()" line-rate="0.875" branch-rate="0.5" complexity="2">
              <lines>
                <line number="108" hits="1" branch="false" />
                <line number="109" hits="1" branch="false" />
                <line number="110" hits="3" branch="false" />
                <line number="111" hits="1" branch="true" condition-coverage="50% (1/2)" />
                <line number="112" hits="1" branch="false" />
                <line number="113" hits="1" branch="false" />
                <line number="115" hits="0" branch="false" />
                <line number="116" hits="1" branch="false" />
              </lines>
            </method>
            <method name="RemoveCustomer" signature="()" line-rate="1" branch-rate="1" complexity="2">
              <lines>
                <line number="46" hits="2" branch="false" />
                <line number="47" hits="2" branch="false" />
                <line number="48" hits="2" branch="true" condition-coverage="100% (2/2)" />
                <line number="49" hits="1" branch="false" />
                <line number="50" hits="1" branch="false" />
                <line number="51" hits="1" branch="false" />
                <line number="52" hits="1" branch="false" />
                <line number="53" hits="1" branch="false" />
                <line number="55" hits="1" branch="false" />
                <line number="56" hits="2" branch="false" />
              </lines>
            </method>
            <method name="UpdateCustomer" signature="()" line-rate="0.909090909090909" branch-rate="0.5" complexity="2">
              <lines>
                <line number="125" hits="1" branch="false" />
                <line number="126" hits="1" branch="false" />
                <line number="127" hits="1" branch="true" condition-coverage="50% (1/2)" />
                <line number="128" hits="1" branch="false" />
                <line number="129" hits="1" branch="false" />
                <line number="130" hits="1" branch="false" />
                <line number="131" hits="1" branch="false" />
                <line number="132" hits="1" branch="false" />
                <line number="133" hits="1" branch="false" />
                <line number="135" hits="0" branch="false" />
                <line number="136" hits="1" branch="false" />
              </lines>
            </method>
            <method name="UpdateCustomerEmail" signature="()" line-rate="1" branch-rate="1" complexity="2">
              <lines>
                <line number="74" hits="2" branch="false" />
                <line number="75" hits="2" branch="false" />
                <line number="76" hits="2" branch="true" condition-coverage="100% (2/2)" />
                <line number="77" hits="1" branch="false" />
                <line number="78" hits="1" branch="false" />
                <line number="79" hits="1" branch="false" />
                <line number="80" hits="1" branch="false" />
                <line number="82" hits="1" branch="false" />
                <line number="83" hits="2" branch="false" />
              </lines>
            </method>
          </methods>
          <lines>
            <line number="22" hits="12" branch="false" />
            <line number="23" hits="12" branch="false" />
            <line number="24" hits="12" branch="false" />
            <line number="25" hits="12" branch="false" />
            <line number="26" hits="12" branch="false" />
            <line number="28" hits="12" branch="false" />
            <line number="36" hits="1" branch="false" />
            <line number="37" hits="1" branch="false" />
            <line number="38" hits="1" branch="false" />
            <line number="46" hits="2" branch="false" />
            <line number="47" hits="2" branch="false" />
            <line number="48" hits="2" branch="true" condition-coverage="100% (2/2)" />
            <line number="49" hits="1" branch="false" />
            <line number="50" hits="1" branch="false" />
            <line number="51" hits="1" branch="false" />
            <line number="52" hits="1" branch="false" />
            <line number="53" hits="1" branch="false" />
            <line number="55" hits="1" branch="false" />
            <line number="56" hits="2" branch="false" />
            <line number="63" hits="1" branch="false" />
            <line number="64" hits="1" branch="false" />
            <line number="65" hits="1" branch="false" />
            <line number="74" hits="2" branch="false" />
            <line number="75" hits="2" branch="false" />
            <line number="76" hits="2" branch="true" condition-coverage="100% (2/2)" />
            <line number="77" hits="1" branch="false" />
            <line number="78" hits="1" branch="false" />
            <line number="79" hits="1" branch="false" />
            <line number="80" hits="1" branch="false" />
            <line number="82" hits="1" branch="false" />
            <line number="83" hits="2" branch="false" />
            <line number="92" hits="1" branch="false" />
            <line number="93" hits="1" branch="false" />
            <line number="94" hits="1" branch="true" condition-coverage="50% (1/2)" />
            <line number="95" hits="1" branch="false" />
            <line number="96" hits="1" branch="false" />
            <line number="98" hits="0" branch="false" />
            <line number="99" hits="1" branch="false" />
            <line number="108" hits="1" branch="false" />
            <line number="109" hits="1" branch="false" />
            <line number="110" hits="3" branch="false" />
            <line number="111" hits="1" branch="true" condition-coverage="50% (1/2)" />
            <line number="112" hits="1" branch="false" />
            <line number="113" hits="1" branch="false" />
            <line number="115" hits="0" branch="false" />
            <line number="116" hits="1" branch="false" />
            <line number="125" hits="1" branch="false" />
            <line number="126" hits="1" branch="false" />
            <line number="127" hits="1" branch="true" condition-coverage="50% (1/2)" />
            <line number="128" hits="1" branch="false" />
            <line number="129" hits="1" branch="false" />
            <line number="130" hits="1" branch="false" />
            <line number="131" hits="1" branch="false" />
            <line number="132" hits="1" branch="false" />
            <line number="133" hits="1" branch="false" />
            <line number="135" hits="0" branch="false" />
            <line number="136" hits="1" branch="false" />
          </lines>
        </class>
        <class name="Simplifly.Services.FlightOwnerService" filename="C:\Users\Tejas PC\Desktop\Hexaware\.Net_FullStack\Project\Backend-latest\Simplifly\Services\FlightOwnerService.cs" line-rate="0.932203389830508" branch-rate="0.6" complexity="13">
          <methods>
            <method name=".ctor" signature="(...)" line-rate="1" branch-rate="1" complexity="1">
              <lines>
                <line number="15" hits="8" branch="false" />
                <line number="16" hits="8" branch="false" />
                <line number="17" hits="8" branch="false" />
                <line number="18" hits="8" branch="false" />
                <line number="19" hits="8" branch="false" />
                <line number="21" hits="8" branch="false" />
              </lines>
            </method>
            <method name="AddFlightOwner" signature="()" line-rate="1" branch-rate="1" complexity="1">
              <lines>
                <line number="29" hits="4" branch="false" />
                <line number="30" hits="4" branch="false" />
                <line number="31" hits="4" branch="false" />
              </lines>
            </method>
            <method name="GetAllFlightOwners" signature="()" line-rate="1" branch-rate="1" complexity="1">
              <lines>
                <line number="58" hits="1" branch="false" />
                <line number="59" hits="1" branch="false" />
                <line number="60" hits="1" branch="false" />
              </lines>
            </method>
            <method name="GetByUsernameFlightOwners" signature="()" line-rate="0.875" branch-rate="0.5" complexity="2">
              <lines>
                <line number="87" hits="1" branch="false" />
                <line number="88" hits="1" branch="false" />
                <line number="89" hits="3" branch="false" />
                <line number="90" hits="1" branch="true" condition-coverage="50% (1/2)" />
                <line number="91" hits="1" branch="false" />
                <line number="92" hits="1" branch="false" />
                <line number="94" hits="0" branch="false" />
                <line number="95" hits="1" branch="false" />
              </lines>
            </method>
            <method name="GetFlightOwnerById" signature="()" line-rate="1" branch-rate="1" complexity="2">
              <lines>
                <line number="104" hits="2" branch="false" />
                <line number="105" hits="2" branch="false" />
                <line number="106" hits="5" branch="false" />
                <line number="107" hits="2" branch="true" condition-coverage="100% (2/2)" />
                <line number="108" hits="1" branch="false" />
                <line number="109" hits="1" branch="false" />
                <line number="111" hits="1" branch="false" />
                <line number="112" hits="1" branch="false" />
              </lines>
            </method>
            <method name="RemoveFlightOwner" signature="()" line-rate="0.888888888888889" branch-rate="0.5" complexity="2">
              <lines>
                <line number="40" hits="1" branch="false" />
                <line number="42" hits="1" branch="false" />
                <line number="43" hits="1" branch="true" condition-coverage="50% (1/2)" />
                <line number="44" hits="1" branch="false" />
                <line number="45" hits="1" branch="false" />
                <line number="46" hits="1" branch="false" />
                <line number="48" hits="1" branch="false" />
                <line number="50" hits="0" branch="false" />
                <line number="51" hits="1" branch="false" />
              </lines>
            </method>
            <method name="UpdateFlightOwner" signature="()" line-rate="0.923076923076923" branch-rate="0.5" complexity="2">
              <lines>
                <line number="121" hits="1" branch="false" />
                <line number="122" hits="1" branch="false" />
                <line number="123" hits="1" branch="true" condition-coverage="50% (1/2)" />
                <line number="124" hits="1" branch="false" />
                <line number="125" hits="1" branch="false" />
                <line number="126" hits="1" branch="false" />
                <line number="127" hits="1" branch="false" />
                <line number="128" hits="1" branch="false" />
                <line number="129" hits="1" branch="false" />
                <line number="130" hits="1" branch="false" />
                <line number="131" hits="1" branch="false" />
                <line number="133" hits="0" branch="false" />
                <line number="135" hits="1" branch="false" />
              </lines>
            </method>
            <method name="UpdateFlightOwnerAddress" signature="()" line-rate="0.888888888888889" branch-rate="0.5" complexity="2">
              <lines>
                <line number="69" hits="1" branch="false" />
                <line number="70" hits="1" branch="false" />
                <line number="71" hits="1" branch="true" condition-coverage="50% (1/2)" />
                <line number="72" hits="1" branch="false" />
                <line number="73" hits="1" branch="false" />
                <line number="74" hits="1" branch="false" />
                <line number="75" hits="1" branch="false" />
                <line number="77" hits="0" branch="false" />
                <line number="78" hits="1" branch="false" />
              </lines>
            </method>
          </methods>
          <lines>
            <line number="15" hits="8" branch="false" />
            <line number="16" hits="8" branch="false" />
            <line number="17" hits="8" branch="false" />
            <line number="18" hits="8" branch="false" />
            <line number="19" hits="8" branch="false" />
            <line number="21" hits="8" branch="false" />
            <line number="29" hits="4" branch="false" />
            <line number="30" hits="4" branch="false" />
            <line number="31" hits="4" branch="false" />
            <line number="40" hits="1" branch="false" />
            <line number="42" hits="1" branch="false" />
            <line number="43" hits="1" branch="true" condition-coverage="50% (1/2)" />
            <line number="44" hits="1" branch="false" />
            <line number="45" hits="1" branch="false" />
            <line number="46" hits="1" branch="false" />
            <line number="48" hits="1" branch="false" />
            <line number="50" hits="0" branch="false" />
            <line number="51" hits="1" branch="false" />
            <line number="58" hits="1" branch="false" />
            <line number="59" hits="1" branch="false" />
            <line number="60" hits="1" branch="false" />
            <line number="69" hits="1" branch="false" />
            <line number="70" hits="1" branch="false" />
            <line number="71" hits="1" branch="true" condition-coverage="50% (1/2)" />
            <line number="72" hits="1" branch="false" />
            <line number="73" hits="1" branch="false" />
            <line number="74" hits="1" branch="false" />
            <line number="75" hits="1" branch="false" />
            <line number="77" hits="0" branch="false" />
            <line number="78" hits="1" branch="false" />
            <line number="87" hits="1" branch="false" />
            <line number="88" hits="1" branch="false" />
            <line number="89" hits="3" branch="false" />
            <line number="90" hits="1" branch="true" condition-coverage="50% (1/2)" />
            <line number="91" hits="1" branch="false" />
            <line number="92" hits="1" branch="false" />
            <line number="94" hits="0" branch="false" />
            <line number="95" hits="1" branch="false" />
            <line number="104" hits="2" branch="false" />
            <line number="105" hits="2" branch="false" />
            <line number="106" hits="5" branch="false" />
            <line number="107" hits="2" branch="true" condition-coverage="100% (2/2)" />
            <line number="108" hits="1" branch="false" />
            <line number="109" hits="1" branch="false" />
            <line number="111" hits="1" branch="false" />
            <line number="112" hits="1" branch="false" />
            <line number="121" hits="1" branch="false" />
            <line number="122" hits="1" branch="false" />
            <line number="123" hits="1" branch="true" condition-coverage="50% (1/2)" />
            <line number="124" hits="1" branch="false" />
            <line number="125" hits="1" branch="false" />
            <line number="126" hits="1" branch="false" />
            <line number="127" hits="1" branch="false" />
            <line number="128" hits="1" branch="false" />
            <line number="129" hits="1" branch="false" />
            <line number="130" hits="1" branch="false" />
            <line number="131" hits="1" branch="false" />
            <line number="133" hits="0" branch="false" />
            <line number="135" hits="1" branch="false" />
          </lines>
        </class>
        <class name="Simplifly.Services.FlightService" filename="C:\Users\Tejas PC\Desktop\Hexaware\.Net_FullStack\Project\Backend-latest\Simplifly\Services\FlightService.cs" line-rate="0.836363636363636" branch-rate="0.375" complexity="11">
          <methods>
            <method name=".ctor" signature="(...)" line-rate="1" branch-rate="1" complexity="1">
              <lines>
                <line number="19" hits="6" branch="false" />
                <line number="20" hits="6" branch="false" />
                <line number="21" hits="6" branch="false" />
                <line number="22" hits="6" branch="false" />
                <line number="23" hits="6" branch="false" />
              </lines>
            </method>
            <method name="AddFlight" signature="()" line-rate="0.9" branch-rate="1" complexity="1">
              <lines>
                <line number="32" hits="1" branch="false" />
                <line number="34" hits="1" branch="false" />
                <line number="35" hits="1" branch="false" />
                <line number="36" hits="0" branch="false" />
                <line number="38" hits="1" branch="false" />
                <line number="39" hits="1" branch="false" />
                <line number="40" hits="1" branch="false" />
                <line number="41" hits="1" branch="false" />
                <line number="42" hits="1" branch="false" />
                <line number="45" hits="1" branch="false" />
              </lines>
            </method>
            <method name="GetAllFlights" signature="()" line-rate="1" branch-rate="1" complexity="1">
              <lines>
                <line number="52" hits="1" branch="false" />
                <line number="53" hits="1" branch="false" />
                <line number="54" hits="1" branch="false" />
                <line number="55" hits="1" branch="false" />
              </lines>
            </method>
            <method name="GetFlightById" signature="()" line-rate="0.285714285714286" branch-rate="0" complexity="2">
              <lines>
                <line number="64" hits="1" branch="false" />
                <line number="65" hits="1" branch="false" />
                <line number="66" hits="0" branch="true" condition-coverage="0% (0/2)" />
                <line number="68" hits="0" branch="false" />
                <line number="69" hits="0" branch="false" />
                <line number="71" hits="0" branch="false" />
                <line number="72" hits="0" branch="false" />
              </lines>
            </method>
            <method name="RemoveFlight" signature="()" line-rate="0.888888888888889" branch-rate="0.5" complexity="2">
              <lines>
                <line number="81" hits="1" branch="false" />
                <line number="82" hits="1" branch="false" />
                <line number="83" hits="1" branch="true" condition-coverage="50% (1/2)" />
                <line number="84" hits="1" branch="false" />
                <line number="85" hits="1" branch="false" />
                <line number="86" hits="1" branch="false" />
                <line number="87" hits="1" branch="false" />
                <line number="89" hits="0" branch="false" />
                <line number="90" hits="1" branch="false" />
              </lines>
            </method>
            <method name="UpdateAirline" signature="()" line-rate="0.9" branch-rate="0.5" complexity="2">
              <lines>
                <line number="101" hits="1" branch="false" />
                <line number="102" hits="1" branch="false" />
                <line number="103" hits="1" branch="true" condition-coverage="50% (1/2)" />
                <line number="104" hits="1" branch="false" />
                <line number="105" hits="1" branch="false" />
                <line number="106" hits="1" branch="false" />
                <line number="107" hits="1" branch="false" />
                <line number="108" hits="1" branch="false" />
                <line number="110" hits="0" branch="false" />
                <line number="111" hits="1" branch="false" />
              </lines>
            </method>
            <method name="UpdateTotalSeats" signature="()" line-rate="0.9" branch-rate="0.5" complexity="2">
              <lines>
                <line number="121" hits="1" branch="false" />
                <line number="122" hits="1" branch="false" />
                <line number="123" hits="1" branch="true" condition-coverage="50% (1/2)" />
                <line number="124" hits="1" branch="false" />
                <line number="125" hits="1" branch="false" />
                <line number="126" hits="1" branch="false" />
                <line number="127" hits="1" branch="false" />
                <line number="128" hits="1" branch="false" />
                <line number="130" hits="0" branch="false" />
                <line number="131" hits="1" branch="false" />
              </lines>
            </method>
          </methods>
          <lines>
            <line number="19" hits="6" branch="false" />
            <line number="20" hits="6" branch="false" />
            <line number="21" hits="6" branch="false" />
            <line number="22" hits="6" branch="false" />
            <line number="23" hits="6" branch="false" />
            <line number="32" hits="1" branch="false" />
            <line number="34" hits="1" branch="false" />
            <line number="35" hits="1" branch="false" />
            <line number="36" hits="0" branch="false" />
            <line number="38" hits="1" branch="false" />
            <line number="39" hits="1" branch="false" />
            <line number="40" hits="1" branch="false" />
            <line number="41" hits="1" branch="false" />
            <line number="42" hits="1" branch="false" />
            <line number="45" hits="1" branch="false" />
            <line number="52" hits="1" branch="false" />
            <line number="53" hits="1" branch="false" />
            <line number="54" hits="1" branch="false" />
            <line number="55" hits="1" branch="false" />
            <line number="64" hits="1" branch="false" />
            <line number="65" hits="1" branch="false" />
            <line number="66" hits="0" branch="true" condition-coverage="0% (0/2)" />
            <line number="68" hits="0" branch="false" />
            <line number="69" hits="0" branch="false" />
            <line number="71" hits="0" branch="false" />
            <line number="72" hits="0" branch="false" />
            <line number="81" hits="1" branch="false" />
            <line number="82" hits="1" branch="false" />
            <line number="83" hits="1" branch="true" condition-coverage="50% (1/2)" />
            <line number="84" hits="1" branch="false" />
            <line number="85" hits="1" branch="false" />
            <line number="86" hits="1" branch="false" />
            <line number="87" hits="1" branch="false" />
            <line number="89" hits="0" branch="false" />
            <line number="90" hits="1" branch="false" />
            <line number="101" hits="1" branch="false" />
            <line number="102" hits="1" branch="false" />
            <line number="103" hits="1" branch="true" condition-coverage="50% (1/2)" />
            <line number="104" hits="1" branch="false" />
            <line number="105" hits="1" branch="false" />
            <line number="106" hits="1" branch="false" />
            <line number="107" hits="1" branch="false" />
            <line number="108" hits="1" branch="false" />
            <line number="110" hits="0" branch="false" />
            <line number="111" hits="1" branch="false" />
            <line number="121" hits="1" branch="false" />
            <line number="122" hits="1" branch="false" />
            <line number="123" hits="1" branch="true" condition-coverage="50% (1/2)" />
            <line number="124" hits="1" branch="false" />
            <line number="125" hits="1" branch="false" />
            <line number="126" hits="1" branch="false" />
            <line number="127" hits="1" branch="false" />
            <line number="128" hits="1" branch="false" />
            <line number="130" hits="0" branch="false" />
            <line number="131" hits="1" branch="false" />
          </lines>
        </class>
        <class name="Simplifly.Services.PassengerService" filename="C:\Users\Tejas PC\Desktop\Hexaware\.Net_FullStack\Project\Backend-latest\Simplifly\Services\PassengerService.cs" line-rate="1" branch-rate="1" complexity="6">
          <methods>
            <method name=".ctor" signature="(...)" line-rate="1" branch-rate="1" complexity="1">
              <lines>
                <line number="19" hits="6" branch="false" />
                <line number="20" hits="6" branch="false" />
                <line number="21" hits="6" branch="false" />
                <line number="22" hits="6" branch="false" />
                <line number="24" hits="6" branch="false" />
              </lines>
            </method>
            <method name="AddPassenger" signature="()" line-rate="1" branch-rate="1" complexity="1">
              <lines>
                <line number="32" hits="1" branch="false" />
                <line number="33" hits="1" branch="false" />
                <line number="34" hits="1" branch="false" />
              </lines>
            </method>
            <method name="GetAllPassengers" signature="()" line-rate="1" branch-rate="1" complexity="1">
              <lines>
                <line number="59" hits="1" branch="false" />
                <line number="60" hits="1" branch="false" />
                <line number="61" hits="1" branch="false" />
              </lines>
            </method>
            <method name="GetByIdPassengers" signature="()" line-rate="1" branch-rate="1" complexity="1">
              <lines>
                <line number="70" hits="2" branch="false" />
                <line number="71" hits="2" branch="false" />
                <line number="72" hits="2" branch="false" />
              </lines>
            </method>
            <method name="RemovePassenger" signature="()" line-rate="1" branch-rate="1" complexity="2">
              <lines>
                <line number="43" hits="2" branch="false" />
                <line number="45" hits="2" branch="false" />
                <line number="46" hits="2" branch="true" condition-coverage="100% (2/2)" />
                <line number="47" hits="1" branch="false" />
                <line number="48" hits="1" branch="false" />
                <line number="49" hits="1" branch="false" />
                <line number="51" hits="1" branch="false" />
                <line number="52" hits="2" branch="false" />
              </lines>
            </method>
          </methods>
          <lines>
            <line number="19" hits="6" branch="false" />
            <line number="20" hits="6" branch="false" />
            <line number="21" hits="6" branch="false" />
            <line number="22" hits="6" branch="false" />
            <line number="24" hits="6" branch="false" />
            <line number="32" hits="1" branch="false" />
            <line number="33" hits="1" branch="false" />
            <line number="34" hits="1" branch="false" />
            <line number="43" hits="2" branch="false" />
            <line number="45" hits="2" branch="false" />
            <line number="46" hits="2" branch="true" condition-coverage="100% (2/2)" />
            <line number="47" hits="1" branch="false" />
            <line number="48" hits="1" branch="false" />
            <line number="49" hits="1" branch="false" />
            <line number="51" hits="1" branch="false" />
            <line number="52" hits="2" branch="false" />
            <line number="59" hits="1" branch="false" />
            <line number="60" hits="1" branch="false" />
            <line number="61" hits="1" branch="false" />
            <line number="70" hits="2" branch="false" />
            <line number="71" hits="2" branch="false" />
            <line number="72" hits="2" branch="false" />
          </lines>
        </class>
        <class name="Simplifly.Services.RouteService" filename="C:\Users\Tejas PC\Desktop\Hexaware\.Net_FullStack\Project\Backend-latest\Simplifly\Services\RouteService.cs" line-rate="0.833333333333333" branch-rate="0.6" complexity="16">
          <methods>
            <method name=".ctor" signature="(...)" line-rate="1" branch-rate="1" complexity="1">
              <lines>
                <line number="18" hits="6" branch="false" />
                <line number="19" hits="6" branch="false" />
                <line number="20" hits="6" branch="false" />
                <line number="21" hits="6" branch="false" />
                <line number="23" hits="6" branch="false" />
              </lines>
            </method>
            <method name=".ctor" signature="(...)" line-rate="1" branch-rate="1" complexity="1">
              <lines>
                <line number="24" hits="2" branch="false" />
                <line number="25" hits="2" branch="false" />
                <line number="26" hits="2" branch="false" />
                <line number="27" hits="2" branch="false" />
                <line number="28" hits="2" branch="false" />
                <line number="30" hits="2" branch="false" />
              </lines>
            </method>
            <method name="AddAirport" signature="()" line-rate="0.888888888888889" branch-rate="0.5" complexity="2">
              <lines>
                <line number="39" hits="1" branch="false" />
                <line number="40" hits="1" branch="false" />
                <line number="41" hits="3" branch="true" condition-coverage="50% (1/2)" />
                <line number="42" hits="1" branch="true" condition-coverage="50% (1/2)" />
                <line number="44" hits="1" branch="false" />
                <line number="45" hits="1" branch="false" />
                <line number="46" hits="1" branch="false" />
                <line number="48" hits="0" branch="false" />
                <line number="49" hits="1" branch="false" />
              </lines>
            </method>
            <method name="AddRoute" signature="()" line-rate="0.9" branch-rate="0.75" complexity="2">
              <lines>
                <line number="58" hits="4" branch="false" />
                <line number="59" hits="4" branch="false" />
                <line number="60" hits="8" branch="true" condition-coverage="100% (2/2)" />
                <line number="61" hits="8" branch="false" />
                <line number="63" hits="4" branch="true" condition-coverage="50% (1/2)" />
                <line number="64" hits="4" branch="false" />
                <line number="65" hits="4" branch="false" />
                <line number="66" hits="4" branch="false" />
                <line number="68" hits="0" branch="false" />
                <line number="69" hits="4" branch="false" />
              </lines>
            </method>
            <method name="GetAllAirports" signature="()" line-rate="1" branch-rate="1" complexity="1">
              <lines>
                <line number="76" hits="1" branch="false" />
                <line number="77" hits="1" branch="false" />
                <line number="78" hits="1" branch="false" />
                <line number="79" hits="1" branch="false" />
              </lines>
            </method>
            <method name="GetAllRoutes" signature="()" line-rate="1" branch-rate="1" complexity="1">
              <lines>
                <line number="87" hits="5" branch="false" />
                <line number="88" hits="5" branch="false" />
                <line number="89" hits="5" branch="false" />
                <line number="90" hits="5" branch="false" />
              </lines>
            </method>
            <method name="GetRouteById" signature="()" line-rate="0.857142857142857" branch-rate="0.5" complexity="2">
              <lines>
                <line number="99" hits="2" branch="false" />
                <line number="100" hits="2" branch="false" />
                <line number="102" hits="1" branch="true" condition-coverage="50% (1/2)" />
                <line number="103" hits="1" branch="false" />
                <line number="104" hits="1" branch="false" />
                <line number="106" hits="0" branch="false" />
                <line number="107" hits="1" branch="false" />
              </lines>
            </method>
            <method name="GetRouteIdByAirport" signature="()" line-rate="0.888888888888889" branch-rate="0.75" complexity="2">
              <lines>
                <line number="117" hits="1" branch="false" />
                <line number="118" hits="1" branch="false" />
                <line number="119" hits="4" branch="true" condition-coverage="100% (2/2)" />
                <line number="120" hits="4" branch="false" />
                <line number="121" hits="1" branch="true" condition-coverage="50% (1/2)" />
                <line number="122" hits="1" branch="false" />
                <line number="123" hits="1" branch="false" />
                <line number="125" hits="0" branch="false" />
                <line number="127" hits="1" branch="false" />
              </lines>
            </method>
            <method name="RemoveRoute" signature="()" line-rate="0.909090909090909" branch-rate="0.75" complexity="2">
              <lines>
                <line number="137" hits="1" branch="false" />
                <line number="138" hits="1" branch="false" />
                <line number="139" hits="3" branch="true" condition-coverage="100% (2/2)" />
                <line number="140" hits="3" branch="false" />
                <line number="142" hits="1" branch="true" condition-coverage="50% (1/2)" />
                <line number="143" hits="1" branch="false" />
                <line number="144" hits="1" branch="false" />
                <line number="145" hits="1" branch="false" />
                <line number="146" hits="1" branch="false" />
                <line number="148" hits="0" branch="false" />
                <line number="150" hits="1" branch="false" />
              </lines>
            </method>
            <method name="RemoveRouteById" signature="()" line-rate="0" branch-rate="0" complexity="2">
              <lines>
                <line number="158" hits="0" branch="false" />
                <line number="159" hits="0" branch="true" condition-coverage="0% (0/2)" />
                <line number="160" hits="0" branch="false" />
                <line number="161" hits="0" branch="false" />
                <line number="162" hits="0" branch="false" />
                <line number="163" hits="0" branch="false" />
                <line number="164" hits="0" branch="false" />
              </lines>
            </method>
          </methods>
          <lines>
            <line number="18" hits="6" branch="false" />
            <line number="19" hits="6" branch="false" />
            <line number="20" hits="6" branch="false" />
            <line number="21" hits="6" branch="false" />
            <line number="23" hits="6" branch="false" />
            <line number="24" hits="2" branch="false" />
            <line number="25" hits="2" branch="false" />
            <line number="26" hits="2" branch="false" />
            <line number="27" hits="2" branch="false" />
            <line number="28" hits="2" branch="false" />
            <line number="30" hits="2" branch="false" />
            <line number="39" hits="1" branch="false" />
            <line number="40" hits="1" branch="false" />
            <line number="41" hits="3" branch="true" condition-coverage="50% (1/2)" />
            <line number="42" hits="1" branch="true" condition-coverage="50% (1/2)" />
            <line number="44" hits="1" branch="false" />
            <line number="45" hits="1" branch="false" />
            <line number="46" hits="1" branch="false" />
            <line number="48" hits="0" branch="false" />
            <line number="49" hits="1" branch="false" />
            <line number="58" hits="4" branch="false" />
            <line number="59" hits="4" branch="false" />
            <line number="60" hits="8" branch="true" condition-coverage="100% (2/2)" />
            <line number="61" hits="8" branch="false" />
            <line number="63" hits="4" branch="true" condition-coverage="50% (1/2)" />
            <line number="64" hits="4" branch="false" />
            <line number="65" hits="4" branch="false" />
            <line number="66" hits="4" branch="false" />
            <line number="68" hits="0" branch="false" />
            <line number="69" hits="4" branch="false" />
            <line number="76" hits="1" branch="false" />
            <line number="77" hits="1" branch="false" />
            <line number="78" hits="1" branch="false" />
            <line number="79" hits="1" branch="false" />
            <line number="87" hits="5" branch="false" />
            <line number="88" hits="5" branch="false" />
            <line number="89" hits="5" branch="false" />
            <line number="90" hits="5" branch="false" />
            <line number="99" hits="2" branch="false" />
            <line number="100" hits="2" branch="false" />
            <line number="102" hits="1" branch="true" condition-coverage="50% (1/2)" />
            <line number="103" hits="1" branch="false" />
            <line number="104" hits="1" branch="false" />
            <line number="106" hits="0" branch="false" />
            <line number="107" hits="1" branch="false" />
            <line number="117" hits="1" branch="false" />
            <line number="118" hits="1" branch="false" />
            <line number="119" hits="4" branch="true" condition-coverage="100% (2/2)" />
            <line number="120" hits="4" branch="false" />
            <line number="121" hits="1" branch="true" condition-coverage="50% (1/2)" />
            <line number="122" hits="1" branch="false" />
            <line number="123" hits="1" branch="false" />
            <line number="125" hits="0" branch="false" />
            <line number="127" hits="1" branch="false" />
            <line number="137" hits="1" branch="false" />
            <line number="138" hits="1" branch="false" />
            <line number="139" hits="3" branch="true" condition-coverage="100% (2/2)" />
            <line number="140" hits="3" branch="false" />
            <line number="142" hits="1" branch="true" condition-coverage="50% (1/2)" />
            <line number="143" hits="1" branch="false" />
            <line number="144" hits="1" branch="false" />
            <line number="145" hits="1" branch="false" />
            <line number="146" hits="1" branch="false" />
            <line number="148" hits="0" branch="false" />
            <line number="150" hits="1" branch="false" />
            <line number="158" hits="0" branch="false" />
            <line number="159" hits="0" branch="true" condition-coverage="0% (0/2)" />
            <line number="160" hits="0" branch="false" />
            <line number="161" hits="0" branch="false" />
            <line number="162" hits="0" branch="false" />
            <line number="163" hits="0" branch="false" />
            <line number="164" hits="0" branch="false" />
          </lines>
        </class>
        <class name="Simplifly.Services.ScheduleServices" filename="C:\Users\Tejas PC\Desktop\Hexaware\.Net_FullStack\Project\Backend-latest\Simplifly\Services\ScheduleServices.cs" line-rate="0.389261744966443" branch-rate="0.078125" complexity="26">
          <methods>
            <method name="CalculateTotalPrice" signature="(...)" line-rate="0" branch-rate="0" complexity="4">
              <lines>
                <line number="188" hits="0" branch="false" />
                <line number="189" hits="0" branch="false" />
                <line number="190" hits="0" branch="false" />
                <line number="191" hits="0" branch="false" />
                <line number="192" hits="0" branch="false" />
                <line number="193" hits="0" branch="true" condition-coverage="0% (0/2)" />
                <line number="194" hits="0" branch="false" />
                <line number="195" hits="0" branch="true" condition-coverage="0% (0/2)" />
                <line number="196" hits="0" branch="false" />
                <line number="198" hits="0" branch="false" />
                <line number="200" hits="0" branch="false" />
                <line number="201" hits="0" branch="false" />
                <line number="202" hits="0" branch="false" />
                <line number="204" hits="0" branch="false" />
                <line number="205" hits="0" branch="false" />
              </lines>
            </method>
            <method name="AvailableSeats" signature="(...)" line-rate="0" branch-rate="1" complexity="1">
              <lines>
                <line number="214" hits="0" branch="false" />
                <line number="215" hits="0" branch="false" />
                <line number="216" hits="0" branch="false" />
                <line number="217" hits="0" branch="false" />
                <line number="219" hits="0" branch="false" />
                <line number="220" hits="0" branch="false" />
                <line number="221" hits="0" branch="false" />
              </lines>
            </method>
            <method name=".ctor" signature="(...)" line-rate="0" branch-rate="1" complexity="1">
              <lines>
                <line number="21" hits="0" branch="false" />
                <line number="22" hits="0" branch="false" />
                <line number="23" hits="0" branch="false" />
                <line number="24" hits="0" branch="false" />
                <line number="26" hits="0" branch="false" />
              </lines>
            </method>
            <method name=".ctor" signature="(...)" line-rate="1" branch-rate="1" complexity="1">
              <lines>
                <line number="27" hits="8" branch="false" />
                <line number="28" hits="8" branch="false" />
                <line number="29" hits="8" branch="false" />
                <line number="30" hits="8" branch="false" />
                <line number="31" hits="8" branch="false" />
                <line number="33" hits="8" branch="false" />
              </lines>
            </method>
            <method name="AddSchedule" signature="()" line-rate="0.923076923076923" branch-rate="0.0714285714285714" complexity="2">
              <lines>
                <line number="42" hits="1" branch="false" />
                <line number="44" hits="1" branch="false" />
                <line number="45" hits="1" branch="false" />
                <line number="46" hits="1" branch="true" condition-coverage="0% (0/12)" />
                <line number="47" hits="1" branch="false" />
                <line number="48" hits="1" branch="false" />
                <line number="49" hits="1" branch="false" />
                <line number="51" hits="1" branch="true" condition-coverage="50% (1/2)" />
                <line number="52" hits="1" branch="false" />
                <line number="54" hits="1" branch="false" />
                <line number="55" hits="1" branch="false" />
                <line number="57" hits="0" branch="false" />
                <line number="58" hits="1" branch="false" />
              </lines>
            </method>
            <method name="GetAllSchedules" signature="()" line-rate="1" branch-rate="1" complexity="1">
              <lines>
                <line number="65" hits="1" branch="false" />
                <line number="66" hits="1" branch="false" />
                <line number="67" hits="1" branch="false" />
                <line number="68" hits="1" branch="false" />
              </lines>
            </method>
            <method name="GetFlightSchedules" signature="()" line-rate="0" branch-rate="0" complexity="2">
              <lines>
                <line number="230" hits="0" branch="false" />
                <line number="231" hits="0" branch="false" />
                <line number="233" hits="0" branch="false" />
                <line number="234" hits="0" branch="false" />
                <line number="236" hits="0" branch="true" condition-coverage="0% (0/16)" />
                <line number="237" hits="0" branch="false" />
                <line number="238" hits="0" branch="false" />
                <line number="239" hits="0" branch="false" />
                <line number="240" hits="0" branch="false" />
                <line number="241" hits="0" branch="false" />
                <line number="242" hits="0" branch="false" />
                <line number="243" hits="0" branch="false" />
                <line number="244" hits="0" branch="false" />
                <line number="246" hits="0" branch="true" condition-coverage="0% (0/2)" />
                <line number="247" hits="0" branch="false" />
                <line number="249" hits="0" branch="false" />
                <line number="250" hits="0" branch="false" />
              </lines>
            </method>
            <method name="RemoveSchedule" signature="()" line-rate="0.363636363636364" branch-rate="0" complexity="2">
              <lines>
                <line number="258" hits="1" branch="false" />
                <line number="259" hits="1" branch="false" />
                <line number="260" hits="1" branch="false" />
                <line number="261" hits="1" branch="false" />
                <line number="262" hits="0" branch="true" condition-coverage="0% (0/2)" />
                <line number="263" hits="0" branch="false" />
                <line number="264" hits="0" branch="false" />
                <line number="265" hits="0" branch="false" />
                <line number="266" hits="0" branch="false" />
                <line number="267" hits="0" branch="false" />
                <line number="268" hits="0" branch="false" />
              </lines>
            </method>
            <method name="RemoveSchedule" signature="()" line-rate="0" branch-rate="0" complexity="2">
              <lines>
                <line number="277" hits="0" branch="false" />
                <line number="278" hits="0" branch="false" />
                <line number="279" hits="0" branch="false" />
                <line number="280" hits="0" branch="true" condition-coverage="0% (0/2)" />
                <line number="281" hits="0" branch="false" />
                <line number="282" hits="0" branch="true" condition-coverage="0% (0/2)" />
                <line number="283" hits="0" branch="false" />
                <line number="284" hits="0" branch="false" />
                <line number="285" hits="0" branch="false" />
                <line number="286" hits="0" branch="false" />
                <line number="287" hits="0" branch="false" />
                <line number="288" hits="0" branch="false" />
              </lines>
            </method>
            <method name="RemoveSchedule" signature="()" line-rate="0.875" branch-rate="0.5" complexity="2">
              <lines>
                <line number="77" hits="1" branch="false" />
                <line number="78" hits="1" branch="false" />
                <line number="79" hits="1" branch="true" condition-coverage="50% (1/2)" />
                <line number="80" hits="1" branch="false" />
                <line number="81" hits="1" branch="false" />
                <line number="82" hits="1" branch="false" />
                <line number="84" hits="0" branch="false" />
                <line number="85" hits="1" branch="false" />
              </lines>
            </method>
            <method name="SearchFlights" signature="()" line-rate="0" branch-rate="0" complexity="2">
              <lines>
                <line number="155" hits="0" branch="false" />
                <line number="156" hits="0" branch="false" />
                <line number="157" hits="0" branch="false" />
                <line number="158" hits="0" branch="true" condition-coverage="0% (0/12)" />
                <line number="159" hits="0" branch="false" />
                <line number="160" hits="0" branch="false" />
                <line number="161" hits="0" branch="false" />
[...]
            <line number="93" hits="1" branch="false" />
            <line number="94" hits="1" branch="false" />
            <line number="97" hits="1" branch="false" />
            <line number="100" hits="1" branch="false" />
            <line number="101" hits="1" branch="false" />
            <line number="105" hits="1" branch="false" />
            <line number="107" hits="1" branch="false" />
            <line number="108" hits="1" branch="false" />
            <line number="111" hits="1" branch="false" />
            <line number="114" hits="1" branch="false" />
            <line number="115" hits="1" branch="false" />
          </lines>
        </class>
        <class name="SimpliflyTest.Tests" filename="C:\Users\Tejas PC\Desktop\Hexaware\.Net_FullStack\Project\Backend-latest\SimpliflyTest\UnitTest1.cs" line-rate="0.8" branch-rate="1" complexity="2">
          <methods>
            <method name="Setup" signature="()" line-rate="1" branch-rate="1" complexity="1">
              <lines>
                <line number="7" hits="1" branch="false" />
                <line number="8" hits="1" branch="false" />
              </lines>
            </method>
            <method name="Test1" signature="()" line-rate="0.666666666666667" branch-rate="1" complexity="1">
              <lines>
                <line number="12" hits="1" branch="false" />
                <line number="13" hits="1" branch="false" />
                <line number="14" hits="0" branch="false" />
              </lines>
            </method>
          </methods>
          <lines>
            <line number="7" hits="1" branch="false" />
            <line number="8" hits="1" branch="false" />
            <line number="12" hits="1" branch="false" />
            <line number="13" hits="1" branch="false" />
            <line number="14" hits="0" branch="false" />
          </lines>
        </class>
        <class name="SimpliflyTest.TokenServiceTest" filename="C:\Users\Tejas PC\Desktop\Hexaware\.Net_FullStack\Project\Backend-latest\SimpliflyTest\TokenServiceTest.cs" line-rate="1" branch-rate="1" complexity="1">
          <methods>
            <method name="GenerateToken" signature="()" line-rate="1" branch-rate="1" complexity="1">
              <lines>
                <line number="18" hits="1" branch="false" />
                <line number="20" hits="1" branch="false" />
                <line number="21" hits="1" branch="false" />
                <line number="22" hits="1" branch="false" />
                <line number="24" hits="1" branch="false" />
                <line number="25" hits="1" branch="false" />
                <line number="26" hits="1" branch="false" />
                <line number="27" hits="1" branch="false" />
                <line number="28" hits="1" branch="false" />
                <line number="31" hits="1" branch="false" />
                <line number="34" hits="1" branch="false" />
                <line number="35" hits="1" branch="false" />
              </lines>
            </method>
          </methods>
          <lines>
            <line number="18" hits="1" branch="false" />
            <line number="20" hits="1" branch="false" />
            <line number="21" hits="1" branch="false" />
            <line number="22" hits="1" branch="false" />
            <line number="24" hits="1" branch="false" />
            <line number="25" hits="1" branch="false" />
            <line number="26" hits="1" branch="false" />
            <line number="27" hits="1" branch="false" />
            <line number="28" hits="1" branch="false" />
            <line number="31" hits="1" branch="false" />
            <line number="34" hits="1" branch="false" />
            <line number="35" hits="1" branch="false" />
          </lines>
        </class>
        <class name="SimpliflyTest.UserServiceTest" filename="C:\Users\Tejas PC\Desktop\Hexaware\.Net_FullStack\Project\Backend-latest\SimpliflyTest\UserServiceTest.cs" line-rate="0.983471074380165" branch-rate="1" complexity="8">
          <methods>
            <method name="Setup" signature="()" line-rate="1" branch-rate="1" complexity="1">
              <lines>
                <line number="30" hits="7" branch="false" />
                <line number="31" hits="7" branch="false" />
                <line number="32" hits="7" branch="false" />
                <line number="33" hits="7" branch="false" />
                <line number="34" hits="7" branch="false" />
                <line number="35" hits="7" branch="false" />
                <line number="36" hits="7" branch="false" />
                <line number="38" hits="7" branch="false" />
                <line number="39" hits="7" branch="false" />
                <line number="40" hits="7" branch="false" />
                <line number="41" hits="7" branch="false" />
                <line number="42" hits="7" branch="false" />
                <line number="43" hits="7" branch="false" />
                <line number="44" hits="7" branch="false" />
                <line number="45" hits="7" branch="false" />
                <line number="46" hits="7" branch="false" />
              </lines>
            </method>
            <method name="InvalidUserExceptionTest" signature="()" line-rate="1" branch-rate="1" complexity="1">
              <lines>
                <line number="199" hits="1" branch="false" />
                <line number="201" hits="1" branch="false" />
                <line number="202" hits="1" branch="false" />
                <line number="203" hits="1" branch="false" />
                <line number="204" hits="1" branch="false" />
                <line number="205" hits="1" branch="false" />
                <line number="206" hits="1" branch="false" />
                <line number="208" hits="1" branch="false" />
                <line number="211" hits="2" branch="false" />
                <line number="212" hits="1" branch="false" />
              </lines>
            </method>
            <method name="ComparePasswordTest" signature="()" line-rate="1" branch-rate="1" complexity="1">
              <lines>
                <line number="189" hits="1" branch="false" />
                <line number="190" hits="1" branch="false" />
                <line number="191" hits="1" branch="false" />
                <line number="193" hits="1" branch="false" />
                <line number="194" hits="1" branch="false" />
                <line number="195" hits="1" branch="false" />
              </lines>
            </method>
            <method name="LoginTest" signature="()" line-rate="0.894736842105263" branch-rate="1" complexity="1">
              <lines>
                <line number="50" hits="1" branch="false" />
                <line number="52" hits="1" branch="false" />
                <line number="53" hits="1" branch="false" />
                <line number="54" hits="1" branch="false" />
                <line number="55" hits="1" branch="false" />
                <line number="56" hits="1" branch="false" />
                <line number="57" hits="1" branch="false" />
                <line number="59" hits="1" branch="false" />
                <line number="60" hits="1" branch="false" />
                <line number="61" hits="1" branch="false" />
                <line number="62" hits="1" branch="false" />
                <line number="63" hits="1" branch="false" />
                <line number="64" hits="1" branch="false" />
                <line number="65" hits="1" branch="false" />
                <line number="67" hits="1" branch="false" />
                <line number="68" hits="1" branch="false" />
                <line number="71" hits="1" branch="false" />
                <line number="74" hits="0" branch="false" />
                <line number="75" hits="0" branch="false" />
              </lines>
            </method>
            <method name="RegisterAdminTest" signature="()" line-rate="1" branch-rate="1" complexity="1">
              <lines>
                <line number="79" hits="1" branch="false" />
                <line number="81" hits="1" branch="false" />
                <line number="82" hits="1" branch="false" />
                <line number="83" hits="1" branch="false" />
                <line number="84" hits="1" branch="false" />
                <line number="85" hits="1" branch="false" />
                <line number="86" hits="1" branch="false" />
                <line number="87" hits="1" branch="false" />
                <line number="88" hits="1" branch="false" />
                <line number="89" hits="1" branch="false" />
                <line number="90" hits="1" branch="false" />
                <line number="91" hits="1" branch="false" />
                <line number="93" hits="1" branch="false" />
                <line number="94" hits="1" branch="false" />
                <line number="95" hits="1" branch="false" />
                <line number="96" hits="1" branch="false" />
                <line number="98" hits="1" branch="false" />
                <line number="99" hits="1" branch="false" />
                <line number="100" hits="2" branch="false" />
                <line number="101" hits="1" branch="false" />
                <line number="102" hits="1" branch="false" />
                <line number="105" hits="1" branch="false" />
                <line number="108" hits="1" branch="false" />
                <line number="109" hits="1" branch="false" />
              </lines>
            </method>
            <method name="RegisterCustomerTest" signature="()" line-rate="1" branch-rate="1" complexity="1">
              <lines>
                <line number="165" hits="1" branch="false" />
                <line number="167" hits="1" branch="false" />
                <line number="168" hits="1" branch="false" />
                <line number="169" hits="1" branch="false" />
                <line number="170" hits="1" branch="false" />
                <line number="171" hits="1" branch="false" />
                <line number="172" hits="1" branch="false" />
                <line number="174" hits="1" branch="false" />
                <line number="175" hits="2" branch="false" />
                <line number="177" hits="1" branch="false" />
                <line number="178" hits="1" branch="false" />
                <line number="181" hits="1" branch="false" />
                <line number="184" hits="1" branch="false" />
                <line number="185" hits="1" branch="false" />
              </lines>
            </method>
            <method name="RegisterFlightOwnerTest" signature="()" line-rate="1" branch-rate="1" complexity="1">
              <lines>
                <line number="142" hits="1" branch="false" />
                <line number="144" hits="1" branch="false" />
                <line number="145" hits="1" branch="false" />
                <line number="146" hits="1" branch="false" />
                <line number="147" hits="1" branch="false" />
                <line number="148" hits="1" branch="false" />
                <line number="149" hits="1" branch="false" />
                <line number="151" hits="1" branch="false" />
                <line number="152" hits="2" branch="false" />
                <line number="153" hits="1" branch="false" />
                <line number="154" hits="1" branch="false" />
                <line number="157" hits="1" branch="false" />
                <line number="160" hits="1" branch="false" />
                <line number="161" hits="1" branch="false" />
              </lines>
            </method>
            <method name="UpdatePasswordTest" signature="()" line-rate="1" branch-rate="1" complexity="1">
              <lines>
                <line number="113" hits="1" branch="false" />
                <line number="115" hits="1" branch="false" />
                <line number="116" hits="1" branch="false" />
                <line number="117" hits="1" branch="false" />
                <line number="118" hits="1" branch="false" />
                <line number="119" hits="1" branch="false" />
                <line number="121" hits="1" branch="false" />
                <line number="122" hits="1" branch="false" />
                <line number="123" hits="1" branch="false" />
                <line number="124" hits="1" branch="false" />
                <line number="126" hits="1" branch="false" />
                <line number="127" hits="1" branch="false" />
                <line number="129" hits="1" branch="false" />
                <line number="130" hits="2" branch="false" />
                <line number="133" hits="1" branch="false" />
                <line number="136" hits="1" branch="false" />
                <line number="137" hits="1" branch="false" />
                <line number="138" hits="1" branch="false" />
              </lines>
            </method>
          </methods>
          <lines>
            <line number="30" hits="7" branch="false" />
            <line number="31" hits="7" branch="false" />
            <line number="32" hits="7" branch="false" />
            <line number="33" hits="7" branch="false" />
            <line number="34" hits="7" branch="false" />
            <line number="35" hits="7" branch="false" />
            <line number="36" hits="7" branch="false" />
            <line number="38" hits="7" branch="false" />
            <line number="39" hits="7" branch="false" />
            <line number="40" hits="7" branch="false" />
            <line number="41" hits="7" branch="false" />
            <line number="42" hits="7" branch="false" />
            <line number="43" hits="7" branch="false" />
            <line number="44" hits="7" branch="false" />
            <line number="45" hits="7" branch="false" />
            <line number="46" hits="7" branch="false" />
            <line number="50" hits="1" branch="false" />
            <line number="52" hits="1" branch="false" />
            <line number="53" hits="1" branch="false" />
            <line number="54" hits="1" branch="false" />
            <line number="55" hits="1" branch="false" />
            <line number="56" hits="1" branch="false" />
            <line number="57" hits="1" branch="false" />
            <line number="59" hits="1" branch="false" />
            <line number="60" hits="1" branch="false" />
            <line number="61" hits="1" branch="false" />
            <line number="62" hits="1" branch="false" />
            <line number="63" hits="1" branch="false" />
            <line number="64" hits="1" branch="false" />
            <line number="65" hits="1" branch="false" />
            <line number="67" hits="1" branch="false" />
            <line number="68" hits="1" branch="false" />
            <line number="71" hits="1" branch="false" />
            <line number="74" hits="0" branch="false" />
            <line number="75" hits="0" branch="false" />
            <line number="79" hits="1" branch="false" />
            <line number="81" hits="1" branch="false" />
            <line number="82" hits="1" branch="false" />
            <line number="83" hits="1" branch="false" />
            <line number="84" hits="1" branch="false" />
            <line number="85" hits="1" branch="false" />
            <line number="86" hits="1" branch="false" />
            <line number="87" hits="1" branch="false" />
            <line number="88" hits="1" branch="false" />
            <line number="89" hits="1" branch="false" />
            <line number="90" hits="1" branch="false" />
            <line number="91" hits="1" branch="false" />
            <line number="93" hits="1" branch="false" />
            <line number="94" hits="1" branch="false" />
            <line number="95" hits="1" branch="false" />
            <line number="96" hits="1" branch="false" />
            <line number="98" hits="1" branch="false" />
            <line number="99" hits="1" branch="false" />
            <line number="100" hits="2" branch="false" />
            <line number="101" hits="1" branch="false" />
            <line number="102" hits="1" branch="false" />
            <line number="105" hits="1" branch="false" />
            <line number="108" hits="1" branch="false" />
            <line number="109" hits="1" branch="false" />
            <line number="113" hits="1" branch="false" />
            <line number="115" hits="1" branch="false" />
            <line number="116" hits="1" branch="false" />
            <line number="117" hits="1" branch="false" />
            <line number="118" hits="1" branch="false" />
            <line number="119" hits="1" branch="false" />
            <line number="121" hits="1" branch="false" />
            <line number="122" hits="1" branch="false" />
            <line number="123" hits="1" branch="false" />
            <line number="124" hits="1" branch="false" />
            <line number="126" hits="1" branch="false" />
            <line number="127" hits="1" branch="false" />
            <line number="129" hits="1" branch="false" />
            <line number="130" hits="2" branch="false" />
            <line number="133" hits="1" branch="false" />
            <line number="136" hits="1" branch="false" />
            <line number="137" hits="1" branch="false" />
            <line number="138" hits="1" branch="false" />
            <line number="142" hits="1" branch="false" />
            <line number="144" hits="1" branch="false" />
            <line number="145" hits="1" branch="false" />
            <line number="146" hits="1" branch="false" />
            <line number="147" hits="1" branch="false" />
            <line number="148" hits="1" branch="false" />
            <line number="149" hits="1" branch="false" />
            <line number="151" hits="1" branch="false" />
            <line number="152" hits="2" branch="false" />
            <line number="153" hits="1" branch="false" />
            <line number="154" hits="1" branch="false" />
            <line number="157" hits="1" branch="false" />
            <line number="160" hits="1" branch="false" />
            <line number="161" hits="1" branch="false" />
            <line number="165" hits="1" branch="false" />
            <line number="167" hits="1" branch="false" />
            <line number="168" hits="1" branch="false" />
            <line number="169" hits="1" branch="false" />
            <line number="170" hits="1" branch="false" />
            <line number="171" hits="1" branch="false" />
            <line number="172" hits="1" branch="false" />
            <line number="174" hits="1" branch="false" />
            <line number="175" hits="2" branch="false" />
            <line number="177" hits="1" branch="false" />
            <line number="178" hits="1" branch="false" />
            <line number="181" hits="1" branch="false" />
            <line number="184" hits="1" branch="false" />
            <line number="185" hits="1" branch="false" />
            <line number="189" hits="1" branch="false" />
            <line number="190" hits="1" branch="false" />
            <line number="191" hits="1" branch="false" />
            <line number="193" hits="1" branch="false" />
            <line number="194" hits="1" branch="false" />
            <line number="195" hits="1" branch="false" />
            <line number="199" hits="1" branch="false" />
            <line number="201" hits="1" branch="false" />
            <line number="202" hits="1" branch="false" />
            <line number="203" hits="1" branch="false" />
            <line number="204" hits="1" branch="false" />
            <line number="205" hits="1" branch="false" />
            <line number="206" hits="1" branch="false" />
            <line number="208" hits="1" branch="false" />
            <line number="211" hits="2" branch="false" />
            <line number="212" hits="1" branch="false" />
          </lines>
        </class>
      </classes>
    </package>
  </packages>
</coverage>