TpTrace Verbose: 0 : 13280, 1, 2024/03/04, 17:39:54.362, 9743643803258, vstest.console.dll, Version: 17.8.0-release-23523-03 Current process architecture: X64
TpTrace Verbose: 0 : 13280, 1, 2024/03/04, 17:39:54.369, 9743643865441, vstest.console.dll, Runtime location: C:\Program Files\dotnet\shared\Microsoft.NETCore.App\8.0.0
TpTrace Verbose: 0 : 13280, 1, 2024/03/04, 17:39:54.379, 9743643967351, vstest.console.dll, ArtifactProcessingPostProcessModeProcessorExecutor.Initialize: ArtifactProcessingMode.Collect
TpTrace Verbose: 0 : 13280, 1, 2024/03/04, 17:39:54.379, 9743643969638, vstest.console.dll, TestSessionCorrelationIdProcessorModeProcessorExecutor.Initialize: TestSessionCorrelationId '8360_c4ba11c3-980e-4248-9fa9-34eebed87e33'
TpTrace Information: 0 : 13280, 1, 2024/03/04, 17:39:54.400, 9743644174724, vstest.console.dll, FilePatternParser: The given file C:\Users\Tejas PC\Desktop\Hexaware\.Net_FullStack\Project\Backend-latest\SimpliflyTest\bin\Debug\net6.0\fine-code-coverage\build-output\SimpliflyTest.dll is a full path.
TpTrace Verbose: 0 : 13280, 1, 2024/03/04, 17:39:54.432, 9743644498901, vstest.console.dll, TestPluginCache.DiscoverTestExtensions: finding test extensions in assemblies ends with: RuntimeProvider.dll TPluginInfo: Microsoft.VisualStudio.TestPlatform.Common.ExtensionFramework.Utilities.TestRuntimePluginInformation TExtension: Microsoft.VisualStudio.TestPlatform.ObjectModel.Host.ITestRuntimeProvider
TpTrace Verbose: 0 : 13280, 1, 2024/03/04, 17:39:54.433, 9743644510613, vstest.console.dll, TestPluginCache.GetExtensionPaths: Filtered extension paths: 
TpTrace Verbose: 0 : 13280, 1, 2024/03/04, 17:39:54.434, 9743644515436, vstest.console.dll, TestPluginCache.GetExtensionPaths: Added default extension paths: C:\Program Files\dotnet\sdk\8.0.100\Extensions\Microsoft.Diagnostics.NETCore.Client.dll
C:\Program Files\dotnet\sdk\8.0.100\Extensions\Microsoft.TestPlatform.Extensions.BlameDataCollector.dll
C:\Program Files\dotnet\sdk\8.0.100\Extensions\Microsoft.TestPlatform.Extensions.EventLogCollector.dll
C:\Program Files\dotnet\sdk\8.0.100\Extensions\Microsoft.TestPlatform.TestHostRuntimeProvider.dll
C:\Program Files\dotnet\sdk\8.0.100\Extensions\Microsoft.VisualStudio.TestPlatform.Extensions.Html.TestLogger.dll
C:\Program Files\dotnet\sdk\8.0.100\Extensions\Microsoft.VisualStudio.TestPlatform.Extensions.Trx.TestLogger.dll
TpTrace Verbose: 0 : 13280, 1, 2024/03/04, 17:39:54.434, 9743644518470, vstest.console.dll, TestPluginCache.GetExtensionPaths: Added unfilterableExtensionPaths: 
TpTrace Information: 0 : 13280, 1, 2024/03/04, 17:39:54.437, 9743644552676, vstest.console.dll, AssemblyResolver.ctor: Creating AssemblyResolver with searchDirectories C:\Program Files\dotnet\sdk\8.0.100\Extensions,C:\Program Files\dotnet\sdk\8.0.100
TpTrace Verbose: 0 : 13280, 1, 2024/03/04, 17:39:54.448, 9743644658797, vstest.console.dll, TestPluginCache.DiscoverTestExtensions: Discovering the extensions using extension path.
TpTrace Verbose: 0 : 13280, 1, 2024/03/04, 17:39:54.448, 9743644664029, vstest.console.dll, TestPluginCache.GetExtensionPaths: Filtered extension paths: 
TpTrace Verbose: 0 : 13280, 1, 2024/03/04, 17:39:54.449, 9743644665668, vstest.console.dll, TestPluginCache.GetExtensionPaths: Added default extension paths: C:\Program Files\dotnet\sdk\8.0.100\Extensions\Microsoft.Diagnostics.NETCore.Client.dll
C:\Program Files\dotnet\sdk\8.0.100\Extensions\Microsoft.TestPlatform.Extensions.BlameDataCollector.dll
C:\Program Files\dotnet\sdk\8.0.100\Extensions\Microsoft.TestPlatform.Extensions.EventLogCollector.dll
C:\Program Files\dotnet\sdk\8.0.100\Extensions\Microsoft.TestPlatform.TestHostRuntimeProvider.dll
C:\Program Files\dotnet\sdk\8.0.100\Extensions\Microsoft.VisualStudio.TestPlatform.Extensions.Html.TestLogger.dll
C:\Program Files\dotnet\sdk\8.0.100\Extensions\Microsoft.VisualStudio.TestPlatform.Extensions.Trx.TestLogger.dll
TpTrace Verbose: 0 : 13280, 1, 2024/03/04, 17:39:54.449, 9743644667124, vstest.console.dll, TestPluginCache.GetExtensionPaths: Added unfilterableExtensionPaths: 
TpTrace Verbose: 0 : 13280, 1, 2024/03/04, 17:39:54.449, 9743644669648, vstest.console.dll, TestPluginCache.DiscoverTestExtensions: Discovering the extensions using allExtensionPaths: C:\Program Files\dotnet\sdk\8.0.100\Extensions\Microsoft.Diagnostics.NETCore.Client.dll
C:\Program Files\dotnet\sdk\8.0.100\Extensions\Microsoft.TestPlatform.Extensions.BlameDataCollector.dll
C:\Program Files\dotnet\sdk\8.0.100\Extensions\Microsoft.TestPlatform.Extensions.EventLogCollector.dll
C:\Program Files\dotnet\sdk\8.0.100\Extensions\Microsoft.TestPlatform.TestHostRuntimeProvider.dll
C:\Program Files\dotnet\sdk\8.0.100\Extensions\Microsoft.VisualStudio.TestPlatform.Extensions.Html.TestLogger.dll
C:\Program Files\dotnet\sdk\8.0.100\Extensions\Microsoft.VisualStudio.TestPlatform.Extensions.Trx.TestLogger.dll
TpTrace Information: 0 : 13280, 1, 2024/03/04, 17:39:54.450, 9743644676118, vstest.console.dll, AssemblyResolver.AddSearchDirectories: Adding more searchDirectories C:\Program Files\dotnet\sdk\8.0.100\Extensions,C:\Program Files\dotnet\sdk\8.0.100
TpTrace Information: 0 : 13280, 1, 2024/03/04, 17:39:54.450, 9743644678934, vstest.console.dll, AssemblyResolver.AddSearchDirectories: Adding more searchDirectories C:\Program Files\dotnet\sdk\8.0.100\Extensions,C:\Program Files\dotnet\sdk\8.0.100
TpTrace Information: 0 : 13280, 1, 2024/03/04, 17:39:54.450, 9743644680360, vstest.console.dll, AssemblyResolver.AddSearchDirectories: Adding more searchDirectories C:\Program Files\dotnet\sdk\8.0.100\Extensions,C:\Program Files\dotnet\sdk\8.0.100
TpTrace Information: 0 : 13280, 1, 2024/03/04, 17:39:54.450, 9743644681794, vstest.console.dll, AssemblyResolver.AddSearchDirectories: Adding more searchDirectories C:\Program Files\dotnet\sdk\8.0.100\Extensions,C:\Program Files\dotnet\sdk\8.0.100
TpTrace Information: 0 : 13280, 1, 2024/03/04, 17:39:54.450, 9743644682935, vstest.console.dll, AssemblyResolver.AddSearchDirectories: Adding more searchDirectories C:\Program Files\dotnet\sdk\8.0.100\Extensions,C:\Program Files\dotnet\sdk\8.0.100
TpTrace Information: 0 : 13280, 1, 2024/03/04, 17:39:54.450, 9743644684062, vstest.console.dll, AssemblyResolver.AddSearchDirectories: Adding more searchDirectories C:\Program Files\dotnet\sdk\8.0.100\Extensions,C:\Program Files\dotnet\sdk\8.0.100
TpTrace Information: 0 : 13280, 1, 2024/03/04, 17:39:54.453, 9743644710184, vstest.console.dll, AssemblyResolver.OnResolve: Microsoft.Diagnostics.NETCore.Client: Resolving assembly.
TpTrace Information: 0 : 13280, 1, 2024/03/04, 17:39:54.453, 9743644713569, vstest.console.dll, AssemblyResolver.OnResolve: Microsoft.Diagnostics.NETCore.Client: Searching in: 'C:\Program Files\dotnet\sdk\8.0.100\Extensions'.
TpTrace Information: 0 : 13280, 1, 2024/03/04, 17:39:54.510, 9743645279369, vstest.console.dll, AssemblyResolver.OnResolve: Microsoft.Diagnostics.NETCore.Client: Loading assembly 'C:\Program Files\dotnet\sdk\8.0.100\Extensions\Microsoft.Diagnostics.NETCore.Client.dll'.
TpTrace Information: 0 : 13280, 1, 2024/03/04, 17:39:54.517, 9743645353548, vstest.console.dll, AssemblyResolver.OnResolve: Resolved assembly: Microsoft.Diagnostics.NETCore.Client, from path: C:\Program Files\dotnet\sdk\8.0.100\Extensions\Microsoft.Diagnostics.NETCore.Client.dll
TpTrace Verbose: 0 : 13280, 1, 2024/03/04, 17:39:54.536, 9743645541978, vstest.console.dll, MetadataReaderExtensionsHelper: Discovering extensions inside assembly 'Microsoft.Diagnostics.NETCore.Client, Version=0.2.8.21101, Culture=neutral, PublicKeyToken=31bf3856ad364e35' file path 'C:\Program Files\dotnet\sdk\8.0.100\Extensions\Microsoft.Diagnostics.NETCore.Client.dll'
TpTrace Information: 0 : 13280, 1, 2024/03/04, 17:39:54.568, 9743645856027, vstest.console.dll, AssemblyResolver.OnResolve: Microsoft.Bcl.AsyncInterfaces: Resolving assembly.
TpTrace Information: 0 : 13280, 1, 2024/03/04, 17:39:54.568, 9743645859150, vstest.console.dll, AssemblyResolver.OnResolve: Microsoft.Bcl.AsyncInterfaces: Searching in: 'C:\Program Files\dotnet\sdk\8.0.100\Extensions'.
TpTrace Information: 0 : 13280, 1, 2024/03/04, 17:39:54.568, 9743645862912, vstest.console.dll, AssemblyResolver.OnResolve: Microsoft.Bcl.AsyncInterfaces: Assembly path does not exist: 'C:\Program Files\dotnet\sdk\8.0.100\Extensions\Microsoft.Bcl.AsyncInterfaces.dll', returning.
TpTrace Information: 0 : 13280, 1, 2024/03/04, 17:39:54.569, 9743645868003, vstest.console.dll, AssemblyResolver.OnResolve: Microsoft.Bcl.AsyncInterfaces: Assembly path does not exist: 'C:\Program Files\dotnet\sdk\8.0.100\Extensions\Microsoft.Bcl.AsyncInterfaces.exe', returning.
TpTrace Information: 0 : 13280, 1, 2024/03/04, 17:39:54.569, 9743645870061, vstest.console.dll, AssemblyResolver.OnResolve: Microsoft.Bcl.AsyncInterfaces: Searching in: 'C:\Program Files\dotnet\sdk\8.0.100'.
TpTrace Information: 0 : 13280, 1, 2024/03/04, 17:39:54.569, 9743645872424, vstest.console.dll, AssemblyResolver.OnResolve: Microsoft.Bcl.AsyncInterfaces: Assembly path does not exist: 'C:\Program Files\dotnet\sdk\8.0.100\Microsoft.Bcl.AsyncInterfaces.dll', returning.
TpTrace Information: 0 : 13280, 1, 2024/03/04, 17:39:54.570, 9743645876359, vstest.console.dll, AssemblyResolver.OnResolve: Microsoft.Bcl.AsyncInterfaces: Assembly path does not exist: 'C:\Program Files\dotnet\sdk\8.0.100\Microsoft.Bcl.AsyncInterfaces.exe', returning.
TpTrace Information: 0 : 13280, 1, 2024/03/04, 17:39:54.570, 9743645879093, vstest.console.dll, AssemblyResolver.OnResolve: Microsoft.Bcl.AsyncInterfaces: Failed to load assembly.
TpTrace Verbose: 0 : 13280, 1, 2024/03/04, 17:39:54.570, 9743645881274, vstest.console.dll, CurrentDomainAssemblyResolve: Resolving assembly 'Microsoft.Bcl.AsyncInterfaces'.
TpTrace Information: 0 : 13280, 1, 2024/03/04, 17:39:54.571, 9743645885056, vstest.console.dll, AssemblyResolver.OnResolve: Microsoft.Bcl.AsyncInterfaces: Resolving assembly.
TpTrace Information: 0 : 13280, 1, 2024/03/04, 17:39:54.571, 9743645887615, vstest.console.dll, AssemblyResolver.OnResolve: Microsoft.Bcl.AsyncInterfaces: Resolved from cache.
TpTrace Verbose: 0 : 13280, 1, 2024/03/04, 17:39:54.571, 9743645889524, vstest.console.dll, CurrentDomainAssemblyResolve: Resolving assembly 'Microsoft.Bcl.AsyncInterfaces'.
TpTrace Verbose: 0 : 13280, 1, 2024/03/04, 17:39:54.571, 9743645891806, vstest.console.dll, CurrentDomainAssemblyResolve: Failed to resolve assembly 'Microsoft.Bcl.AsyncInterfaces'.
TpTrace Verbose: 0 : 13280, 1, 2024/03/04, 17:39:54.588, 9743646054815, vstest.console.dll, CurrentDomainAssemblyResolve: Failed to resolve assembly 'Microsoft.Bcl.AsyncInterfaces'.
TpTrace Warning: 0 : 13280, 1, 2024/03/04, 17:39:54.677, 9743646948889, vstest.console.dll, TestPluginDiscoverer: Failed to get types from assembly 'Microsoft.Diagnostics.NETCore.Client, Version=0.2.8.21101, Culture=neutral, PublicKeyToken=31bf3856ad364e35'. Error: System.Reflection.ReflectionTypeLoadException: Unable to load one or more of the requested types.
Could not load file or assembly 'Microsoft.Bcl.AsyncInterfaces, Version=1.0.0.0, Culture=neutral, PublicKeyToken=cc7b13ffcd2ddd51'. The system cannot find the file specified.
   at System.Reflection.RuntimeModule.GetTypes(RuntimeModule module)
   at System.Reflection.RuntimeModule.GetTypes()
   at Microsoft.VisualStudio.TestPlatform.Common.ExtensionFramework.TestPluginDiscoverer.GetTestExtensionsFromAssembly[TPluginInfo,TExtension](Assembly assembly, Dictionary`2 pluginInfos, String filePath) in /_/src/Microsoft.TestPlatform.Common/ExtensionFramework/TestPluginDiscoverer.cs:line 158
System.IO.FileNotFoundException: Could not load file or assembly 'Microsoft.Bcl.AsyncInterfaces, Version=1.0.0.0, Culture=neutral, PublicKeyToken=cc7b13ffcd2ddd51'. The system cannot find the file specified.
File name: 'Microsoft.Bcl.AsyncInterfaces, Version=1.0.0.0, Culture=neutral, PublicKeyToken=cc7b13ffcd2ddd51'
 ---> System.IO.FileNotFoundException: Could not load file or assembly 'Microsoft.Bcl.AsyncInterfaces, Culture=neutral, PublicKeyToken=null'. The system cannot find the file specified.
File name: 'Microsoft.Bcl.AsyncInterfaces, Culture=neutral, PublicKeyToken=null'
   at System.Reflection.RuntimeAssembly.InternalLoad(AssemblyName assemblyName, StackCrawlMark& stackMark, AssemblyLoadContext assemblyLoadContext, RuntimeAssembly requestingAssembly, Boolean throwOnFileNotFound)
   at System.Reflection.Assembly.Load(AssemblyName assemblyRef)
   at Microsoft.VisualStudio.TestPlatform.Common.ExtensionFramework.TestPluginCache.CurrentDomainAssemblyResolve(Object sender, AssemblyResolveEventArgs args) in /_/src/Microsoft.TestPlatform.Common/ExtensionFramework/TestPluginCache.cs:line 513
   at System.Runtime.Loader.AssemblyLoadContext.GetFirstResolvedAssemblyFromResolvingEvent(AssemblyName assemblyName)
   at System.Runtime.Loader.AssemblyLoadContext.ResolveUsingEvent(AssemblyName assemblyName)
   at System.Runtime.Loader.AssemblyLoadContext.ResolveUsingResolvingEvent(IntPtr gchManagedAssemblyLoadContext, AssemblyName assemblyName)
TpTrace Warning: 0 : 13280, 1, 2024/03/04, 17:39:54.678, 9743646957728, vstest.console.dll, LoaderExceptions: System.IO.FileNotFoundException: Could not load file or assembly 'Microsoft.Bcl.AsyncInterfaces, Version=1.0.0.0, Culture=neutral, PublicKeyToken=cc7b13ffcd2ddd51'. The system cannot find the file specified.
File name: 'Microsoft.Bcl.AsyncInterfaces, Version=1.0.0.0, Culture=neutral, PublicKeyToken=cc7b13ffcd2ddd51'
 ---> System.IO.FileNotFoundException: Could not load file or assembly 'Microsoft.Bcl.AsyncInterfaces, Culture=neutral, PublicKeyToken=null'. The system cannot find the file specified.
File name: 'Microsoft.Bcl.AsyncInterfaces, Culture=neutral, PublicKeyToken=null'
   at System.Reflection.RuntimeAssembly.InternalLoad(AssemblyName assemblyName, StackCrawlMark& stackMark, AssemblyLoadContext assemblyLoadContext, RuntimeAssembly requestingAssembly, Boolean throwOnFileNotFound)
   at System.Reflection.Assembly.Load(AssemblyName assemblyRef)
   at Microsoft.VisualStudio.TestPlatform.Common.ExtensionFramework.TestPluginCache.CurrentDomainAssemblyResolve(Object sender, AssemblyResolveEventArgs args) in /_/src/Microsoft.TestPlatform.Common/ExtensionFramework/TestPluginCache.cs:line 513
   at System.Runtime.Loader.AssemblyLoadContext.GetFirstResolvedAssemblyFromResolvingEvent(AssemblyName assemblyName)
   at System.Runtime.Loader.AssemblyLoadContext.ResolveUsingEvent(AssemblyName assemblyName)
   at System.Runtime.Loader.AssemblyLoadContext.ResolveUsingResolvingEvent(IntPtr gchManagedAssemblyLoadContext, AssemblyName assemblyName)
TpTrace Information: 0 : 13280, 1, 2024/03/04, 17:39:54.678, 9743646961758, vstest.console.dll, AssemblyResolver.OnResolve: Microsoft.TestPlatform.Extensions.BlameDataCollector: Resolving assembly.
TpTrace Information: 0 : 13280, 1, 2024/03/04, 17:39:54.678, 9743646962909, vstest.console.dll, AssemblyResolver.OnResolve: Microsoft.TestPlatform.Extensions.BlameDataCollector: Searching in: 'C:\Program Files\dotnet\sdk\8.0.100\Extensions'.
TpTrace Information: 0 : 13280, 1, 2024/03/04, 17:39:54.681, 9743646988345, vstest.console.dll, AssemblyResolver.OnResolve: Microsoft.TestPlatform.Extensions.BlameDataCollector: Loading assembly 'C:\Program Files\dotnet\sdk\8.0.100\Extensions\Microsoft.TestPlatform.Extensions.BlameDataCollector.dll'.
TpTrace Information: 0 : 13280, 1, 2024/03/04, 17:39:54.684, 9743647016095, vstest.console.dll, AssemblyResolver.OnResolve: Resolved assembly: Microsoft.TestPlatform.Extensions.BlameDataCollector, from path: C:\Program Files\dotnet\sdk\8.0.100\Extensions\Microsoft.TestPlatform.Extensions.BlameDataCollector.dll
TpTrace Verbose: 0 : 13280, 1, 2024/03/04, 17:39:54.684, 9743647019295, vstest.console.dll, MetadataReaderExtensionsHelper: Discovering extensions inside assembly 'Microsoft.TestPlatform.Extensions.BlameDataCollector, Version=15.0.0.0, Culture=neutral, PublicKeyToken=b03f5f7f11d50a3a' file path 'C:\Program Files\dotnet\sdk\8.0.100\Extensions\Microsoft.TestPlatform.Extensions.BlameDataCollector.dll'
TpTrace Information: 0 : 13280, 1, 2024/03/04, 17:39:54.689, 9743647067263, vstest.console.dll, AssemblyResolver.OnResolve: Microsoft.TestPlatform.Extensions.EventLogCollector: Resolving assembly.
TpTrace Information: 0 : 13280, 1, 2024/03/04, 17:39:54.689, 9743647069181, vstest.console.dll, AssemblyResolver.OnResolve: Microsoft.TestPlatform.Extensions.EventLogCollector: Searching in: 'C:\Program Files\dotnet\sdk\8.0.100\Extensions'.
TpTrace Information: 0 : 13280, 1, 2024/03/04, 17:39:54.691, 9743647091694, vstest.console.dll, AssemblyResolver.OnResolve: Microsoft.TestPlatform.Extensions.EventLogCollector: Loading assembly 'C:\Program Files\dotnet\sdk\8.0.100\Extensions\Microsoft.TestPlatform.Extensions.EventLogCollector.dll'.
TpTrace Information: 0 : 13280, 1, 2024/03/04, 17:39:54.693, 9743647106918, vstest.console.dll, AssemblyResolver.OnResolve: Resolved assembly: Microsoft.TestPlatform.Extensions.EventLogCollector, from path: C:\Program Files\dotnet\sdk\8.0.100\Extensions\Microsoft.TestPlatform.Extensions.EventLogCollector.dll
TpTrace Verbose: 0 : 13280, 1, 2024/03/04, 17:39:54.693, 9743647109272, vstest.console.dll, MetadataReaderExtensionsHelper: Discovering extensions inside assembly 'Microsoft.TestPlatform.Extensions.EventLogCollector, Version=15.0.0.0, Culture=neutral, PublicKeyToken=b03f5f7f11d50a3a' file path 'C:\Program Files\dotnet\sdk\8.0.100\Extensions\Microsoft.TestPlatform.Extensions.EventLogCollector.dll'
TpTrace Information: 0 : 13280, 1, 2024/03/04, 17:39:54.701, 9743647192815, vstest.console.dll, AssemblyResolver.OnResolve: Microsoft.TestPlatform.TestHostRuntimeProvider: Resolving assembly.
TpTrace Information: 0 : 13280, 1, 2024/03/04, 17:39:54.702, 9743647194765, vstest.console.dll, AssemblyResolver.OnResolve: Microsoft.TestPlatform.TestHostRuntimeProvider: Searching in: 'C:\Program Files\dotnet\sdk\8.0.100\Extensions'.
TpTrace Information: 0 : 13280, 1, 2024/03/04, 17:39:54.703, 9743647212737, vstest.console.dll, AssemblyResolver.OnResolve: Microsoft.TestPlatform.TestHostRuntimeProvider: Loading assembly 'C:\Program Files\dotnet\sdk\8.0.100\Extensions\Microsoft.TestPlatform.TestHostRuntimeProvider.dll'.
TpTrace Information: 0 : 13280, 1, 2024/03/04, 17:39:54.706, 9743647242025, vstest.console.dll, AssemblyResolver.OnResolve: Resolved assembly: Microsoft.TestPlatform.TestHostRuntimeProvider, from path: C:\Program Files\dotnet\sdk\8.0.100\Extensions\Microsoft.TestPlatform.TestHostRuntimeProvider.dll
TpTrace Verbose: 0 : 13280, 1, 2024/03/04, 17:39:54.707, 9743647244650, vstest.console.dll, MetadataReaderExtensionsHelper: Discovering extensions inside assembly 'Microsoft.TestPlatform.TestHostRuntimeProvider, Version=15.0.0.0, Culture=neutral, PublicKeyToken=b03f5f7f11d50a3a' file path 'C:\Program Files\dotnet\sdk\8.0.100\Extensions\Microsoft.TestPlatform.TestHostRuntimeProvider.dll'
TpTrace Information: 0 : 13280, 1, 2024/03/04, 17:39:54.711, 9743647290804, vstest.console.dll, GetTestExtensionFromType: Register extension with identifier data 'HostProvider://DefaultTestHost' and type 'Microsoft.VisualStudio.TestPlatform.CrossPlatEngine.Hosting.DefaultTestHostManager, Microsoft.TestPlatform.TestHostRuntimeProvider, Version=15.0.0.0, Culture=neutral, PublicKeyToken=b03f5f7f11d50a3a' inside file 'C:\Program Files\dotnet\sdk\8.0.100\Extensions\Microsoft.TestPlatform.TestHostRuntimeProvider.dll'
TpTrace Information: 0 : 13280, 1, 2024/03/04, 17:39:54.712, 9743647296526, vstest.console.dll, GetTestExtensionFromType: Register extension with identifier data 'HostProvider://DotnetTestHost' and type 'Microsoft.VisualStudio.TestPlatform.CrossPlatEngine.Hosting.DotnetTestHostManager, Microsoft.TestPlatform.TestHostRuntimeProvider, Version=15.0.0.0, Culture=neutral, PublicKeyToken=b03f5f7f11d50a3a' inside file 'C:\Program Files\dotnet\sdk\8.0.100\Extensions\Microsoft.TestPlatform.TestHostRuntimeProvider.dll'
TpTrace Information: 0 : 13280, 1, 2024/03/04, 17:39:54.712, 9743647298287, vstest.console.dll, AssemblyResolver.OnResolve: Microsoft.VisualStudio.TestPlatform.Extensions.Html.TestLogger: Resolving assembly.
TpTrace Information: 0 : 13280, 1, 2024/03/04, 17:39:54.712, 9743647299425, vstest.console.dll, AssemblyResolver.OnResolve: Microsoft.VisualStudio.TestPlatform.Extensions.Html.TestLogger: Searching in: 'C:\Program Files\dotnet\sdk\8.0.100\Extensions'.
TpTrace Information: 0 : 13280, 1, 2024/03/04, 17:39:54.714, 9743647318373, vstest.console.dll, AssemblyResolver.OnResolve: Microsoft.VisualStudio.TestPlatform.Extensions.Html.TestLogger: Loading assembly 'C:\Program Files\dotnet\sdk\8.0.100\Extensions\Microsoft.VisualStudio.TestPlatform.Extensions.Html.TestLogger.dll'.
TpTrace Information: 0 : 13280, 1, 2024/03/04, 17:39:54.716, 9743647340249, vstest.console.dll, AssemblyResolver.OnResolve: Resolved assembly: Microsoft.VisualStudio.TestPlatform.Extensions.Html.TestLogger, from path: C:\Program Files\dotnet\sdk\8.0.100\Extensions\Microsoft.VisualStudio.TestPlatform.Extensions.Html.TestLogger.dll
TpTrace Verbose: 0 : 13280, 1, 2024/03/04, 17:39:54.716, 9743647342450, vstest.console.dll, MetadataReaderExtensionsHelper: Discovering extensions inside assembly 'Microsoft.VisualStudio.TestPlatform.Extensions.Html.TestLogger, Version=15.0.0.0, Culture=neutral, PublicKeyToken=b03f5f7f11d50a3a' file path 'C:\Program Files\dotnet\sdk\8.0.100\Extensions\Microsoft.VisualStudio.TestPlatform.Extensions.Html.TestLogger.dll'
TpTrace Information: 0 : 13280, 1, 2024/03/04, 17:39:54.719, 9743647370909, vstest.console.dll, AssemblyResolver.OnResolve: Microsoft.VisualStudio.TestPlatform.Extensions.Trx.TestLogger: Resolving assembly.
TpTrace Information: 0 : 13280, 1, 2024/03/04, 17:39:54.719, 9743647372559, vstest.console.dll, AssemblyResolver.OnResolve: Microsoft.VisualStudio.TestPlatform.Extensions.Trx.TestLogger: Searching in: 'C:\Program Files\dotnet\sdk\8.0.100\Extensions'.
TpTrace Information: 0 : 13280, 1, 2024/03/04, 17:39:54.722, 9743647402010, vstest.console.dll, AssemblyResolver.OnResolve: Microsoft.VisualStudio.TestPlatform.Extensions.Trx.TestLogger: Loading assembly 'C:\Program Files\dotnet\sdk\8.0.100\Extensions\Microsoft.VisualStudio.TestPlatform.Extensions.Trx.TestLogger.dll'.
TpTrace Information: 0 : 13280, 1, 2024/03/04, 17:39:54.726, 9743647439594, vstest.console.dll, AssemblyResolver.OnResolve: Resolved assembly: Microsoft.VisualStudio.TestPlatform.Extensions.Trx.TestLogger, from path: C:\Program Files\dotnet\sdk\8.0.100\Extensions\Microsoft.VisualStudio.TestPlatform.Extensions.Trx.TestLogger.dll
TpTrace Verbose: 0 : 13280, 1, 2024/03/04, 17:39:54.726, 9743647441859, vstest.console.dll, MetadataReaderExtensionsHelper: Discovering extensions inside assembly 'Microsoft.VisualStudio.TestPlatform.Extensions.Trx.TestLogger, Version=15.0.0.0, Culture=neutral, PublicKeyToken=b03f5f7f11d50a3a' file path 'C:\Program Files\dotnet\sdk\8.0.100\Extensions\Microsoft.VisualStudio.TestPlatform.Extensions.Trx.TestLogger.dll'
TpTrace Verbose: 0 : 13280, 1, 2024/03/04, 17:39:54.731, 9743647486868, vstest.console.dll, TestPluginCache: Discovered the extensions using extension path ''.
TpTrace Verbose: 0 : 13280, 1, 2024/03/04, 17:39:54.731, 9743647488728, vstest.console.dll, TestPluginCache: Discoverers are ''.
TpTrace Verbose: 0 : 13280, 1, 2024/03/04, 17:39:54.731, 9743647489785, vstest.console.dll, TestPluginCache: Executors are ''.
TpTrace Verbose: 0 : 13280, 1, 2024/03/04, 17:39:54.731, 9743647490387, vstest.console.dll, TestPluginCache: Executors2 are ''.
TpTrace Verbose: 0 : 13280, 1, 2024/03/04, 17:39:54.731, 9743647490942, vstest.console.dll, TestPluginCache: Setting providers are ''.
TpTrace Verbose: 0 : 13280, 1, 2024/03/04, 17:39:54.731, 9743647491490, vstest.console.dll, TestPluginCache: Loggers are ''.
TpTrace Verbose: 0 : 13280, 1, 2024/03/04, 17:39:54.731, 9743647492990, vstest.console.dll, TestPluginCache: TestHosts are 'HostProvider://DefaultTestHost,HostProvider://DotnetTestHost'.
TpTrace Verbose: 0 : 13280, 1, 2024/03/04, 17:39:54.731, 9743647493757, vstest.console.dll, TestPluginCache: DataCollectors are ''.
TpTrace Information: 0 : 13280, 1, 2024/03/04, 17:39:54.791, 9743648085665, vstest.console.dll, RunTestsArgumentProcessor:Execute: Test run is starting.
TpTrace Verbose: 0 : 13280, 1, 2024/03/04, 17:39:54.791, 9743648087327, vstest.console.dll, RunTestsArgumentProcessor:Execute: Queuing Test run.
TpTrace Information: 0 : 13280, 1, 2024/03/04, 17:39:54.791, 9743648091683, vstest.console.dll, TestRequestManager.RunTests: run tests started.
TpTrace Information: 0 : 13280, 1, 2024/03/04, 17:39:54.794, 9743648119306, vstest.console.dll, AssemblyMetadataProvider.GetFrameworkName: Determined framework:'.NETCoreApp,Version=v6.0' for source: 'C:\Users\Tejas PC\Desktop\Hexaware\.Net_FullStack\Project\Backend-latest\SimpliflyTest\bin\Debug\net6.0\fine-code-coverage\build-output\SimpliflyTest.dll'
TpTrace Information: 0 : 13280, 1, 2024/03/04, 17:39:54.794, 9743648122954, vstest.console.dll, Determined framework for all sources: .NETCoreApp,Version=v6.0
TpTrace Verbose: 0 : 13280, 1, 2024/03/04, 17:39:54.795, 9743648130534, vstest.console.dll, TestRequestManager.UpdateRunSettingsIfRequired: Default architecture: X64 IsDefaultTargetArchitecture: True, Current process architecture: X64 OperatingSystem: Windows.
TpTrace Information: 0 : 13280, 1, 2024/03/04, 17:39:54.798, 9743648163114, vstest.console.dll, AssemblyMetadataProvider.GetArchitecture: Determined architecture:AnyCPU info for assembly: C:\Users\Tejas PC\Desktop\Hexaware\.Net_FullStack\Project\Backend-latest\SimpliflyTest\bin\Debug\net6.0\fine-code-coverage\build-output\SimpliflyTest.dll
TpTrace Information: 0 : 13280, 1, 2024/03/04, 17:39:54.799, 9743648164543, vstest.console.dll, Determined platform for source 'C:\Users\Tejas PC\Desktop\Hexaware\.Net_FullStack\Project\Backend-latest\SimpliflyTest\bin\Debug\net6.0\fine-code-coverage\build-output\SimpliflyTest.dll' was AnyCPU and it will use the default plaform X64.
TpTrace Information: 0 : 13280, 1, 2024/03/04, 17:39:54.799, 9743648165200, vstest.console.dll, None of the sources provided any runnable platform, using the default platform: X64
TpTrace Information: 0 : 13280, 1, 2024/03/04, 17:39:54.799, 9743648167048, vstest.console.dll, Platform was updated to 'X64'.
TpTrace Information: 0 : 13280, 1, 2024/03/04, 17:39:54.812, 9743648301284, vstest.console.dll, InferRunSettingsHelper.IsTestSettingsEnabled: Unable to navigate to RunSettings/MSTest. Current node: RunSettings
TpTrace Information: 0 : 13280, 1, 2024/03/04, 17:39:54.814, 9743648317474, vstest.console.dll, AssemblyResolver.OnResolve: Microsoft.VisualStudio.TestPlatform.Fakes: Resolving assembly.
TpTrace Information: 0 : 13280, 1, 2024/03/04, 17:39:54.814, 9743648319055, vstest.console.dll, AssemblyResolver.OnResolve: Microsoft.VisualStudio.TestPlatform.Fakes: Searching in: 'C:\Program Files\dotnet\sdk\8.0.100\Extensions'.
TpTrace Information: 0 : 13280, 1, 2024/03/04, 17:39:54.814, 9743648321335, vstest.console.dll, AssemblyResolver.OnResolve: Microsoft.VisualStudio.TestPlatform.Fakes: Assembly path does not exist: 'C:\Program Files\dotnet\sdk\8.0.100\Extensions\Microsoft.VisualStudio.TestPlatform.Fakes.dll', returning.
TpTrace Information: 0 : 13280, 1, 2024/03/04, 17:39:54.814, 9743648322924, vstest.console.dll, AssemblyResolver.OnResolve: Microsoft.VisualStudio.TestPlatform.Fakes: Assembly path does not exist: 'C:\Program Files\dotnet\sdk\8.0.100\Extensions\Microsoft.VisualStudio.TestPlatform.Fakes.exe', returning.
TpTrace Information: 0 : 13280, 1, 2024/03/04, 17:39:54.814, 9743648323820, vstest.console.dll, AssemblyResolver.OnResolve: Microsoft.VisualStudio.TestPlatform.Fakes: Searching in: 'C:\Program Files\dotnet\sdk\8.0.100'.
TpTrace Information: 0 : 13280, 1, 2024/03/04, 17:39:54.815, 9743648325623, vstest.console.dll, AssemblyResolver.OnResolve: Microsoft.VisualStudio.TestPlatform.Fakes: Assembly path does not exist: 'C:\Program Files\dotnet\sdk\8.0.100\Microsoft.VisualStudio.TestPlatform.Fakes.dll', returning.
TpTrace Information: 0 : 13280, 1, 2024/03/04, 17:39:54.815, 9743648327306, vstest.console.dll, AssemblyResolver.OnResolve: Microsoft.VisualStudio.TestPlatform.Fakes: Assembly path does not exist: 'C:\Program Files\dotnet\sdk\8.0.100\Microsoft.VisualStudio.TestPlatform.Fakes.exe', returning.
TpTrace Information: 0 : 13280, 1, 2024/03/04, 17:39:54.815, 9743648328548, vstest.console.dll, AssemblyResolver.OnResolve: Microsoft.VisualStudio.TestPlatform.Fakes: Failed to load assembly.
TpTrace Information: 0 : 13280, 1, 2024/03/04, 17:39:54.816, 9743648334704, vstest.console.dll, Failed to load assembly Microsoft.VisualStudio.TestPlatform.Fakes, Version=17.0.0.0, Culture=neutral. Reason:System.IO.FileNotFoundException: Could not load file or assembly 'Microsoft.VisualStudio.TestPlatform.Fakes, Version=17.0.0.0, Culture=neutral, PublicKeyToken=null'. The system cannot find the file specified.
File name: 'Microsoft.VisualStudio.TestPlatform.Fakes, Version=17.0.0.0, Culture=neutral, PublicKeyToken=null'
   at System.Reflection.RuntimeAssembly.InternalLoad(AssemblyName assemblyName, StackCrawlMark& stackMark, AssemblyLoadContext assemblyLoadContext, RuntimeAssembly requestingAssembly, Boolean throwOnFileNotFound)
   at System.Reflection.Assembly.Load(AssemblyName assemblyRef)
   at Microsoft.VisualStudio.TestPlatform.Common.Utilities.FakesUtilities.LoadTestPlatformAssembly() in /_/src/Microsoft.TestPlatform.Common/Utilities/FakesUtilities.cs:line 272
TpTrace Verbose: 0 : 13280, 1, 2024/03/04, 17:39:54.826, 9743648438368, vstest.console.dll, TestPluginCache.DiscoverTestExtensions: finding test extensions in assemblies ends with: TestLogger.dll TPluginInfo: Microsoft.VisualStudio.TestPlatform.Common.ExtensionFramework.Utilities.TestLoggerPluginInformation TExtension: Microsoft.VisualStudio.TestPlatform.ObjectModel.Client.ITestLogger
TpTrace Verbose: 0 : 13280, 1, 2024/03/04, 17:39:54.826, 9743648442194, vstest.console.dll, TestPluginCache.GetExtensionPaths: Filtered extension paths: 
TpTrace Verbose: 0 : 13280, 1, 2024/03/04, 17:39:54.826, 9743648443868, vstest.console.dll, TestPluginCache.GetExtensionPaths: Added default extension paths: C:\Program Files\dotnet\sdk\8.0.100\Extensions\Microsoft.Diagnostics.NETCore.Client.dll
C:\Program Files\dotnet\sdk\8.0.100\Extensions\Microsoft.TestPlatform.Extensions.BlameDataCollector.dll
C:\Program Files\dotnet\sdk\8.0.100\Extensions\Microsoft.TestPlatform.Extensions.EventLogCollector.dll
C:\Program Files\dotnet\sdk\8.0.100\Extensions\Microsoft.TestPlatform.TestHostRuntimeProvider.dll
C:\Program Files\dotnet\sdk\8.0.100\Extensions\Microsoft.VisualStudio.TestPlatform.Extensions.Html.TestLogger.dll
C:\Program Files\dotnet\sdk\8.0.100\Extensions\Microsoft.VisualStudio.TestPlatform.Extensions.Trx.TestLogger.dll
TpTrace Verbose: 0 : 13280, 1, 2024/03/04, 17:39:54.827, 9743648445018, vstest.console.dll, TestPluginCache.GetExtensionPaths: Added unfilterableExtensionPaths: 
TpTrace Information: 0 : 13280, 1, 2024/03/04, 17:39:54.827, 9743648449871, vstest.console.dll, AssemblyResolver.AddSearchDirectories: Adding more searchDirectories C:\Program Files\dotnet\sdk\8.0.100\Extensions,C:\Program Files\dotnet\sdk\8.0.100
TpTrace Verbose: 0 : 13280, 1, 2024/03/04, 17:39:54.827, 9743648451784, vstest.console.dll, TestPluginCache.DiscoverTestExtensions: Discovering the extensions using extension path.
TpTrace Verbose: 0 : 13280, 1, 2024/03/04, 17:39:54.827, 9743648453185, vstest.console.dll, TestPluginCache.GetExtensionPaths: Filtered extension paths: 
TpTrace Verbose: 0 : 13280, 1, 2024/03/04, 17:39:54.828, 9743648454552, vstest.console.dll, TestPluginCache.GetExtensionPaths: Added default extension paths: C:\Program Files\dotnet\sdk\8.0.100\Extensions\Microsoft.Diagnostics.NETCore.Client.dll
C:\Program Files\dotnet\sdk\8.0.100\Extensions\Microsoft.TestPlatform.Extensions.BlameDataCollector.dll
C:\Program Files\dotnet\sdk\8.0.100\Extensions\Microsoft.TestPlatform.Extensions.EventLogCollector.dll
C:\Program Files\dotnet\sdk\8.0.100\Extensions\Microsoft.TestPlatform.TestHostRuntimeProvider.dll
C:\Program Files\dotnet\sdk\8.0.100\Extensions\Microsoft.VisualStudio.TestPlatform.Extensions.Html.TestLogger.dll
C:\Program Files\dotnet\sdk\8.0.100\Extensions\Microsoft.VisualStudio.TestPlatform.Extensions.Trx.TestLogger.dll
TpTrace Verbose: 0 : 13280, 1, 2024/03/04, 17:39:54.828, 9743648455712, vstest.console.dll, TestPluginCache.GetExtensionPaths: Added unfilterableExtensionPaths: 
TpTrace Verbose: 0 : 13280, 1, 2024/03/04, 17:39:54.828, 9743648457674, vstest.console.dll, TestPluginCache.DiscoverTestExtensions: Discovering the extensions using allExtensionPaths: C:\Program Files\dotnet\sdk\8.0.100\Extensions\Microsoft.Diagnostics.NETCore.Client.dll
C:\Program Files\dotnet\sdk\8.0.100\Extensions\Microsoft.TestPlatform.Extensions.BlameDataCollector.dll
C:\Program Files\dotnet\sdk\8.0.100\Extensions\Microsoft.TestPlatform.Extensions.EventLogCollector.dll
C:\Program Files\dotnet\sdk\8.0.100\Extensions\Microsoft.TestPlatform.TestHostRuntimeProvider.dll
C:\Program Files\dotnet\sdk\8.0.100\Extensions\Microsoft.VisualStudio.TestPlatform.Extensions.Html.TestLogger.dll
C:\Program Files\dotnet\sdk\8.0.100\Extensions\Microsoft.VisualStudio.TestPlatform.Extensions.Trx.TestLogger.dll
TpTrace Information: 0 : 13280, 1, 2024/03/04, 17:39:54.828, 9743648461072, vstest.console.dll, AssemblyResolver.AddSearchDirectories: Adding more searchDirectories C:\Program Files\dotnet\sdk\8.0.100\Extensions,C:\Program Files\dotnet\sdk\8.0.100
TpTrace Information: 0 : 13280, 1, 2024/03/04, 17:39:54.828, 9743648462751, vstest.console.dll, AssemblyResolver.AddSearchDirectories: Adding more searchDirectories C:\Program Files\dotnet\sdk\8.0.100\Extensions,C:\Program Files\dotnet\sdk\8.0.100
TpTrace Information: 0 : 13280, 1, 2024/03/04, 17:39:54.829, 9743648464140, vstest.console.dll, AssemblyResolver.AddSearchDirectories: Adding more searchDirectories C:\Program Files\dotnet\sdk\8.0.100\Extensions,C:\Program Files\dotnet\sdk\8.0.100
TpTrace Information: 0 : 13280, 1, 2024/03/04, 17:39:54.829, 9743648465302, vstest.console.dll, AssemblyResolver.AddSearchDirectories: Adding more searchDirectories C:\Program Files\dotnet\sdk\8.0.100\Extensions,C:\Program Files\dotnet\sdk\8.0.100
TpTrace Information: 0 : 13280, 1, 2024/03/04, 17:39:54.829, 9743648466479, vstest.console.dll, AssemblyResolver.AddSearchDirectories: Adding more searchDirectories C:\Program Files\dotnet\sdk\8.0.100\Extensions,C:\Program Files\dotnet\sdk\8.0.100
TpTrace Information: 0 : 13280, 1, 2024/03/04, 17:39:54.829, 9743648468086, vstest.console.dll, AssemblyResolver.AddSearchDirectories: Adding more searchDirectories C:\Program Files\dotnet\sdk\8.0.100\Extensions,C:\Program Files\dotnet\sdk\8.0.100
TpTrace Verbose: 0 : 13280, 1, 2024/03/04, 17:39:54.829, 9743648472311, vstest.console.dll, MetadataReaderExtensionsHelper: Discovering extensions inside assembly 'Microsoft.Diagnostics.NETCore.Client, Version=0.2.8.21101, Culture=neutral, PublicKeyToken=31bf3856ad364e35' file path 'C:\Program Files\dotnet\sdk\8.0.100\Extensions\Microsoft.Diagnostics.NETCore.Client.dll'
TpTrace Information: 0 : 13280, 1, 2024/03/04, 17:39:54.834, 9743648519181, vstest.console.dll, AssemblyResolver.OnResolve: Microsoft.Bcl.AsyncInterfaces: Resolving assembly.
TpTrace Information: 0 : 13280, 1, 2024/03/04, 17:39:54.834, 9743648522731, vstest.console.dll, AssemblyResolver.OnResolve: Microsoft.Bcl.AsyncInterfaces: Resolved from cache.
TpTrace Verbose: 0 : 13280, 1, 2024/03/04, 17:39:54.835, 9743648525034, vstest.console.dll, CurrentDomainAssemblyResolve: Resolving assembly 'Microsoft.Bcl.AsyncInterfaces'.
TpTrace Information: 0 : 13280, 1, 2024/03/04, 17:39:54.835, 9743648528889, vstest.console.dll, AssemblyResolver.OnResolve: Microsoft.Bcl.AsyncInterfaces: Resolving assembly.
TpTrace Information: 0 : 13280, 1, 2024/03/04, 17:39:54.835, 9743648531407, vstest.console.dll, AssemblyResolver.OnResolve: Microsoft.Bcl.AsyncInterfaces: Resolved from cache.
TpTrace Verbose: 0 : 13280, 1, 2024/03/04, 17:39:54.835, 9743648533884, vstest.console.dll, CurrentDomainAssemblyResolve: Resolving assembly 'Microsoft.Bcl.AsyncInterfaces'.
TpTrace Verbose: 0 : 13280, 1, 2024/03/04, 17:39:54.836, 9743648536102, vstest.console.dll, CurrentDomainAssemblyResolve: Failed to resolve assembly 'Microsoft.Bcl.AsyncInterfaces'.
TpTrace Verbose: 0 : 13280, 1, 2024/03/04, 17:39:54.837, 9743648544918, vstest.console.dll, CurrentDomainAssemblyResolve: Failed to resolve assembly 'Microsoft.Bcl.AsyncInterfaces'.
TpTrace Warning: 0 : 13280, 1, 2024/03/04, 17:39:54.839, 9743648567494, vstest.console.dll, TestPluginDiscoverer: Failed to get types from assembly 'Microsoft.Diagnostics.NETCore.Client, Version=0.2.8.21101, Culture=neutral, PublicKeyToken=31bf3856ad364e35'. Error: System.Reflection.ReflectionTypeLoadException: Unable to load one or more of the requested types.
Could not load file or assembly 'Microsoft.Bcl.AsyncInterfaces, Version=1.0.0.0, Culture=neutral, PublicKeyToken=cc7b13ffcd2ddd51'. The system cannot find the file specified.
   at System.Reflection.RuntimeModule.GetTypes(RuntimeModule module)
   at System.Reflection.RuntimeModule.GetTypes()
   at Microsoft.VisualStudio.TestPlatform.Common.ExtensionFramework.TestPluginDiscoverer.GetTestExtensionsFromAssembly[TPluginInfo,TExtension](Assembly assembly, Dictionary`2 pluginInfos, String filePath) in /_/src/Microsoft.TestPlatform.Common/ExtensionFramework/TestPluginDiscoverer.cs:line 158
System.IO.FileNotFoundException: Could not load file or assembly 'Microsoft.Bcl.AsyncInterfaces, Version=1.0.0.0, Culture=neutral, PublicKeyToken=cc7b13ffcd2ddd51'. The system cannot find the file specified.
File name: 'Microsoft.Bcl.AsyncInterfaces, Version=1.0.0.0, Culture=neutral, PublicKeyToken=cc7b13ffcd2ddd51'
 ---> System.IO.FileNotFoundException: Could not load file or assembly 'Microsoft.Bcl.AsyncInterfaces, Culture=neutral, PublicKeyToken=null'. The system cannot find the file specified.
File name: 'Microsoft.Bcl.AsyncInterfaces, Culture=neutral, PublicKeyToken=null'
   at System.Reflection.RuntimeAssembly.InternalLoad(AssemblyName assemblyName, StackCrawlMark& stackMark, AssemblyLoadContext assemblyLoadContext, RuntimeAssembly requestingAssembly, Boolean throwOnFileNotFound)
   at System.Reflection.Assembly.Load(AssemblyName assemblyRef)
   at Microsoft.VisualStudio.TestPlatform.Common.ExtensionFramework.TestPluginCache.CurrentDomainAssemblyResolve(Object sender, AssemblyResolveEventArgs args) in /_/src/Microsoft.TestPlatform.Common/ExtensionFramework/TestPluginCache.cs:line 513
   at System.Runtime.Loader.AssemblyLoadContext.GetFirstResolvedAssemblyFromResolvingEvent(AssemblyName assemblyName)
   at System.Runtime.Loader.AssemblyLoadContext.ResolveUsingEvent(AssemblyName assemblyName)
   at System.Runtime.Loader.AssemblyLoadContext.ResolveUsingResolvingEvent(IntPtr gchManagedAssemblyLoadContext, AssemblyName assemblyName)
TpTrace Warning: 0 : 13280, 1, 2024/03/04, 17:39:54.840, 9743648575024, vstest.console.dll, LoaderExceptions: System.IO.FileNotFoundException: Could not load file or assembly 'Microsoft.Bcl.AsyncInterfaces, Version=1.0.0.0, Culture=neutral, PublicKeyToken=cc7b13ffcd2ddd51'. The system cannot find the file specified.
File name: 'Microsoft.Bcl.AsyncInterfaces, Version=1.0.0.0, Culture=neutral, PublicKeyToken=cc7b13ffcd2ddd51'
 ---> System.IO.FileNotFoundException: Could not load file or assembly 'Microsoft.Bcl.AsyncInterfaces, Culture=neutral, PublicKeyToken=null'. The system cannot find the file specified.
File name: 'Microsoft.Bcl.AsyncInterfaces, Culture=neutral, PublicKeyToken=null'
   at System.Reflection.RuntimeAssembly.InternalLoad(AssemblyName assemblyName, StackCrawlMark& stackMark, AssemblyLoadContext assemblyLoadContext, RuntimeAssembly requestingAssembly, Boolean throwOnFileNotFound)
   at System.Reflection.Assembly.Load(AssemblyName assemblyRef)
   at Microsoft.VisualStudio.TestPlatform.Common.ExtensionFramework.TestPluginCache.CurrentDomainAssemblyResolve(Object sender, AssemblyResolveEventArgs args) in /_/src/Microsoft.TestPlatform.Common/ExtensionFramework/TestPluginCache.cs:line 513
   at System.Runtime.Loader.AssemblyLoadContext.GetFirstResolvedAssemblyFromResolvingEvent(AssemblyName assemblyName)
   at System.Runtime.Loader.AssemblyLoadContext.ResolveUsingEvent(AssemblyName assemblyName)
   at System.Runtime.Loader.AssemblyLoadContext.ResolveUsingResolvingEvent(IntPtr gchManagedAssemblyLoadContext, AssemblyName assemblyName)
TpTrace Verbose: 0 : 13280, 1, 2024/03/04, 17:39:54.840, 9743648578921, vstest.console.dll, MetadataReaderExtensionsHelper: Discovering extensions inside assembly 'Microsoft.TestPlatform.Extensions.BlameDataCollector, Version=15.0.0.0, Culture=neutral, PublicKeyToken=b03f5f7f11d50a3a' file path 'C:\Program Files\dotnet\sdk\8.0.100\Extensions\Microsoft.TestPlatform.Extensions.BlameDataCollector.dll'
TpTrace Information: 0 : 13280, 1, 2024/03/04, 17:39:54.843, 9743648608551, vstest.console.dll, GetTestExtensionFromType: Register extension with identifier data 'logger://Microsoft/TestPlatform/Extensions/Blame/v1' and type 'Microsoft.TestPlatform.Extensions.BlameDataCollector.BlameLogger, Microsoft.TestPlatform.Extensions.BlameDataCollector, Version=15.0.0.0, Culture=neutral, PublicKeyToken=b03f5f7f11d50a3a' inside file 'C:\Program Files\dotnet\sdk\8.0.100\Extensions\Microsoft.TestPlatform.Extensions.BlameDataCollector.dll'
TpTrace Verbose: 0 : 13280, 1, 2024/03/04, 17:39:54.843, 9743648611735, vstest.console.dll, MetadataReaderExtensionsHelper: Discovering extensions inside assembly 'Microsoft.TestPlatform.Extensions.EventLogCollector, Version=15.0.0.0, Culture=neutral, PublicKeyToken=b03f5f7f11d50a3a' file path 'C:\Program Files\dotnet\sdk\8.0.100\Extensions\Microsoft.TestPlatform.Extensions.EventLogCollector.dll'
TpTrace Verbose: 0 : 13280, 1, 2024/03/04, 17:39:54.846, 9743648635114, vstest.console.dll, MetadataReaderExtensionsHelper: Discovering extensions inside assembly 'Microsoft.TestPlatform.TestHostRuntimeProvider, Version=15.0.0.0, Culture=neutral, PublicKeyToken=b03f5f7f11d50a3a' file path 'C:\Program Files\dotnet\sdk\8.0.100\Extensions\Microsoft.TestPlatform.TestHostRuntimeProvider.dll'
TpTrace Verbose: 0 : 13280, 1, 2024/03/04, 17:39:54.848, 9743648658352, vstest.console.dll, MetadataReaderExtensionsHelper: Discovering extensions inside assembly 'Microsoft.VisualStudio.TestPlatform.Extensions.Html.TestLogger, Version=15.0.0.0, Culture=neutral, PublicKeyToken=b03f5f7f11d50a3a' file path 'C:\Program Files\dotnet\sdk\8.0.100\Extensions\Microsoft.VisualStudio.TestPlatform.Extensions.Html.TestLogger.dll'
TpTrace Information: 0 : 13280, 1, 2024/03/04, 17:39:54.851, 9743648687261, vstest.console.dll, GetTestExtensionFromType: Register extension with identifier data 'logger://Microsoft/TestPlatform/HtmlLogger/v1' and type 'Microsoft.VisualStudio.TestPlatform.Extensions.HtmlLogger.HtmlLogger, Microsoft.VisualStudio.TestPlatform.Extensions.Html.TestLogger, Version=15.0.0.0, Culture=neutral, PublicKeyToken=b03f5f7f11d50a3a' inside file 'C:\Program Files\dotnet\sdk\8.0.100\Extensions\Microsoft.VisualStudio.TestPlatform.Extensions.Html.TestLogger.dll'
TpTrace Verbose: 0 : 13280, 1, 2024/03/04, 17:39:54.851, 9743648690221, vstest.console.dll, MetadataReaderExtensionsHelper: Discovering extensions inside assembly 'Microsoft.VisualStudio.TestPlatform.Extensions.Trx.TestLogger, Version=15.0.0.0, Culture=neutral, PublicKeyToken=b03f5f7f11d50a3a' file path 'C:\Program Files\dotnet\sdk\8.0.100\Extensions\Microsoft.VisualStudio.TestPlatform.Extensions.Trx.TestLogger.dll'
TpTrace Information: 0 : 13280, 1, 2024/03/04, 17:39:54.854, 9743648714899, vstest.console.dll, GetTestExtensionFromType: Register extension with identifier data 'logger://Microsoft/TestPlatform/TrxLogger/v1' and type 'Microsoft.VisualStudio.TestPlatform.Extensions.TrxLogger.TrxLogger, Microsoft.VisualStudio.TestPlatform.Extensions.Trx.TestLogger, Version=15.0.0.0, Culture=neutral, PublicKeyToken=b03f5f7f11d50a3a' inside file 'C:\Program Files\dotnet\sdk\8.0.100\Extensions\Microsoft.VisualStudio.TestPlatform.Extensions.Trx.TestLogger.dll'
TpTrace Verbose: 0 : 13280, 1, 2024/03/04, 17:39:54.854, 9743648721310, vstest.console.dll, TestPluginCache: Discovered the extensions using extension path ''.
TpTrace Verbose: 0 : 13280, 1, 2024/03/04, 17:39:54.855, 9743648724219, vstest.console.dll, TestPluginCache: Discoverers are ''.
TpTrace Verbose: 0 : 13280, 1, 2024/03/04, 17:39:54.855, 9743648726886, vstest.console.dll, TestPluginCache: Executors are ''.
TpTrace Verbose: 0 : 13280, 1, 2024/03/04, 17:39:54.855, 9743648728821, vstest.console.dll, TestPluginCache: Executors2 are ''.
TpTrace Verbose: 0 : 13280, 1, 2024/03/04, 17:39:54.855, 9743648730720, vstest.console.dll, TestPluginCache: Setting providers are ''.
TpTrace Verbose: 0 : 13280, 1, 2024/03/04, 17:39:54.856, 9743648734260, vstest.console.dll, TestPluginCache: Loggers are 'logger://Microsoft/TestPlatform/Extensions/Blame/v1,logger://Microsoft/TestPlatform/HtmlLogger/v1,logger://Microsoft/TestPlatform/TrxLogger/v1'.
TpTrace Verbose: 0 : 13280, 1, 2024/03/04, 17:39:54.856, 9743648737147, vstest.console.dll, TestPluginCache: TestHosts are 'HostProvider://DefaultTestHost,HostProvider://DotnetTestHost'.
TpTrace Verbose: 0 : 13280, 1, 2024/03/04, 17:39:54.856, 9743648739271, vstest.console.dll, TestPluginCache: DataCollectors are ''.
TpTrace Information: 0 : 13280, 1, 2024/03/04, 17:39:54.861, 9743648786001, vstest.console.dll, TestPluginManager.CreateTestExtension: Attempting to load test extension: Microsoft.TestPlatform.Extensions.BlameDataCollector.BlameLogger
TpTrace Verbose: 0 : 13280, 1, 2024/03/04, 17:39:54.901, 9743649189939, vstest.console.dll, TestEngine: Initializing Parallel Execution as MaxCpuCount is set to: 1
TpTrace Information: 0 : 13280, 1, 2024/03/04, 17:39:54.907, 9743649247716, vstest.console.dll, TestPluginManager.CreateTestExtension: Attempting to load test extension: Microsoft.VisualStudio.TestPlatform.CrossPlatEngine.Hosting.DefaultTestHostManager
TpTrace Information: 0 : 13280, 1, 2024/03/04, 17:39:54.917, 9743649351213, vstest.console.dll, TestPluginManager.CreateTestExtension: Attempting to load test extension: Microsoft.VisualStudio.TestPlatform.CrossPlatEngine.Hosting.DotnetTestHostManager
TpTrace Information: 0 : 13280, 1, 2024/03/04, 17:39:54.920, 9743649383335, vstest.console.dll, InferRunSettingsHelper.IsTestSettingsEnabled: Unable to navigate to RunSettings/MSTest. Current node: RunSettings
TpTrace Verbose: 0 : 13280, 1, 2024/03/04, 17:39:54.922, 9743649398690, vstest.console.dll, ParallelOperationManager.ClearSlots: Clearing all slots. Slots should accept more work: True
TpTrace Verbose: 0 : 13280, 1, 2024/03/04, 17:39:54.924, 9743649419784, vstest.console.dll, ParallelOperationManager.SetOccupiedSlotCount: Setting slot counts AvailableSlotCount = 1, OccupiedSlotCount = 0.
TpTrace Verbose: 0 : 13280, 1, 2024/03/04, 17:39:54.925, 9743649433590, vstest.console.dll, Occupied slots:

TpTrace Verbose: 0 : 13280, 1, 2024/03/04, 17:39:54.937, 9743649551348, vstest.console.dll, TestEngine.GetExecutionManager: Chosen execution manager 'Microsoft.VisualStudio.TestPlatform.CrossPlatEngine.Client.Parallel.ParallelProxyExecutionManager, Microsoft.TestPlatform.CrossPlatEngine, Version=15.0.0.0, Culture=neutral, PublicKeyToken=b03f5f7f11d50a3a' ParallelLevel '1'.
TpTrace Verbose: 0 : 13280, 1, 2024/03/04, 17:39:54.938, 9743649556146, vstest.console.dll, TestRunRequest.ExecuteAsync: Creating test run request.
TpTrace Verbose: 0 : 13280, 1, 2024/03/04, 17:39:54.940, 9743649576257, vstest.console.dll, TestRunRequest.ExecuteAsync: Starting.
TpTrace Information: 0 : 13280, 1, 2024/03/04, 17:39:54.944, 9743649619648, vstest.console.dll, TestRunRequest.ExecuteAsync: Starting run with settings:TestRunCriteria:
   KeepAlive=False,FrequencyOfRunStatsChangeEvent=10,RunStatsChangeEventTimeout=00:00:01.5000000,TestCaseFilter=,TestExecutorLauncher=
   Settingsxml=<RunSettings>
  <RunConfiguration>
    <ResultsDirectory>C:\Users\Tejas PC\Desktop\Hexaware\.Net_FullStack\Project\Backend-latest\SimpliflyTest\bin\Debug\net6.0\fine-code-coverage\coverage-tool-output</ResultsDirectory>
    <TargetPlatform>X64</TargetPlatform>
    <TargetFrameworkVersion>.NETCoreApp,Version=v6.0</TargetFrameworkVersion>
    <DesignMode>False</DesignMode>
    <CollectSourceInformation>False</CollectSourceInformation>
  </RunConfiguration>
  <LoggerRunSettings>
    <Loggers>
      <Logger friendlyName="blame" enabled="True" />
      <Logger friendlyName="Console" uri="logger://microsoft/TestPlatform/ConsoleLogger/v1" assemblyQualifiedName="Microsoft.VisualStudio.TestPlatform.CommandLine.Internal.ConsoleLogger, vstest.console, Version=15.0.0.0, Culture=neutral, PublicKeyToken=b03f5f7f11d50a3a" codeBase="C:\Program Files\dotnet\sdk\8.0.100\vstest.console.dll" enabled="True" />
    </Loggers>
  </LoggerRunSettings>
  <DataCollectionRunSettings>
    <DataCollectors>
      <DataCollector friendlyName="blame" enabled="True">
        <Configuration>
          <ResultsDirectory>C:\Users\Tejas PC\Desktop\Hexaware\.Net_FullStack\Project\Backend-latest\SimpliflyTest\bin\Debug\net6.0\fine-code-coverage\coverage-tool-output</ResultsDirectory>
        </Configuration>
      </DataCollector>
    </DataCollectors>
  </DataCollectionRunSettings>
</RunSettings>

TpTrace Verbose: 0 : 13280, 1, 2024/03/04, 17:39:54.944, 9743649622054, vstest.console.dll, TestRunRequest.ExecuteAsync: Wait for the first run request is over.
TpTrace Verbose: 0 : 13280, 1, 2024/03/04, 17:39:54.946, 9743649635326, vstest.console.dll, MulticastDelegateUtilities.SafeInvoke: TestRun.TestRunStart: Invoking callbacks was skipped because there are no subscribers.
TpTrace Verbose: 0 : 13280, 5, 2024/03/04, 17:39:54.946, 9743649640116, vstest.console.dll, MulticastDelegateUtilities.SafeInvoke: InternalTestLoggerEvents.SendTestRunStart: Invoking callback 1/1 for Microsoft.VisualStudio.TestPlatform.CommandLine.Internal.ConsoleLogger., took 0 ms.
TpTrace Verbose: 0 : 13280, 1, 2024/03/04, 17:39:54.949, 9743649664763, vstest.console.dll, ParallelProxyExecutionManager: Start execution. Total sources: 1
TpTrace Verbose: 0 : 13280, 1, 2024/03/04, 17:39:54.949, 9743649672990, vstest.console.dll, ParallelOperationManager.StartWork: Starting adding 1 workloads.
TpTrace Verbose: 0 : 13280, 1, 2024/03/04, 17:39:54.950, 9743649675017, vstest.console.dll, ParallelOperationManager.ClearSlots: Clearing all slots. Slots should accept more work: True
TpTrace Verbose: 0 : 13280, 1, 2024/03/04, 17:39:54.950, 9743649676558, vstest.console.dll, ParallelOperationManager.SetOccupiedSlotCount: Setting slot counts AvailableSlotCount = 1, OccupiedSlotCount = 0.
TpTrace Verbose: 0 : 13280, 1, 2024/03/04, 17:39:54.950, 9743649677738, vstest.console.dll, Occupied slots:

TpTrace Verbose: 0 : 13280, 1, 2024/03/04, 17:39:54.954, 9743649719683, vstest.console.dll, TestRequestSender is acting as server.
TpTrace Verbose: 0 : 13280, 1, 2024/03/04, 17:39:54.958, 9743649762111, vstest.console.dll, ParallelOperationManager.RunWorkInParallel: Adding 1 workload to slot, remaining workloads 0.
TpTrace Verbose: 0 : 13280, 1, 2024/03/04, 17:39:54.958, 9743649763858, vstest.console.dll, ParallelOperationManager.SetOccupiedSlotCount: Setting slot counts AvailableSlotCount = 0, OccupiedSlotCount = 1.
TpTrace Verbose: 0 : 13280, 1, 2024/03/04, 17:39:54.959, 9743649771496, vstest.console.dll, Occupied slots:
0: C:\Users\Tejas PC\Desktop\Hexaware\.Net_FullStack\Project\Backend-latest\SimpliflyTest\bin\Debug\net6.0\fine-code-coverage\build-output\SimpliflyTest.dll
TpTrace Verbose: 0 : 13280, 1, 2024/03/04, 17:39:54.963, 9743649813587, vstest.console.dll, ParallelOperationManager.RunWorkInParallel: Started host in slot number 0 for work (source): C:\Users\Tejas PC\Desktop\Hexaware\.Net_FullStack\Project\Backend-latest\SimpliflyTest\bin\Debug\net6.0\fine-code-coverage\build-output\SimpliflyTest.dll.
TpTrace Verbose: 0 : 13280, 1, 2024/03/04, 17:39:54.966, 9743649834709, vstest.console.dll, ParallelOperationManager.RunWorkInParallel: We started 1 work items, which is the max parallel level. Won't start more work.
TpTrace Verbose: 0 : 13280, 1, 2024/03/04, 17:39:54.966, 9743649837611, vstest.console.dll, ParallelOperationManager.RunWorkInParallel: We started 1 work items in here, returning True.
TpTrace Information: 0 : 13280, 1, 2024/03/04, 17:39:54.966, 9743649839180, vstest.console.dll, TestRunRequest.ExecuteAsync: Started.
TpTrace Verbose: 0 : 13280, 6, 2024/03/04, 17:39:54.966, 9743649840582, vstest.console.dll, ParallelProxyExecutionManager.StartTestRunOnConcurrentManager: Initializing uninitialized client. Started clients: 0
TpTrace Verbose: 0 : 13280, 6, 2024/03/04, 17:39:54.967, 9743649845533, vstest.console.dll, DataCollectionRequestSender.InitializeCommunication : Initialize communication. 
TpTrace Verbose: 0 : 13280, 1, 2024/03/04, 17:39:54.969, 9743649865071, vstest.console.dll, TestRunRequest.WaitForCompletion: Waiting with timeout -1.
TpTrace Information: 0 : 13280, 6, 2024/03/04, 17:39:54.993, 9743650111130, vstest.console.dll, Listening on Endpoint : 127.0.0.1:55612
TpTrace Verbose: 0 : 13280, 6, 2024/03/04, 17:39:55.033, 9743650508395, vstest.console.dll, DotnetDataCollectionLauncher: Adding  --runtimeconfig "C:\Program Files\dotnet\sdk\8.0.100\datacollector.runtimeconfig.json" in args
TpTrace Verbose: 0 : 13280, 6, 2024/03/04, 17:39:55.033, 9743650511179, vstest.console.dll, DotnetDataCollectionLauncher: Adding  --depsfile "C:\Program Files\dotnet\sdk\8.0.100\datacollector.deps.json" in args
TpTrace Verbose: 0 : 13280, 6, 2024/03/04, 17:39:55.034, 9743650516753, vstest.console.dll, DotnetDataCollectionLauncher: Full path of dotnet.exe is C:\Program Files\dotnet\dotnet.exe
TpTrace Information: 0 : 13280, 6, 2024/03/04, 17:39:55.048, 9743650655063, vstest.console.dll, ProxyDataCollectionManager.Initialize: Launched datacollector processId: 7928 port: 55612
TpTrace Information: 0 : 13280, 6, 2024/03/04, 17:39:55.048, 9743650658356, vstest.console.dll, ProxyDataCollectionManager.Initialize: waiting for connection with timeout: 90 seconds
TpTrace Verbose: 0 : 13280, 6, 2024/03/04, 17:39:55.048, 9743650660005, vstest.console.dll, DataCollectionRequestSender.WaitForRequestHandlerConnection : Waiting for connection with timeout: 90000
TpTrace Information: 0 : 13280, 8, 2024/03/04, 17:39:55.520, 9743655383586, vstest.console.dll, Using the buffer size of 16384 bytes
TpTrace Verbose: 0 : 13280, 6, 2024/03/04, 17:39:55.520, 9743655384016, vstest.console.dll, SocketCommunicationManager.WaitForClientConnection took: 472 ms, with 90000 ms timeout, and finished with True.
TpTrace Information: 0 : 13280, 8, 2024/03/04, 17:39:55.521, 9743655385275, vstest.console.dll, Accepted Client request and set the flag
TpTrace Verbose: 0 : 13280, 6, 2024/03/04, 17:39:55.521, 9743655387057, vstest.console.dll, ProxyDataCollectionManager.InvokeDataCollectionServiceAction: Starting.
TpTrace Information: 0 : 13280, 6, 2024/03/04, 17:39:55.521, 9743655389478, vstest.console.dll, ProxyDataCollectionManager.BeforeTestRunStart: Get environment variable and port for datacollector processId: 7928 port: 55612
TpTrace Verbose: 0 : 13280, 6, 2024/03/04, 17:39:55.522, 9743655395384, vstest.console.dll, DataCollectionRequestSender.SendBeforeTestRunStartAndGetResult: Send BeforeTestRunStart message with settingsXml <RunSettings><RunConfiguration><ResultsDirectory>C:\Users\Tejas PC\Desktop\Hexaware\.Net_FullStack\Project\Backend-latest\SimpliflyTest\bin\Debug\net6.0\fine-code-coverage\coverage-tool-output</ResultsDirectory><TargetPlatform>X64</TargetPlatform><TargetFrameworkVersion>.NETCoreApp,Version=v6.0</TargetFrameworkVersion><DesignMode>False</DesignMode><CollectSourceInformation>False</CollectSourceInformation><TestAdaptersPaths>C:\Program Files\dotnet\sdk\8.0.100\Extensions</TestAdaptersPaths></RunConfiguration><LoggerRunSettings><Loggers><Logger friendlyName="blame" enabled="True" /><Logger friendlyName="Console" uri="logger://microsoft/TestPlatform/ConsoleLogger/v1" assemblyQualifiedName="Microsoft.VisualStudio.TestPlatform.CommandLine.Internal.ConsoleLogger, vstest.console, Version=15.0.0.0, Culture=neutral, PublicKeyToken=b03f5f7f11d50a3a" codeBase="C:\Program Files\dotnet\sdk\8.0.100\vstest.console.dll" enabled="True" /></Loggers></LoggerRunSettings><DataCollectionRunSettings><DataCollectors><DataCollector friendlyName="blame" enabled="True"><Configuration><ResultsDirectory>C:\Users\Tejas PC\Desktop\Hexaware\.Net_FullStack\Project\Backend-latest\SimpliflyTest\bin\Debug\net6.0\fine-code-coverage\coverage-tool-output</ResultsDirectory></Configuration></DataCollector></DataCollectors></DataCollectionRunSettings></RunSettings> and sources System.Collections.Generic.List`1[System.String]: 
TpTrace Verbose: 0 : 13280, 6, 2024/03/04, 17:39:55.715, 9743657325462, vstest.console.dll, DataCollectionRequestSender.SendBeforeTestRunStartAndGetResult: Received message: (DataCollection.SendMessage) -> {"MessageType":"DataCollection.SendMessage","Payload":{"FriendlyName":null,"Uri":null,"TestCaseId":"00000000-0000-0000-0000-000000000000","Message":"Logging DataCollector Diagnostics in file: C:\\Users\\Tejas PC\\Desktop\\Hexaware\\.Net_FullStack\\Project\\Backend-latest\\SimpliflyTest\\bin\\Debug\\net6.0\\fine-code-coverage\\coverage-tool-output\\diagnostics.datacollector.24-03-04_17-39-55_03302_6.log","Level":0}}
TpTrace Verbose: 0 : 13280, 6, 2024/03/04, 17:39:55.952, 9743659696161, vstest.console.dll, DataCollectionRequestSender.SendBeforeTestRunStartAndGetResult: Received message: (DataCollection.BeforeTestRunStartResult) -> {"MessageType":"DataCollection.BeforeTestRunStartResult","Payload":{"EnvironmentVariables":{},"DataCollectionEventsPort":55614}}
TpTrace Information: 0 : 13280, 6, 2024/03/04, 17:39:55.964, 9743659816123, vstest.console.dll, ProxyDataCollectionManager.BeforeTestRunStart: SendBeforeTestRunStartAndGetResult successful, env variable from datacollector:   and testhost port: 55614
TpTrace Information: 0 : 13280, 6, 2024/03/04, 17:39:55.964, 9743659818156, vstest.console.dll, ProxyDataCollectionManager.InvokeDataCollectionServiceAction: Completed.
TpTrace Verbose: 0 : 13280, 6, 2024/03/04, 17:39:55.964, 9743659819985, vstest.console.dll, ParallelProxyExecutionManager.StartTestRunOnConcurrentManager: Initializing test run. Started clients: 0
TpTrace Verbose: 0 : 13280, 6, 2024/03/04, 17:39:55.964, 9743659821894, vstest.console.dll, ProxyExecutionManager: Test host is always Lazy initialize.
TpTrace Verbose: 0 : 13280, 6, 2024/03/04, 17:39:55.965, 9743659826291, vstest.console.dll, TestRequestSender.InitializeCommunication: initialize communication. 
TpTrace Information: 0 : 13280, 6, 2024/03/04, 17:39:55.966, 9743659836788, vstest.console.dll, SocketServer.Start: Listening on endpoint : 127.0.0.1:55615
TpTrace Verbose: 0 : 13280, 6, 2024/03/04, 17:39:55.968, 9743659855795, vstest.console.dll, DotnetTestHostmanager.GetTestHostProcessStartInfo: Platform environment 'X64' target architecture 'X64' framework '.NETCoreApp,Version=v6.0' OS 'Windows'
TpTrace Verbose: 0 : 13280, 6, 2024/03/04, 17:39:55.969, 9743659865323, vstest.console.dll, DotnetTestHostmanager: Adding  --runtimeconfig "C:\Users\Tejas PC\Desktop\Hexaware\.Net_FullStack\Project\Backend-latest\SimpliflyTest\bin\Debug\net6.0\fine-code-coverage\build-output\SimpliflyTest.runtimeconfig.json" in args
TpTrace Verbose: 0 : 13280, 6, 2024/03/04, 17:39:55.969, 9743659867771, vstest.console.dll, DotnetTestHostmanager: Adding  --depsfile "C:\Users\Tejas PC\Desktop\Hexaware\.Net_FullStack\Project\Backend-latest\SimpliflyTest\bin\Debug\net6.0\fine-code-coverage\build-output\SimpliflyTest.deps.json" in args
TpTrace Verbose: 0 : 13280, 6, 2024/03/04, 17:39:55.970, 9743659876097, vstest.console.dll, DotnetTestHostmanager.IsWinOnArm: Current PROCESSOR_ARCHITECTURE from environment variable 'AMD64'
TpTrace Verbose: 0 : 13280, 6, 2024/03/04, 17:39:55.970, 9743659878315, vstest.console.dll, DotnetTestHostmanager.IsWinOnArm: Is Windows on ARM 'False'
TpTrace Verbose: 0 : 13280, 6, 2024/03/04, 17:39:55.970, 9743659880479, vstest.console.dll, DotnetTestHostManager: testhost.exe found at path: C:\Users\Tejas PC\Desktop\Hexaware\.Net_FullStack\Project\Backend-latest\SimpliflyTest\bin\Debug\net6.0\fine-code-coverage\build-output\testhost.exe
TpTrace Verbose: 0 : 13280, 6, 2024/03/04, 17:39:55.970, 9743659881588, vstest.console.dll, DotnetTestHostmanager: Full path of host exe is C:\Users\Tejas PC\Desktop\Hexaware\.Net_FullStack\Project\Backend-latest\SimpliflyTest\bin\Debug\net6.0\fine-code-coverage\build-output\testhost.exe
TpTrace Verbose: 0 : 13280, 6, 2024/03/04, 17:39:55.971, 9743659884314, vstest.console.dll, DotnetTestHostmanager.LaunchTestHostAsync: Found 'VSTEST_WINAPPHOST_DOTNET_ROOT' in env variables, value 'C:\Program Files\dotnet', forwarding to 'DOTNET_ROOT'
TpTrace Verbose: 0 : 13280, 6, 2024/03/04, 17:39:55.971, 9743659888143, vstest.console.dll, DotnetTestHostManager: Starting process 'C:\Users\Tejas PC\Desktop\Hexaware\.Net_FullStack\Project\Backend-latest\SimpliflyTest\bin\Debug\net6.0\fine-code-coverage\build-output\testhost.exe' with command line ' --runtimeconfig "C:\Users\Tejas PC\Desktop\Hexaware\.Net_FullStack\Project\Backend-latest\SimpliflyTest\bin\Debug\net6.0\fine-code-coverage\build-output\SimpliflyTest.runtimeconfig.json" --depsfile "C:\Users\Tejas PC\Desktop\Hexaware\.Net_FullStack\Project\Backend-latest\SimpliflyTest\bin\Debug\net6.0\fine-code-coverage\build-output\SimpliflyTest.deps.json" --port 55615 --endpoint 127.0.0.1:055615 --role client --parentprocessid 13280 --diag "C:\Users\Tejas PC\Desktop\Hexaware\.Net_FullStack\Project\Backend-latest\SimpliflyTest\bin\Debug\net6.0\fine-code-coverage\coverage-tool-output\diagnostics.host.24-03-04_17-39-55_96707_6.log" --tracelevel 4 --datacollectionport 55614 --telemetryoptedin false'
TpTrace Verbose: 0 : 13280, 6, 2024/03/04, 17:39:55.987, 9743660045793, vstest.console.dll, MulticastDelegateUtilities.SafeInvoke: HostProviderEvents.OnHostLaunched: Invoking callback 1/2 for Microsoft.VisualStudio.TestPlatform.CrossPlatEngine.Client.ProxyExecutionManagerWithDataCollection., took 2 ms.
TpTrace Verbose: 0 : 13280, 6, 2024/03/04, 17:39:55.988, 9743660054814, vstest.console.dll, Test Runtime launched
TpTrace Verbose: 0 : 13280, 6, 2024/03/04, 17:39:55.988, 9743660056995, vstest.console.dll, MulticastDelegateUtilities.SafeInvoke: HostProviderEvents.OnHostLaunched: Invoking callback 2/2 for Microsoft.VisualStudio.TestPlatform.CrossPlatEngine.Client.ProxyOperationManager., took 0 ms.
TpTrace Verbose: 0 : 13280, 6, 2024/03/04, 17:39:55.990, 9743660076232, vstest.console.dll, TestRequestSender.WaitForRequestHandlerConnection: waiting for connection with timeout: 90000.
TpTrace Verbose: 0 : 13280, 6, 2024/03/04, 17:39:56.425, 9743664431712, vstest.console.dll, TestRequestSender.WaitForRequestHandlerConnection: waiting took 436 ms, with timeout 90000 ms, and result 0, which is success.
TpTrace Verbose: 0 : 13280, 13, 2024/03/04, 17:39:56.425, 9743664431692, vstest.console.dll, MulticastDelegateUtilities.SafeInvoke: SocketServer: ClientConnected: Invoking callback 1/1 for Microsoft.VisualStudio.TestPlatform.CommunicationUtilities.TestRequestSender., took 0 ms.
TpTrace Verbose: 0 : 13280, 13, 2024/03/04, 17:39:56.426, 9743664435449, vstest.console.dll, SocketServer.OnClientConnected: Client connected for endPoint: 127.0.0.1:55615, starting MessageLoopAsync:
TpTrace Verbose: 0 : 13280, 13, 2024/03/04, 17:39:56.427, 9743664446814, vstest.console.dll, TcpClientExtensions.MessageLoopAsync: Polling on remoteEndPoint: 127.0.0.1:55616 localEndPoint: 127.0.0.1:55615
TpTrace Verbose: 0 : 13280, 6, 2024/03/04, 17:39:56.428, 9743664458995, vstest.console.dll, TestRequestSender.CheckVersionWithTestHost: Sending check version message: {"MessageType":"ProtocolVersion","Payload":7}
TpTrace Verbose: 0 : 13280, 13, 2024/03/04, 17:39:56.708, 9743667255388, vstest.console.dll, TcpClientExtensions.MessageLoopAsync: NotifyDataAvailable remoteEndPoint: 127.0.0.1:55616 localEndPoint: 127.0.0.1:55615
TpTrace Verbose: 0 : 13280, 13, 2024/03/04, 17:39:56.708, 9743667263774, vstest.console.dll, TestRequestSender.CheckVersionWithTestHost: onMessageReceived received message: (ProtocolVersion) -> {"MessageType":"ProtocolVersion","Payload":7}
TpTrace Verbose: 0 : 13280, 13, 2024/03/04, 17:39:56.710, 9743667277677, vstest.console.dll, MulticastDelegateUtilities.SafeInvoke: LengthPrefixCommunicationChannel: MessageReceived: Invoking callback 1/1 for Microsoft.VisualStudio.TestPlatform.CommunicationUtilities.TestRequestSender+<>c__DisplayClass29_0., took 1 ms.
TpTrace Verbose: 0 : 13280, 13, 2024/03/04, 17:39:56.710, 9743667279181, vstest.console.dll, TcpClientExtensions.MessageLoopAsync: Polling on remoteEndPoint: 127.0.0.1:55616 localEndPoint: 127.0.0.1:55615
TpTrace Verbose: 0 : 13280, 6, 2024/03/04, 17:39:56.710, 9743667279542, vstest.console.dll, TestPluginCache.GetExtensionPaths: Filtered extension paths: 
TpTrace Verbose: 0 : 13280, 6, 2024/03/04, 17:39:56.710, 9743667281182, vstest.console.dll, TestPluginCache.GetExtensionPaths: Added default extension paths: C:\Program Files\dotnet\sdk\8.0.100\Extensions\Microsoft.Diagnostics.NETCore.Client.dll
C:\Program Files\dotnet\sdk\8.0.100\Extensions\Microsoft.TestPlatform.Extensions.BlameDataCollector.dll
C:\Program Files\dotnet\sdk\8.0.100\Extensions\Microsoft.TestPlatform.Extensions.EventLogCollector.dll
C:\Program Files\dotnet\sdk\8.0.100\Extensions\Microsoft.TestPlatform.TestHostRuntimeProvider.dll
C:\Program Files\dotnet\sdk\8.0.100\Extensions\Microsoft.VisualStudio.TestPlatform.Extensions.Html.TestLogger.dll
C:\Program Files\dotnet\sdk\8.0.100\Extensions\Microsoft.VisualStudio.TestPlatform.Extensions.Trx.TestLogger.dll
TpTrace Verbose: 0 : 13280, 6, 2024/03/04, 17:39:56.710, 9743667281831, vstest.console.dll, TestPluginCache.GetExtensionPaths: Added unfilterableExtensionPaths: 
TpTrace Verbose: 0 : 13280, 6, 2024/03/04, 17:39:56.715, 9743667330780, vstest.console.dll, TestRequestSender.InitializeExecution: Sending initialize execution with message: {"Version":7,"MessageType":"TestExecution.Initialize","Payload":["C:\\Users\\Tejas PC\\Desktop\\Hexaware\\.Net_FullStack\\Project\\Backend-latest\\SimpliflyTest\\bin\\Debug\\net6.0\\fine-code-coverage\\build-output\\NUnit3.TestAdapter.dll"]}
TpTrace Verbose: 0 : 13280, 6, 2024/03/04, 17:39:56.715, 9743667333543, vstest.console.dll, ParallelProxyExecutionManager.StartTestRunOnConcurrentManager: Execution starting. Started clients: 1
TpTrace Verbose: 0 : 13280, 13, 2024/03/04, 17:39:56.716, 9743667341586, vstest.console.dll, TcpClientExtensions.MessageLoopAsync: NotifyDataAvailable remoteEndPoint: 127.0.0.1:55616 localEndPoint: 127.0.0.1:55615
TpTrace Verbose: 0 : 13280, 13, 2024/03/04, 17:39:56.716, 9743667343092, vstest.console.dll, LengthPrefixCommunicationChannel.NotifyDataAvailable: New data are waiting to be received, but there is no subscriber to be notified. Not reading them from the stream.
TpTrace Verbose: 0 : 13280, 13, 2024/03/04, 17:39:56.716, 9743667344049, vstest.console.dll, TcpClientExtensions.MessageLoopAsync: Polling on remoteEndPoint: 127.0.0.1:55616 localEndPoint: 127.0.0.1:55615
TpTrace Verbose: 0 : 13280, 13, 2024/03/04, 17:39:56.717, 9743667345089, vstest.console.dll, TcpClientExtensions.MessageLoopAsync: NotifyDataAvailable remoteEndPoint: 127.0.0.1:55616 localEndPoint: 127.0.0.1:55615
TpTrace Verbose: 0 : 13280, 13, 2024/03/04, 17:39:56.717, 9743667345608, vstest.console.dll, LengthPrefixCommunicationChannel.NotifyDataAvailable: New data are waiting to be received, but there is no subscriber to be notified. Not reading them from the stream.
TpTrace Verbose: 0 : 13280, 13, 2024/03/04, 17:39:56.717, 9743667346087, vstest.console.dll, TcpClientExtensions.MessageLoopAsync: Polling on remoteEndPoint: 127.0.0.1:55616 localEndPoint: 127.0.0.1:55615
TpTrace Verbose: 0 : 13280, 13, 2024/03/04, 17:39:56.717, 9743667346728, vstest.console.dll, TcpClientExtensions.MessageLoopAsync: NotifyDataAvailable remoteEndPoint: 127.0.0.1:55616 localEndPoint: 127.0.0.1:55615
TpTrace Verbose: 0 : 13280, 13, 2024/03/04, 17:39:56.717, 9743667347465, vstest.console.dll, LengthPrefixCommunicationChannel.NotifyDataAvailable: New data are waiting to be received, but there is no subscriber to be notified. Not reading them from the stream.
TpTrace Verbose: 0 : 13280, 13, 2024/03/04, 17:39:56.717, 9743667347968, vstest.console.dll, TcpClientExtensions.MessageLoopAsync: Polling on remoteEndPoint: 127.0.0.1:55616 localEndPoint: 127.0.0.1:55615
TpTrace Verbose: 0 : 13280, 6, 2024/03/04, 17:39:56.717, 9743667348257, vstest.console.dll, TestRunRequest:SendTestRunMessage: Starting.
TpTrace Verbose: 0 : 13280, 13, 2024/03/04, 17:39:56.717, 9743667348470, vstest.console.dll, TcpClientExtensions.MessageLoopAsync: NotifyDataAvailable remoteEndPoint: 127.0.0.1:55616 localEndPoint: 127.0.0.1:55615
TpTrace Verbose: 0 : 13280, 13, 2024/03/04, 17:39:56.717, 9743667350352, vstest.console.dll, LengthPrefixCommunicationChannel.NotifyDataAvailable: New data are waiting to be received, but there is no subscriber to be notified. Not reading them from the stream.
TpTrace Verbose: 0 : 13280, 6, 2024/03/04, 17:39:56.717, 9743667350796, vstest.console.dll, MulticastDelegateUtilities.SafeInvoke: TestRun.LogMessages: Invoking callback 1/1 for Microsoft.VisualStudio.TestPlatform.CommandLine.TestRunResultAggregator., took 0 ms.
TpTrace Information: 0 : 13280, 6, 2024/03/04, 17:39:56.717, 9743667351581, vstest.console.dll, TestRunRequest:SendTestRunMessage: Completed.
TpTrace Verbose: 0 : 13280, 13, 2024/03/04, 17:39:56.717, 9743667350976, vstest.console.dll, TcpClientExtensions.MessageLoopAsync: Polling on remoteEndPoint: 127.0.0.1:55616 localEndPoint: 127.0.0.1:55615
TpTrace Verbose: 0 : 13280, 13, 2024/03/04, 17:39:56.717, 9743667353225, vstest.console.dll, TcpClientExtensions.MessageLoopAsync: NotifyDataAvailable remoteEndPoint: 127.0.0.1:55616 localEndPoint: 127.0.0.1:55615
TpTrace Verbose: 0 : 13280, 13, 2024/03/04, 17:39:56.717, 9743667353838, vstest.console.dll, LengthPrefixCommunicationChannel.NotifyDataAvailable: New data are waiting to be received, but there is no subscriber to be notified. Not reading them from the stream.
TpTrace Verbose: 0 : 13280, 13, 2024/03/04, 17:39:56.718, 9743667354321, vstest.console.dll, TcpClientExtensions.MessageLoopAsync: Polling on remoteEndPoint: 127.0.0.1:55616 localEndPoint: 127.0.0.1:55615
TpTrace Verbose: 0 : 13280, 13, 2024/03/04, 17:39:56.718, 9743667354843, vstest.console.dll, TcpClientExtensions.MessageLoopAsync: NotifyDataAvailable remoteEndPoint: 127.0.0.1:55616 localEndPoint: 127.0.0.1:55615
TpTrace Verbose: 0 : 13280, 5, 2024/03/04, 17:39:56.718, 9743667354812, vstest.console.dll, MulticastDelegateUtilities.SafeInvoke: InternalTestLoggerEvents.SendTestRunMessage: Invoking callback 1/1 for Microsoft.VisualStudio.TestPlatform.CommandLine.Internal.ConsoleLogger., took 0 ms.
TpTrace Verbose: 0 : 13280, 13, 2024/03/04, 17:39:56.718, 9743667355350, vstest.console.dll, LengthPrefixCommunicationChannel.NotifyDataAvailable: New data are waiting to be received, but there is no subscriber to be notified. Not reading them from the stream.
TpTrace Verbose: 0 : 13280, 13, 2024/03/04, 17:39:56.718, 9743667357309, vstest.console.dll, TcpClientExtensions.MessageLoopAsync: Polling on remoteEndPoint: 127.0.0.1:55616 localEndPoint: 127.0.0.1:55615
TpTrace Verbose: 0 : 13280, 13, 2024/03/04, 17:39:56.718, 9743667357999, vstest.console.dll, TcpClientExtensions.MessageLoopAsync: NotifyDataAvailable remoteEndPoint: 127.0.0.1:55616 localEndPoint: 127.0.0.1:55615
TpTrace Verbose: 0 : 13280, 13, 2024/03/04, 17:39:56.718, 9743667358809, vstest.console.dll, LengthPrefixCommunicationChannel.NotifyDataAvailable: New data are waiting to be received, but there is no subscriber to be notified. Not reading them from the stream.
TpTrace Verbose: 0 : 13280, 13, 2024/03/04, 17:39:56.718, 9743667359289, vstest.console.dll, TcpClientExtensions.MessageLoopAsync: Polling on remoteEndPoint: 127.0.0.1:55616 localEndPoint: 127.0.0.1:55615
TpTrace Verbose: 0 : 13280, 13, 2024/03/04, 17:39:56.718, 9743667359815, vstest.console.dll, TcpClientExtensions.MessageLoopAsync: NotifyDataAvailable remoteEndPoint: 127.0.0.1:55616 localEndPoint: 127.0.0.1:55615
TpTrace Verbose: 0 : 13280, 13, 2024/03/04, 17:39:56.718, 9743667360257, vstest.console.dll, LengthPrefixCommunicationChannel.NotifyDataAvailable: New data are waiting to be received, but there is no subscriber to be notified. Not reading them from the stream.
TpTrace Verbose: 0 : 13280, 13, 2024/03/04, 17:39:56.718, 9743667360743, vstest.console.dll, TcpClientExtensions.MessageLoopAsync: Polling on remoteEndPoint: 127.0.0.1:55616 localEndPoint: 127.0.0.1:55615
TpTrace Verbose: 0 : 13280, 13, 2024/03/04, 17:39:56.718, 9743667361378, vstest.console.dll, TcpClientExtensions.MessageLoopAsync: NotifyDataAvailable remoteEndPoint: 127.0.0.1:55616 localEndPoint: 127.0.0.1:55615
TpTrace Verbose: 0 : 13280, 13, 2024/03/04, 17:39:56.718, 9743667361825, vstest.console.dll, LengthPrefixCommunicationChannel.NotifyDataAvailable: New data are waiting to be received, but there is no subscriber to be notified. Not reading them from the stream.
TpTrace Warning: 0 : 13280, 6, 2024/03/04, 17:39:56.718, 9743667361976, vstest.console.dll, InferRunSettingsHelper.MakeRunsettingsCompatible: Removing the following settings: TargetPlatform from RunSettings file. To use those settings please move to latest version of Microsoft.NET.Test.Sdk
TpTrace Verbose: 0 : 13280, 13, 2024/03/04, 17:39:56.718, 9743667363382, vstest.console.dll, TcpClientExtensions.MessageLoopAsync: Polling on remoteEndPoint: 127.0.0.1:55616 localEndPoint: 127.0.0.1:55615
TpTrace Verbose: 0 : 13280, 13, 2024/03/04, 17:39:56.719, 9743667364377, vstest.console.dll, TcpClientExtensions.MessageLoopAsync: NotifyDataAvailable remoteEndPoint: 127.0.0.1:55616 localEndPoint: 127.0.0.1:55615
TpTrace Verbose: 0 : 13280, 13, 2024/03/04, 17:39:56.719, 9743667364876, vstest.console.dll, LengthPrefixCommunicationChannel.NotifyDataAvailable: New data are waiting to be received, but there is no subscriber to be notified. Not reading them from the stream.
TpTrace Verbose: 0 : 13280, 13, 2024/03/04, 17:39:56.719, 9743667365362, vstest.console.dll, TcpClientExtensions.MessageLoopAsync: Polling on remoteEndPoint: 127.0.0.1:55616 localEndPoint: 127.0.0.1:55615
TpTrace Verbose: 0 : 13280, 13, 2024/03/04, 17:39:56.719, 9743667365859, vstest.console.dll, TcpClientExtensions.MessageLoopAsync: NotifyDataAvailable remoteEndPoint: 127.0.0.1:55616 localEndPoint: 127.0.0.1:55615
TpTrace Verbose: 0 : 13280, 13, 2024/03/04, 17:39:56.719, 9743667366298, vstest.console.dll, LengthPrefixCommunicationChannel.NotifyDataAvailable: New data are waiting to be received, but there is no subscriber to be notified. Not reading them from the stream.
TpTrace Verbose: 0 : 13280, 13, 2024/03/04, 17:39:56.719, 9743667366922, vstest.console.dll, TcpClientExtensions.MessageLoopAsync: Polling on remoteEndPoint: 127.0.0.1:55616 localEndPoint: 127.0.0.1:55615
TpTrace Verbose: 0 : 13280, 13, 2024/03/04, 17:39:56.719, 9743667367436, vstest.console.dll, TcpClientExtensions.MessageLoopAsync: NotifyDataAvailable remoteEndPoint: 127.0.0.1:55616 localEndPoint: 127.0.0.1:55615
TpTrace Verbose: 0 : 13280, 13, 2024/03/04, 17:39:56.719, 9743667371462, vstest.console.dll, TestRequestSender.OnExecutionMessageReceived: Received message: {"Version":7,"MessageType":"TestSession.Message","Payload":{"MessageLevel":0,"Message":"Logging TestHost Diagnostics in file: C:\\Users\\Tejas PC\\Desktop\\Hexaware\\.Net_FullStack\\Project\\Backend-latest\\SimpliflyTest\\bin\\Debug\\net6.0\\fine-code-coverage\\coverage-tool-output\\diagnostics.host.24-03-04_17-39-55_96707_6.log"}}
TpTrace Verbose: 0 : 13280, 13, 2024/03/04, 17:39:56.723, 9743667407546, vstest.console.dll, TestRunRequest:SendTestRunMessage: Starting.
TpTrace Verbose: 0 : 13280, 13, 2024/03/04, 17:39:56.723, 9743667409728, vstest.console.dll, MulticastDelegateUtilities.SafeInvoke: TestRun.LogMessages: Invoking callback 1/1 for Microsoft.VisualStudio.TestPlatform.CommandLine.TestRunResultAggregator., took 0 ms.
TpTrace Information: 0 : 13280, 13, 2024/03/04, 17:39:56.723, 9743667410353, vstest.console.dll, TestRunRequest:SendTestRunMessage: Completed.
TpTrace Verbose: 0 : 13280, 5, 2024/03/04, 17:39:56.723, 9743667410484, vstest.console.dll, MulticastDelegateUtilities.SafeInvoke: InternalTestLoggerEvents.SendTestRunMessage: Invoking callback 1/1 for Microsoft.VisualStudio.TestPlatform.CommandLine.Internal.ConsoleLogger., took 0 ms.
TpTrace Verbose: 0 : 13280, 13, 2024/03/04, 17:39:56.723, 9743667412134, vstest.console.dll, MulticastDelegateUtilities.SafeInvoke: LengthPrefixCommunicationChannel: MessageReceived: Invoking callback 1/1 for Microsoft.VisualStudio.TestPlatform.CommunicationUtilities.TestRequestSender+<>c__DisplayClass34_0., took 4 ms.
TpTrace Verbose: 0 : 13280, 13, 2024/03/04, 17:39:56.723, 9743667413005, vstest.console.dll, TcpClientExtensions.MessageLoopAsync: Polling on remoteEndPoint: 127.0.0.1:55616 localEndPoint: 127.0.0.1:55615
TpTrace Verbose: 0 : 13280, 6, 2024/03/04, 17:39:56.731, 9743667486017, vstest.console.dll, TestRequestSender.StartTestRun: Sending test run with message: {"Version":7,"MessageType":"TestExecution.StartWithSources","Payload":{"AdapterSourceMap":{"_none_":["C:\\Users\\Tejas PC\\Desktop\\Hexaware\\.Net_FullStack\\Project\\Backend-latest\\SimpliflyTest\\bin\\Debug\\net6.0\\fine-code-coverage\\build-output\\SimpliflyTest.dll"]},"RunSettings":"<RunSettings>\r\n  <RunConfiguration>\r\n    <ResultsDirectory>C:\\Users\\Tejas PC\\Desktop\\Hexaware\\.Net_FullStack\\Project\\Backend-latest\\SimpliflyTest\\bin\\Debug\\net6.0\\fine-code-coverage\\coverage-tool-output</ResultsDirectory>\r\n    <TargetFrameworkVersion>.NETCoreApp,Version=v6.0</TargetFrameworkVersion>\r\n    <DesignMode>False</DesignMode>\r\n    <CollectSourceInformation>False</CollectSourceInformation>\r\n  </RunConfiguration>\r\n  <LoggerRunSettings>\r\n    <Loggers>\r\n      <Logger friendlyName=\"blame\" enabled=\"True\" />\r\n      <Logger friendlyName=\"Console\" uri=\"logger://microsoft/TestPlatform/ConsoleLogger/v1\" assemblyQualifiedName=\"Microsoft.VisualStudio.TestPlatform.CommandLine.Internal.ConsoleLogger, vstest.console, Version=15.0.0.0, Culture=neutral, PublicKeyToken=b03f5f7f11d50a3a\" codeBase=\"C:\\Program Files\\dotnet\\sdk\\8.0.100\\vstest.console.dll\" enabled=\"True\" />\r\n    </Loggers>\r\n  </LoggerRunSettings>\r\n  <DataCollectionRunSettings>\r\n    <DataCollectors>\r\n      <DataCollector friendlyName=\"blame\" enabled=\"True\">\r\n        <Configuration>\r\n          <ResultsDirectory>C:\\Users\\Tejas PC\\Desktop\\Hexaware\\.Net_FullStack\\Project\\Backend-latest\\SimpliflyTest\\bin\\Debug\\net6.0\\fine-code-coverage\\coverage-tool-output</ResultsDirectory>\r\n        </Configuration>\r\n      </DataCollector>\r\n    </DataCollectors>\r\n  </DataCollectionRunSettings>\r\n</RunSettings>","TestExecutionContext":{"FrequencyOfRunStatsChangeEvent":10,"RunStatsChangeEventTimeout":"00:00:01.5000000","InIsolation":false,"KeepAlive":false,"AreTestCaseLevelEventsRequired":false,"IsDebug":false,"TestCaseFilter":null,"FilterOptions":null},"Package":null}}
TpTrace Verbose: 0 : 13280, 6, 2024/03/04, 17:39:56.731, 9743667489424, vstest.console.dll, ParallelProxyExecutionManager.StartTestRunOnConcurrentManager: Execution started. Started clients: 1
TpTrace Verbose: 0 : 13280, 13, 2024/03/04, 17:39:57.141, 9743671585795, vstest.console.dll, TcpClientExtensions.MessageLoopAsync: NotifyDataAvailable remoteEndPoint: 127.0.0.1:55616 localEndPoint: 127.0.0.1:55615
TpTrace Verbose: 0 : 13280, 13, 2024/03/04, 17:39:57.141, 9743671588380, vstest.console.dll, TestRequestSender.OnExecutionMessageReceived: Received message: {"Version":7,"MessageType":"TestSession.Message","Payload":{"MessageLevel":0,"Message":"NUnit Adapter 4.4.0.0: Test execution started"}}
TpTrace Verbose: 0 : 13280, 13, 2024/03/04, 17:39:57.141, 9743671590865, vstest.console.dll, TestRunRequest:SendTestRunMessage: Starting.
TpTrace Verbose: 0 : 13280, 13, 2024/03/04, 17:39:57.141, 9743671591989, vstest.console.dll, MulticastDelegateUtilities.SafeInvoke: TestRun.LogMessages: Invoking callback 1/1 for Microsoft.VisualStudio.TestPlatform.CommandLine.TestRunResultAggregator., took 0 ms.
TpTrace Information: 0 : 13280, 13, 2024/03/04, 17:39:57.141, 9743671592469, vstest.console.dll, TestRunRequest:SendTestRunMessage: Completed.
TpTrace Verbose: 0 : 13280, 5, 2024/03/04, 17:39:57.141, 9743671592803, vstest.console.dll, MulticastDelegateUtilities.SafeInvoke: InternalTestLoggerEvents.SendTestRunMessage: Invoking callback 1/1 for Microsoft.VisualStudio.TestPlatform.CommandLine.Internal.ConsoleLogger., took 0 ms.
TpTrace Verbose: 0 : 13280, 13, 2024/03/04, 17:39:57.141, 9743671592892, vstest.console.dll, MulticastDelegateUtilities.SafeInvoke: LengthPrefixCommunicationChannel: MessageReceived: Invoking callback 1/1 for Microsoft.VisualStudio.TestPlatform.CommunicationUtilities.TestRequestSender+<>c__DisplayClass34_0., took 0 ms.
TpTrace Verbose: 0 : 13280, 13, 2024/03/04, 17:39:57.142, 9743671594731, vstest.console.dll, TcpClientExtensions.MessageLoopAsync: Polling on remoteEndPoint: 127.0.0.1:55616 localEndPoint: 127.0.0.1:55615
TpTrace Verbose: 0 : 13280, 13, 2024/03/04, 17:39:57.199, 9743672164993, vstest.console.dll, TcpClientExtensions.MessageLoopAsync: NotifyDataAvailable remoteEndPoint: 127.0.0.1:55616 localEndPoint: 127.0.0.1:55615
TpTrace Verbose: 0 : 13280, 13, 2024/03/04, 17:39:57.199, 9743672167196, vstest.console.dll, TestRequestSender.OnExecutionMessageReceived: Received message: {"Version":7,"MessageType":"TestSession.Message","Payload":{"MessageLevel":0,"Message":"Running all tests in C:\\Users\\Tejas PC\\Desktop\\Hexaware\\.Net_FullStack\\Project\\Backend-latest\\SimpliflyTest\\bin\\Debug\\net6.0\\fine-code-coverage\\build-output\\SimpliflyTest.dll"}}
TpTrace Verbose: 0 : 13280, 13, 2024/03/04, 17:39:57.199, 9743672169607, vstest.console.dll, TestRunRequest:SendTestRunMessage: Starting.
TpTrace Verbose: 0 : 13280, 13, 2024/03/04, 17:39:57.199, 9743672171033, vstest.console.dll, MulticastDelegateUtilities.SafeInvoke: TestRun.LogMessages: Invoking callback 1/1 for Microsoft.VisualStudio.TestPlatform.CommandLine.TestRunResultAggregator., took 0 ms.
TpTrace Verbose: 0 : 13280, 5, 2024/03/04, 17:39:57.199, 9743672171527, vstest.console.dll, MulticastDelegateUtilities.SafeInvoke: InternalTestLoggerEvents.SendTestRunMessage: Invoking callback 1/1 for Microsoft.VisualStudio.TestPlatform.CommandLine.Internal.ConsoleLogger., took 0 ms.
TpTrace Information: 0 : 13280, 13, 2024/03/04, 17:39:57.199, 9743672172098, vstest.console.dll, TestRunRequest:SendTestRunMessage: Completed.
TpTrace Verbose: 0 : 13280, 13, 2024/03/04, 17:39:57.199, 9743672174014, vstest.console.dll, MulticastDelegateUtilities.SafeInvoke: LengthPrefixCommunicationChannel: MessageReceived: Invoking callback 1/1 for Microsoft.VisualStudio.TestPlatform.CommunicationUtilities.TestRequestSender+<>c__DisplayClass34_0., took 0 ms.
TpTrace Verbose: 0 : 13280, 13, 2024/03/04, 17:39:57.200, 9743672174621, vstest.console.dll, TcpClientExtensions.MessageLoopAsync: Polling on remoteEndPoint: 127.0.0.1:55616 localEndPoint: 127.0.0.1:55615
TpTrace Verbose: 0 : 13280, 13, 2024/03/04, 17:39:57.647, 9743676651065, vstest.console.dll, TcpClientExtensions.MessageLoopAsync: NotifyDataAvailable remoteEndPoint: 127.0.0.1:55616 localEndPoint: 127.0.0.1:55615
TpTrace Verbose: 0 : 13280, 13, 2024/03/04, 17:39:57.647, 9743676653199, vstest.console.dll, TestRequestSender.OnExecutionMessageReceived: Received message: {"Version":7,"MessageType":"TestSession.Message","Payload":{"MessageLevel":0,"Message":"   NUnit3TestExecutor discovered 75 of 75 NUnit test cases using Current Discovery mode, Non-Explicit run"}}
TpTrace Verbose: 0 : 13280, 13, 2024/03/04, 17:39:57.648, 9743676655181, vstest.console.dll, TestRunRequest:SendTestRunMessage: Starting.
TpTrace Verbose: 0 : 13280, 13, 2024/03/04, 17:39:57.648, 9743676656316, vstest.console.dll, MulticastDelegateUtilities.SafeInvoke: TestRun.LogMessages: Invoking callback 1/1 for Microsoft.VisualStudio.TestPlatform.CommandLine.TestRunResultAggregator., took 0 ms.
TpTrace Information: 0 : 13280, 13, 2024/03/04, 17:39:57.648, 9743676656867, vstest.console.dll, TestRunRequest:SendTestRunMessage: Completed.
TpTrace Verbose: 0 : 13280, 5, 2024/03/04, 17:39:57.648, 9743676656916, vstest.console.dll, MulticastDelegateUtilities.SafeInvoke: InternalTestLoggerEvents.SendTestRunMessage: Invoking callback 1/1 for Microsoft.VisualStudio.TestPlatform.CommandLine.Internal.ConsoleLogger., took 0 ms.
TpTrace Verbose: 0 : 13280, 13, 2024/03/04, 17:39:57.648, 9743676657572, vstest.console.dll, MulticastDelegateUtilities.SafeInvoke: LengthPrefixCommunicationChannel: MessageReceived: Invoking callback 1/1 for Microsoft.VisualStudio.TestPlatform.CommunicationUtilities.TestRequestSender+<>c__DisplayClass34_0., took 0 ms.
TpTrace Verbose: 0 : 13280, 13, 2024/03/04, 17:39:57.648, 9743676659607, vstest.console.dll, TcpClientExtensions.MessageLoopAsync: Polling on remoteEndPoint: 127.0.0.1:55616 localEndPoint: 127.0.0.1:55615
TpTrace Verbose: 0 : 13280, 13, 2024/03/04, 17:39:58.450, 9743684679706, vstest.console.dll, TcpClientExtensions.MessageLoopAsync: NotifyDataAvailable remoteEndPoint: 127.0.0.1:55616 localEndPoint: 127.0.0.1:55615
TpTrace Verbose: 0 : 13280, 13, 2024/03/04, 17:39:58.450, 9743684681784, vstest.console.dll, TestRequestSender.OnExecutionMessageReceived: Received message: {"Version":7,"MessageType":"TestExecution.StatsChange","Payload":{"NewTestResults":[],"TestRunStatistics":{"ExecutedTests":0,"Stats":{}},"ActiveTests":[{"Id":"3a87b55f-b89a-275b-d434-c2fdca67a049","FullyQualifiedName":"SimpliflyTest.AdminServiceTest.DeleteUserNoSuchUserExceptionTest","DisplayName":"DeleteUserNoSuchUserExceptionTest","ExecutorUri":"executor://NUnit3TestExecutor","Source":"C:\\Users\\Tejas PC\\Desktop\\Hexaware\\.Net_FullStack\\Project\\Backend-latest\\SimpliflyTest\\bin\\Debug\\net6.0\\fine-code-coverage\\build-output\\SimpliflyTest.dll","CodeFilePath":null,"LineNumber":0,"Properties":[{"Key":{"Id":"NUnit.Seed","Label":"Seed","Category":"","Description":"","Attributes":0,"ValueType":"System.String"},"Value":"557773311"}]}]}}
TpTrace Verbose: 0 : 13280, 13, 2024/03/04, 17:39:58.474, 9743684922954, vstest.console.dll, TestRunRequest:SendTestRunStatsChange: Starting.
TpTrace Verbose: 0 : 13280, 13, 2024/03/04, 17:39:58.475, 9743684924894, vstest.console.dll, InProgress is DeleteUserNoSuchUserExceptionTest
TpTrace Verbose: 0 : 13280, 13, 2024/03/04, 17:39:58.475, 9743684926091, vstest.console.dll, MulticastDelegateUtilities.SafeInvoke: TestRun.RunStatsChanged: Invoking callbacks was skipped because there are no subscribers.
TpTrace Information: 0 : 13280, 13, 2024/03/04, 17:39:58.475, 9743684926582, vstest.console.dll, TestRunRequest:SendTestRunStatsChange: Completed.
TpTrace Verbose: 0 : 13280, 13, 2024/03/04, 17:39:58.475, 9743684927279, vstest.console.dll, MulticastDelegateUtilities.SafeInvoke: LengthPrefixCommunicationChannel: MessageReceived: Invoking callback 1/1 for Microsoft.VisualStudio.TestPlatform.CommunicationUtilities.TestRequestSender+<>c__DisplayClass34_0., took 24 ms.
TpTrace Verbose: 0 : 13280, 13, 2024/03/04, 17:39:58.475, 9743684927727, vstest.console.dll, TcpClientExtensions.MessageLoopAsync: Polling on remoteEndPoint: 127.0.0.1:55616 localEndPoint: 127.0.0.1:55615
TpTrace Verbose: 0 : 13280, 13, 2024/03/04, 17:39:59.484, 9743695014081, vstest.console.dll, TcpClientExtensions.MessageLoopAsync: Polling on remoteEndPoint: 127.0.0.1:55616 localEndPoint: 127.0.0.1:55615
TpTrace Verbose: 0 : 13280, 13, 2024/03/04, 17:39:59.998, 9743700156366, vstest.console.dll, TcpClientExtensions.MessageLoopAsync: NotifyDataAvailable remoteEndPoint: 127.0.0.1:55616 localEndPoint: 127.0.0.1:55615
TpTrace Verbose: 0 : 13280, 13, 2024/03/04, 17:39:59.998, 9743700163928, vstest.console.dll, TestRequestSender.OnExecutionMessageReceived: Received message: {"Version":7,"MessageType":"TestExecution.StatsChange","Payload":{"NewTestResults":[{"TestCase":{"Id":"3a87b55f-b89a-275b-d434-c2fdca67a049","FullyQualifiedName":"SimpliflyTest.AdminServiceTest.DeleteUserNoSuchUserExceptionTest","DisplayName":"DeleteUserNoSuchUserExceptionTest","ExecutorUri":"executor://NUnit3TestExecutor","Source":"C:\\Users\\Tejas PC\\Desktop\\Hexaware\\.Net_FullStack\\Project\\Backend-latest\\SimpliflyTest\\bin\\Debug\\net6.0\\fine-code-coverage\\build-output\\SimpliflyTest.dll","CodeFilePath":null,"LineNumber":0,"Properties":[{"Key":{"Id":"NUnit.Seed","Label":"Seed","Category":"","Description":"","Attributes":0,"ValueType":"System.String"},"Value":"557773311"}]},"Attachments":[],"Outcome":1,"ErrorMessage":null,"ErrorStackTrace":null,"DisplayName":"DeleteUserNoSuchUserExceptionTest","Messages":[],"ComputerName":"TEJAS","Duration":"00:00:01.7505120","StartTime":"2024-03-04T12:09:57.7097651+00:00","EndTime":"2024-03-04T12:09:59.4600886+00:00","Properties":[{"Key":{"Id":"NUnit.Seed","Label":"Seed","Category":"","Description":"","Attributes":0,"ValueType":"System.String"},"Value":"557773311"}]},{"TestCase":{"Id":"d893438a-d77f-5d21-def1-faa18e98ff8d","FullyQualifiedName":"SimpliflyTest.AdminServiceTest.DeleteUserTest","DisplayName":"DeleteUserTest","ExecutorUri":"executor://NUnit3TestExecutor","Source":"C:\\Users\\Tejas PC\\Desktop\\Hexaware\\.Net_FullStack\\Project\\Backend-latest\\SimpliflyTest\\bin\\Debug\\net6.0\\fine-code-coverage\\build-output\\SimpliflyTest.dll","CodeFilePath":null,"LineNumber":0,"Properties":[{"Key":{"Id":"NUnit.Seed","Label":"Seed","Category":"","Description":"","Attributes":0,"ValueType":"System.String"},"Value":"323607205"}]},"Attachments":[],"Outcome":1,"ErrorMessage":null,"ErrorStackTrace":null,"DisplayName":"DeleteUserTest","Messages":[],"ComputerName":"TEJAS","Duration":"00:00:00.2567710","StartTime":"2024-03-04T12:09:59.4633701+00:00","EndTime":"2024-03-04T12:09:59.7201408+00:00","Properties":[{"Key":{"Id":"NUnit.Seed","Label":"Seed","Category":"","Description":"","Attributes":0,"ValueType":"System.String"},"Value":"323607205"}]},{"TestCase":{"Id":"f186a70f-312b-b75f-605d-6c815ba14047","FullyQualifiedName":"SimpliflyTest.AdminServiceTest.GetAdminByUsernameNoSuchAdminExceptionTest","DisplayName":"GetAdminByUsernameNoSuchAdminExceptionTest","ExecutorUri":"executor://NUnit3TestExecutor","Source":"C:\\Users\\Tejas PC\\Desktop\\Hexaware\\.Net_FullStack\\Project\\Backend-latest\\SimpliflyTest\\bin\\Debug\\net6.0\\fine-code-coverage\\build-output\\SimpliflyTest.dll","CodeFilePath":null,"LineNumber":0,"Properties":[{"Key":{"Id":"NUnit.Seed","Label":"Seed","Category":"","Description":"","Attributes":0,"ValueType":"System.String"},"Value":"77620255"}]},"Attachments":[],"Outcome":1,"ErrorMessage":null,"ErrorStackTrace":null,"DisplayName":"GetAdminByUsernameNoSuchAdminExceptionTest","Messages":[],"ComputerName":"TEJAS","Duration":"00:00:00.0742760","StartTime":"2024-03-04T12:09:59.7202135+00:00","EndTime":"2024-03-04T12:09:59.7944887+00:00","Properties":[{"Key":{"Id":"NUnit.Seed","Label":"Seed","Category":"","Description":"","Attributes":0,"ValueType":"System.String"},"Value":"77620255"}]},{"TestCase":{"Id":"21227762-2a70-9480-f9dd-e7773941a47e","FullyQualifiedName":"SimpliflyTest.AdminServiceTest.GetAdminByUsernameTest","DisplayName":"GetAdminByUsernameTest","ExecutorUri":"executor://NUnit3TestExecutor","Source":"C:\\Users\\Tejas PC\\Desktop\\Hexaware\\.Net_FullStack\\Project\\Backend-latest\\SimpliflyTest\\bin\\Debug\\net6.0\\fine-code-coverage\\build-output\\SimpliflyTest.dll","CodeFilePath":null,"LineNumber":0,"Properties":[{"Key":{"Id":"NUnit.Seed","Label":"Seed","Category":"","Description":"","Attributes":0,"ValueType":"System.String"},"Value":"1114968195"}]},"Attachments":[],"Outcome":1,"ErrorMessage":null,"ErrorStackTrace":null,"DisplayName":"GetAdminByUsernameTest","Messages":[],"ComputerName":"TEJAS","Duration":"00:00:00.0665480","StartTime":"2024-03-04T12:09:59.794559+00:00","EndTime":"2024-03-04T12:09:59.8611065+00:00","Properties":[{"Key":{"Id":"NUnit.Seed","Label":"Seed","Category":"","Description":"","Attributes":0,"ValueType":"System.String"},"Value":"1114968195"}]},{"TestCase":{"Id":"114fef8e-9192-413d-b13d-2f09b88519ce","FullyQualifiedName":"SimpliflyTest.AdminServiceTest.UpdateAdminNoSuchAdminExceptionTest","DisplayName":"UpdateAdminNoSuchAdminExceptionTest","ExecutorUri":"executor://NUnit3TestExecutor","Source":"C:\\Users\\Tejas PC\\Desktop\\Hexaware\\.Net_FullStack\\Project\\Backend-latest\\SimpliflyTest\\bin\\Debug\\net6.0\\fine-code-coverage\\build-output\\SimpliflyTest.dll","CodeFilePath":null,"LineNumber":0,"Properties":[{"Key":{"Id":"NUnit.Seed","Label":"Seed","Category":"","Description":"","Attributes":0,"ValueType":"System.String"},"Value":"1145454613"}]},"Attachments":[],"Outcome":1,"ErrorMessage":null,"ErrorStackTrace":null,"DisplayName":"UpdateAdminNoSuchAdminExceptionTest","Messages":[],"ComputerName":"TEJAS","Duration":"00:00:00.0066280","StartTime":"2024-03-04T12:09:59.8611727+00:00","EndTime":"2024-03-04T12:09:59.867801+00:00","Properties":[{"Key":{"Id":"NUnit.Seed","Label":"Seed","Category":"","Description":"","Attributes":0,"ValueType":"System.String"},"Value":"1145454613"}]},{"TestCase":{"Id":"c9eeb77a-9229-4427-346e-dcdd3b72319f","FullyQualifiedName":"SimpliflyTest.AdminServiceTest.UpdateAdminTest","DisplayName":"UpdateAdminTest","ExecutorUri":"executor://NUnit3TestExecutor","Source":"C:\\Users\\Tejas PC\\Desktop\\Hexaware\\.Net_FullStack\\Project\\Backend-latest\\SimpliflyTest\\bin\\Debug\\net6.0\\fine-code-coverage\\build-output\\SimpliflyTest.dll","CodeFilePath":null,"LineNumber":0,"Properties":[{"Key":{"Id":"NUnit.Seed","Label":"Seed","Category":"","Description":"","Attributes":0,"ValueType":"System.String"},"Value":"1282257154"}]},"Attachments":[],"Outcome":1,"ErrorMessage":null,"ErrorStackTrace":null,"DisplayName":"UpdateAdminTest","Messages":[],"ComputerName":"TEJAS","Duration":"00:00:00.0132440","StartTime":"2024-03-04T12:09:59.8678522+00:00","EndTime":"2024-03-04T12:09:59.8810961+00:00","Properties":[{"Key":{"Id":"NUnit.Seed","Label":"Seed","Category":"","Description":"","Attributes":0,"ValueType":"System.String"},"Value":"1282257154"}]}],"TestRunStatistics":{"ExecutedTests":6,"Stats":{"Passed":6}},"ActiveTests":[{"Id":"1d8d3ff0-9c9f-0d74-0434-027ecfb37164","FullyQualifiedName":"SimpliflyTest.BookingServiceTest.CreateBookingAsync_ValidBookingRequest_ReturnsTrue","DisplayName":"CreateBookingAsync_ValidBookingRequest_ReturnsTrue","ExecutorUri":"executor://NUnit3TestExecutor","Source":"C:\\Users\\Tejas PC\\Desktop\\Hexaware\\.Net_FullStack\\Project\\Backend-latest\\SimpliflyTest\\bin\\Debug\\net6.0\\fine-code-coverage\\build-output\\SimpliflyTest.dll","CodeFilePath":null,"LineNumber":0,"Properties":[{"Key":{"Id":"NUnit.Seed","Label":"Seed","Category":"","Description":"","Attributes":0,"ValueType":"System.String"},"Value":"1929230817"}]}]}}
TpTrace Verbose: 0 : 13280, 13, 2024/03/04, 17:40:00.050, 9743700678986, vstest.console.dll, TestRunRequest:SendTestRunStatsChange: Starting.
TpTrace Verbose: 0 : 13280, 13, 2024/03/04, 17:40:00.050, 9743700681403, vstest.console.dll, InProgress is CreateBookingAsync_ValidBookingRequest_ReturnsTrue
TpTrace Verbose: 0 : 13280, 13, 2024/03/04, 17:40:00.051, 9743700685854, vstest.console.dll, MulticastDelegateUtilities.SafeInvoke: TestRun.RunStatsChanged: Invoking callbacks was skipped because there are no subscribers.
TpTrace Information: 0 : 13280, 13, 2024/03/04, 17:40:00.051, 9743700686813, vstest.console.dll, TestRunRequest:SendTestRunStatsChange: Completed.
TpTrace Verbose: 0 : 13280, 13, 2024/03/04, 17:40:00.051, 9743700687696, vstest.console.dll, MulticastDelegateUtilities.SafeInvoke: LengthPrefixCommunicationChannel: MessageReceived: Invoking callback 1/1 for Microsoft.VisualStudio.TestPlatform.CommunicationUtilities.TestRequestSender+<>c__DisplayClass34_0., took 52 ms.
TpTrace Verbose: 0 : 13280, 13, 2024/03/04, 17:40:00.051, 9743700688498, vstest.console.dll, TcpClientExtensions.MessageLoopAsync: Polling on remoteEndPoint: 127.0.0.1:55616 localEndPoint: 127.0.0.1:55615
TpTrace Verbose: 0 : 13280, 5, 2024/03/04, 17:40:00.058, 9743700757912, vstest.console.dll, MulticastDelegateUtilities.SafeInvoke: InternalTestLoggerEvents.SendTestResult: Invoking callback 1/1 for Microsoft.VisualStudio.TestPlatform.CommandLine.Internal.ConsoleLogger., took 7 ms.
TpTrace Verbose: 0 : 13280, 5, 2024/03/04, 17:40:00.059, 9743700768300, vstest.console.dll, MulticastDelegateUtilities.SafeInvoke: InternalTestLoggerEvents.SendTestResult: Invoking callback 1/1 for Microsoft.VisualStudio.TestPlatform.CommandLine.Internal.ConsoleLogger., took 0 ms.
TpTrace Verbose: 0 : 13280, 5, 2024/03/04, 17:40:00.059, 9743700771215, vstest.console.dll, MulticastDelegateUtilities.SafeInvoke: InternalTestLoggerEvents.SendTestResult: Invoking callback 1/1 for Microsoft.VisualStudio.TestPlatform.CommandLine.Internal.ConsoleLogger., took 0 ms.
TpTrace Verbose: 0 : 13280, 5, 2024/03/04, 17:40:00.059, 9743700773256, vstest.console.dll, MulticastDelegateUtilities.SafeInvoke: InternalTestLoggerEvents.SendTestResult: Invoking callback 1/1 for Microsoft.VisualStudio.TestPlatform.CommandLine.Internal.ConsoleLogger., took 0 ms.
TpTrace Verbose: 0 : 13280, 5, 2024/03/04, 17:40:00.060, 9743700775107, vstest.console.dll, MulticastDelegateUtilities.SafeInvoke: InternalTestLoggerEvents.SendTestResult: Invoking callback 1/1 for Microsoft.VisualStudio.TestPlatform.CommandLine.Internal.ConsoleLogger., took 0 ms.
TpTrace Verbose: 0 : 13280, 5, 2024/03/04, 17:40:00.060, 9743700777830, vstest.console.dll, MulticastDelegateUtilities.SafeInvoke: InternalTestLoggerEvents.SendTestResult: Invoking callback 1/1 for Microsoft.VisualStudio.TestPlatform.CommandLine.Internal.ConsoleLogger., took 0 ms.
TpTrace Verbose: 0 : 13280, 13, 2024/03/04, 17:40:00.275, 9743702925361, vstest.console.dll, TcpClientExtensions.MessageLoopAsync: NotifyDataAvailable remoteEndPoint: 127.0.0.1:55616 localEndPoint: 127.0.0.1:55615
TpTrace Verbose: 0 : 13280, 13, 2024/03/04, 17:40:00.275, 9743702931190, vstest.console.dll, TestRequestSender.OnExecutionMessageReceived: Received message: {"Version":7,"MessageType":"TestExecution.StatsChange","Payload":{"NewTestResults":[{"TestCase":{"Id":"1d8d3ff0-9c9f-0d74-0434-027ecfb37164","FullyQualifiedName":"SimpliflyTest.BookingServiceTest.CreateBookingAsync_ValidBookingRequest_ReturnsTrue","DisplayName":"CreateBookingAsync_ValidBookingRequest_ReturnsTrue","ExecutorUri":"executor://NUnit3TestExecutor","Source":"C:\\Users\\Tejas PC\\Desktop\\Hexaware\\.Net_FullStack\\Project\\Backend-latest\\SimpliflyTest\\bin\\Debug\\net6.0\\fine-code-coverage\\build-output\\SimpliflyTest.dll","CodeFilePath":null,"LineNumber":0,"Properties":[{"Key":{"Id":"NUnit.Seed","Label":"Seed","Category":"","Description":"","Attributes":0,"ValueType":"System.String"},"Value":"1929230817"}]},"Attachments":[],"Outcome":1,"ErrorMessage":null,"ErrorStackTrace":null,"DisplayName":"CreateBookingAsync_ValidBookingRequest_ReturnsTrue","Messages":[],"ComputerName":"TEJAS","Duration":"00:00:00.1637000","StartTime":"2024-03-04T12:09:59.8943272+00:00","EndTime":"2024-03-04T12:10:00.0580263+00:00","Properties":[{"Key":{"Id":"NUnit.Seed","Label":"Seed","Category":"","Description":"","Attributes":0,"ValueType":"System.String"},"Value":"1929230817"}]},{"TestCase":{"Id":"0bf15617-da71-d9d7-3675-c770d7241bb7","FullyQualifiedName":"SimpliflyTest.BookingServiceTest.CalculateTotalPrice_ValidParameters_ReturnsTotalPrice","DisplayName":"CalculateTotalPrice_ValidParameters_ReturnsTotalPrice","ExecutorUri":"executor://NUnit3TestExecutor","Source":"C:\\Users\\Tejas PC\\Desktop\\Hexaware\\.Net_FullStack\\Project\\Backend-latest\\SimpliflyTest\\bin\\Debug\\net6.0\\fine-code-coverage\\build-output\\SimpliflyTest.dll","CodeFilePath":null,"LineNumber":0,"Properties":[{"Key":{"Id":"NUnit.Seed","Label":"Seed","Category":"","Description":"","Attributes":0,"ValueType":"System.String"},"Value":"1607947110"}]},"Attachments":[],"Outcome":1,"ErrorMessage":null,"ErrorStackTrace":null,"DisplayName":"CalculateTotalPrice_ValidParameters_ReturnsTotalPrice","Messages":[],"ComputerName":"TEJAS","Duration":"00:00:00.0151490","StartTime":"2024-03-04T12:10:00.0581473+00:00","EndTime":"2024-03-04T12:10:00.0732964+00:00","Properties":[{"Key":{"Id":"NUnit.Seed","Label":"Seed","Category":"","Description":"","Attributes":0,"ValueType":"System.String"},"Value":"1607947110"}]},{"TestCase":{"Id":"cf4c7781-6d75-620b-21d9-5d702bb3ea2a","FullyQualifiedName":"SimpliflyTest.BookingServiceTest.CancelBookingAsync_ExistingBookingId_ReturnsCancelledBooking","DisplayName":"CancelBookingAsync_ExistingBookingId_ReturnsCancelledBooking","ExecutorUri":"executor://NUnit3TestExecutor","Source":"C:\\Users\\Tejas PC\\Desktop\\Hexaware\\.Net_FullStack\\Project\\Backend-latest\\SimpliflyTest\\bin\\Debug\\net6.0\\fine-code-coverage\\build-output\\SimpliflyTest.dll","CodeFilePath":null,"LineNumber":0,"Properties":[{"Key":{"Id":"NUnit.Seed","Label":"Seed","Category":"","Description":"","Attributes":0,"ValueType":"System.String"},"Value":"231035363"}]},"Attachments":[],"Outcome":1,"ErrorMessage":null,"ErrorStackTrace":null,"DisplayName":"CancelBookingAsync_ExistingBookingId_ReturnsCancelledBooking","Messages":[],"ComputerName":"TEJAS","Duration":"00:00:00.0307820","StartTime":"2024-03-04T12:10:00.0733638+00:00","EndTime":"2024-03-04T12:10:00.1041453+00:00","Properties":[{"Key":{"Id":"NUnit.Seed","Label":"Seed","Category":"","Description":"","Attributes":0,"ValueType":"System.String"},"Value":"231035363"}]},{"TestCase":{"Id":"ca5ec839-7c1d-c910-c3a0-7caf60ed882e","FullyQualifiedName":"SimpliflyTest.BookingServiceTest.GetAllBookingsAsync_ReturnsListOfBookings","DisplayName":"GetAllBookingsAsync_ReturnsListOfBookings","ExecutorUri":"executor://NUnit3TestExecutor","Source":"C:\\Users\\Tejas PC\\Desktop\\Hexaware\\.Net_FullStack\\Project\\Backend-latest\\SimpliflyTest\\bin\\Debug\\net6.0\\fine-code-coverage\\build-output\\SimpliflyTest.dll","CodeFilePath":null,"LineNumber":0,"Properties":[{"Key":{"Id":"NUnit.Seed","Label":"Seed","Category":"","Description":"","Attributes":0,"ValueType":"System.String"},"Value":"580237816"}]},"Attachments":[],"Outcome":1,"ErrorMessage":null,"ErrorStackTrace":null,"DisplayName":"GetAllBookingsAsync_ReturnsListOfBookings","Messages":[],"ComputerName":"TEJAS","Duration":"00:00:00.0054550","StartTime":"2024-03-04T12:10:00.1042092+00:00","EndTime":"2024-03-04T12:10:00.1096635+00:00","Properties":[{"Key":{"Id":"NUnit.Seed","Label":"Seed","Category":"","Description":"","Attributes":0,"ValueType":"System.String"},"Value":"580237816"}]},{"TestCase":{"Id":"61975fc8-4ff0-af9d-0936-7f514290524c","FullyQualifiedName":"SimpliflyTest.BookingServiceTest.GetBookingByCustomerIdTest","DisplayName":"GetBookingByCustomerIdTest","ExecutorUri":"executor://NUnit3TestExecutor","Source":"C:\\Users\\Tejas PC\\Desktop\\Hexaware\\.Net_FullStack\\Project\\Backend-latest\\SimpliflyTest\\bin\\Debug\\net6.0\\fine-code-coverage\\build-output\\SimpliflyTest.dll","CodeFilePath":null,"LineNumber":0,"Properties":[{"Key":{"Id":"NUnit.Seed","Label":"Seed","Category":"","Description":"","Attributes":0,"ValueType":"System.String"},"Value":"990227942"}]},"Attachments":[],"Outcome":2,"ErrorMessage":"System.ArgumentNullException : Value cannot be null. (Parameter 'source')","ErrorStackTrace":"   at System.Linq.ThrowHelper.ThrowArgumentNullException(ExceptionArgument argument)\r\n   at System.Linq.Enumerable.Where[TSource](IEnumerable`1 source, Func`2 predicate)\r\n   at Simplifly.Services.BookingService.GetBookingsByCustomerId(Int32 customerId) in C:\\Users\\Tejas PC\\Desktop\\Hexaware\\.Net_FullStack\\Project\\Backend-latest\\Simplifly\\Services\\BookingService.cs:line 322\r\n   at SimpliflyTest.BookingServiceTest.GetBookingByCustomerIdTest() in C:\\Users\\Tejas PC\\Desktop\\Hexaware\\.Net_FullStack\\Project\\Backend-latest\\SimpliflyTest\\BookingServiceTest.cs:line 222\r\n   at NUnit.Framework.Internal.TaskAwaitAdapter.GenericAdapter`1.GetResult()\r\n   at NUnit.Framework.Internal.AsyncToSyncAdapter.Await(Func`1 invoke)\r\n   at NUnit.Framework.Internal.Commands.TestMethodCommand.RunTestMethod(TestExecutionContext context)\r\n   at NUnit.Framework.Internal.Commands.TestMethodCommand.Execute(TestExecutionContext context)\r\n   at NUnit.Framework.Internal.Commands.BeforeAndAfterTestCommand.<>c__DisplayClass1_0.<Execute>b__0()\r\n   at NUnit.Framework.Internal.Commands.DelegatingTestCommand.RunTestMethodInThreadAbortSafeZone(TestExecutionContext context, Action action)\n","DisplayName":"GetBookingByCustomerIdTest","Messages":[],"ComputerName":"TEJAS","Duration":"00:00:00.0640430","StartTime":"2024-03-04T12:10:00.1097074+00:00","EndTime":"2024-03-04T12:10:00.1737499+00:00","Properties":[{"Key":{"Id":"NUnit.Seed","Label":"Seed","Category":"","Description":"","Attributes":0,"ValueType":"System.String"},"Value":"990227942"}]},{"TestCase":{"Id":"b80bdfcb-5195-4652-9e03-916de54b8f86","FullyQualifiedName":"SimpliflyTest.BookingServiceTest.GetBookingByIdAsync_ExistingBookingId_ReturnsBooking","DisplayName":"GetBookingByIdAsync_ExistingBookingId_ReturnsBooking","ExecutorUri":"executor://NUnit3TestExecutor","Source":"C:\\Users\\Tejas PC\\Desktop\\Hexaware\\.Net_FullStack\\Project\\Backend-latest\\SimpliflyTest\\bin\\Debug\\net6.0\\fine-code-coverage\\build-output\\SimpliflyTest.dll","CodeFilePath":null,"LineNumber":0,"Properties":[{"Key":{"Id":"NUnit.Seed","Label":"Seed","Category":"","Description":"","Attributes":0,"ValueType":"System.String"},"Value":"1013647241"}]},"Attachments":[],"Outcome":1,"ErrorMessage":null,"ErrorStackTrace":null,"DisplayName":"GetBookingByIdAsync_ExistingBookingId_ReturnsBooking","Messages":[],"ComputerName":"TEJAS","Duration":"00:00:00.0093530","StartTime":"2024-03-04T12:10:00.1741205+00:00","EndTime":"2024-03-04T12:10:00.1834723+00:00","Properties":[{"Key":{"Id":"NUnit.Seed","Label":"Seed","Category":"","Description":"","Attributes":0,"ValueType":"System.String"},"Value":"1013647241"}]},{"TestCase":{"Id":"ecc942cb-2342-ee85-fd2e-f07adae7cb04","FullyQualifiedName":"SimpliflyTest.BookingServiceTest.GetBookingByScheduleTest","DisplayName":"GetBookingByScheduleTest","ExecutorUri":"executor://NUnit3TestExecutor","Source":"C:\\Users\\Tejas PC\\Desktop\\Hexaware\\.Net_FullStack\\Project\\Backend-latest\\SimpliflyTest\\bin\\Debug\\net6.0\\fine-code-coverage\\build-output\\SimpliflyTest.dll","CodeFilePath":null,"LineNumber":0,"Properties":[{"Key":{"Id":"NUnit.Seed","Label":"Seed","Category":"","Description":"","Attributes":0,"ValueType":"System.String"},"Value":"1108529436"}]},"Attachments":[],"Outcome":2,"ErrorMessage":"System.ArgumentNullException : Value cannot be null. (Parameter 'source')","ErrorStackTrace":"   at System.Linq.ThrowHelper.ThrowArgumentNullException(ExceptionArgument argument)\r\n   at System.Linq.Enumerable.Where[TSource](IEnumerable`1 source, Func`2 predicate)\r\n   at Simplifly.Services.BookingService.GetBookingBySchedule(Int32 scheduleId) in C:\\Users\\Tejas PC\\Desktop\\Hexaware\\.Net_FullStack\\Project\\Backend-latest\\Simplifly\\Services\\BookingService.cs:line 268\r\n   at SimpliflyTest.BookingServiceTest.GetBookingByScheduleTest() in C:\\Users\\Tejas PC\\Desktop\\Hexaware\\.Net_FullStack\\Project\\Backend-latest\\SimpliflyTest\\BookingServiceTest.cs:line 215\r\n   at NUnit.Framework.Internal.TaskAwaitAdapter.GenericAdapter`1.GetResult()\r\n   at NUnit.Framework.Internal.AsyncToSyncAdapter.Await(Func`1 invoke)\r\n   at NUnit.Framework.Internal.Commands.TestMethodCommand.RunTestMethod(TestExecutionContext context)\r\n   at NUnit.Framework.Internal.Commands.TestMethodCommand.Execute(TestExecutionContext context)\r\n   at NUnit.Framework.Internal.Commands.BeforeAndAfterTestCommand.<>c__DisplayClass1_0.<Execute>b__0()\r\n   at NUnit.Framework.Internal.Commands.DelegatingTestCommand.RunTestMethodInThreadAbortSafeZone(TestExecutionContext context, Action action)\n","DisplayName":"GetBookingByScheduleTest","Messages":[],"ComputerName":"TEJAS","Duration":"00:00:00.0239660","StartTime":"2024-03-04T12:10:00.1835382+00:00","EndTime":"2024-03-04T12:10:00.2075039+00:00","Properties":[{"Key":{"Id":"NUnit.Seed","Label":"Seed","Category":"","Description":"","Attributes":0,"ValueType":"System.String"},"Value":"1108529436"}]},{"TestCase":{"Id":"05a8d939-f249-d30d-2a44-b1d3d4b24a8f","FullyQualifiedName":"SimpliflyTest.BookingServiceTest.GetUserBookingsAsync_ExistingUserId_ReturnsListOfBookings","DisplayName":"GetUserBookingsAsync_ExistingUserId_ReturnsListOfBookings","ExecutorUri":"executor://NUnit3TestExecutor","Source":"C:\\Users\\Tejas PC\\Desktop\\Hexaware\\.Net_FullStack\\Project\\Backend-latest\\SimpliflyTest\\bin\\Debug\\net6.0\\fine-code-coverage\\build-output\\SimpliflyTest.dll","CodeFilePath":null,"LineNumber":0,"Properties":[{"Key":{"Id":"NUnit.Seed","Label":"Seed","Category":"","Description":"","Attributes":0,"ValueType":"System.String"},"Value":"545073385"}]},"Attachments":[],"Outcome":1,"ErrorMessage":null,"ErrorStackTrace":null,"DisplayName":"GetUserBookingsAsync_ExistingUserId_ReturnsListOfBookings","Messages":[],"ComputerName":"TEJAS","Duration":"00:00:00.0161900","StartTime":"2024-03-04T12:10:00.2075997+00:00","EndTime":"2024-03-04T12:10:00.223789+00:00","Properties":[{"Key":{"Id":"NUnit.Seed","Label":"Seed","Category":"","Description":"","Attributes":0,"ValueType":"System.String"},"Value":"545073385"}]},{"TestCase":{"Id":"2e6baa9d-33b5-1d32-f831-4e9e7f77983a","FullyQualifiedName":"SimpliflyTest.BookingServiceTest.RequestRefundAsync_ValidBookingId_ReturnsTrue","DisplayName":"RequestRefundAsync_ValidBookingId_ReturnsTrue","ExecutorUri":"executor://NUnit3TestExecutor","Source":"C:\\Users\\Tejas PC\\Desktop\\Hexaware\\.Net_FullStack\\Project\\Backend-latest\\SimpliflyTest\\bin\\Debug\\net6.0\\fine-code-coverage\\build-output\\SimpliflyTest.dll","CodeFilePath":null,"LineNumber":0,"Properties":[{"Key":{"Id":"NUnit.Seed","Label":"Seed","Category":"","Description":"","Attributes":0,"ValueType":"System.String"},"Value":"211254121"}]},"Attachments":[],"Outcome":1,"ErrorMessage":null,"ErrorStackTrace":null,"DisplayName":"RequestRefundAsync_ValidBookingId_ReturnsTrue","Messages":[],"ComputerName":"TEJAS","Duration":"00:00:00.0180740","StartTime":"2024-03-04T12:10:00.2238493+00:00","EndTime":"2024-03-04T12:10:00.2419228+00:00","Properties":[{"Key":{"Id":"NUnit.Seed","Label":"Seed","Category":"","Description":"","Attributes":0,"ValueType":"System.String"},"Value":"211254121"}]}],"TestRunStatistics":{"ExecutedTests":15,"Stats":{"Passed":13,"Failed":2}},"ActiveTests":[{"Id":"8c4e5982-55a0-7773-8c4e-a5a3ac12bc29","FullyQualifiedName":"SimpliflyTest.CustomerServiceTest.AddCustomer_ValidCustomer_ReturnsAddedCustomer","DisplayName":"AddCustomer_ValidCustomer_ReturnsAddedCustomer","ExecutorUri":"executor://NUnit3TestExecutor","Source":"C:\\Users\\Tejas PC\\Desktop\\Hexaware\\.Net_FullStack\\Project\\Backend-latest\\SimpliflyTest\\bin\\Debug\\net6.0\\fine-code-coverage\\build-output\\SimpliflyTest.dll","CodeFilePath":null,"LineNumber":0,"Properties":[{"Key":{"Id":"NUnit.Seed","Label":"Seed","Category":"","Description":"","Attributes":0,"ValueType":"System.String"},"Value":"1782050220"}]}]}}
TpTrace Verbose: 0 : 13280, 13, 2024/03/04, 17:40:00.280, 9743702974969, vstest.console.dll, TestRunRequest:SendTestRunStatsChange: Starting.
TpTrace Verbose: 0 : 13280, 13, 2024/03/04, 17:40:00.280, 9743702975959, vstest.console.dll, InProgress is AddCustomer_ValidCustomer_ReturnsAddedCustomer
TpTrace Verbose: 0 : 13280, 13, 2024/03/04, 17:40:00.280, 9743702977104, vstest.console.dll, MulticastDelegateUtilities.SafeInvoke: TestRun.RunStatsChanged: Invoking callbacks was skipped because there are no subscribers.
TpTrace Information: 0 : 13280, 13, 2024/03/04, 17:40:00.280, 9743702977803, vstest.console.dll, TestRunRequest:SendTestRunStatsChange: Completed.
TpTrace Verbose: 0 : 13280, 5, 2024/03/04, 17:40:00.280, 9743702978035, vstest.console.dll, MulticastDelegateUtilities.SafeInvoke: InternalTestLoggerEvents.SendTestResult: Invoking callback 1/1 for Microsoft.VisualStudio.TestPlatform.CommandLine.Internal.ConsoleLogger., took 0 ms.
TpTrace Verbose: 0 : 13280, 13, 2024/03/04, 17:40:00.280, 9743702979055, vstest.console.dll, MulticastDelegateUtilities.SafeInvoke: LengthPrefixCommunicationChannel: MessageReceived: Invoking callback 1/1 for Microsoft.VisualStudio.TestPlatform.CommunicationUtilities.TestRequestSender+<>c__DisplayClass34_0., took 4 ms.
TpTrace Verbose: 0 : 13280, 5, 2024/03/04, 17:40:00.280, 9743702979564, vstest.console.dll, MulticastDelegateUtilities.SafeInvoke: InternalTestLoggerEvents.SendTestResult: Invoking callback 1/1 for Microsoft.VisualStudio.TestPlatform.CommandLine.Internal.ConsoleLogger., took 0 ms.
TpTrace Verbose: 0 : 13280, 13, 2024/03/04, 17:40:00.280, 9743702980147, vstest.console.dll, TcpClientExtensions.MessageLoopAsync: Polling on remoteEndPoint: 127.0.0.1:55616 localEndPoint: 127.0.0.1:55615
TpTrace Verbose: 0 : 13280, 5, 2024/03/04, 17:40:00.280, 9743702981504, vstest.console.dll, MulticastDelegateUtilities.SafeInvoke: InternalTestLoggerEvents.SendTestResult: Invoking callback 1/1 for Microsoft.VisualStudio.TestPlatform.CommandLine.Internal.ConsoleLogger., took 0 ms.
TpTrace Verbose: 0 : 13280, 5, 2024/03/04, 17:40:00.280, 9743702982783, vstest.console.dll, MulticastDelegateUtilities.SafeInvoke: InternalTestLoggerEvents.SendTestResult: Invoking callback 1/1 for Microsoft.VisualStudio.TestPlatform.CommandLine.Internal.ConsoleLogger., took 0 ms.
TpTrace Verbose: 0 : 13280, 5, 2024/03/04, 17:40:00.282, 9743702997161, vstest.console.dll, MulticastDelegateUtilities.SafeInvoke: InternalTestLoggerEvents.SendTestResult: Invoking callback 1/1 for Microsoft.VisualStudio.TestPlatform.CommandLine.Internal.ConsoleLogger., took 1 ms.
TpTrace Verbose: 0 : 13280, 5, 2024/03/04, 17:40:00.282, 9743702999347, vstest.console.dll, MulticastDelegateUtilities.SafeInvoke: InternalTestLoggerEvents.SendTestResult: Invoking callback 1/1 for Microsoft.VisualStudio.TestPlatform.CommandLine.Internal.ConsoleLogger., took 0 ms.
TpTrace Verbose: 0 : 13280, 5, 2024/03/04, 17:40:00.283, 9743703005279, vstest.console.dll, MulticastDelegateUtilities.SafeInvoke: InternalTestLoggerEvents.SendTestResult: Invoking callback 1/1 for Microsoft.VisualStudio.TestPlatform.CommandLine.Internal.ConsoleLogger., took 0 ms.
TpTrace Verbose: 0 : 13280, 5, 2024/03/04, 17:40:00.283, 9743703006856, vstest.console.dll, MulticastDelegateUtilities.SafeInvoke: InternalTestLoggerEvents.SendTestResult: Invoking callback 1/1 for Microsoft.VisualStudio.TestPlatform.CommandLine.Internal.ConsoleLogger., took 0 ms.
TpTrace Verbose: 0 : 13280, 5, 2024/03/04, 17:40:00.283, 9743703007969, vstest.console.dll, MulticastDelegateUtilities.SafeInvoke: InternalTestLoggerEvents.SendTestResult: Invoking callback 1/1 for Microsoft.VisualStudio.TestPlatform.CommandLine.Internal.ConsoleLogger., took 0 ms.
TpTrace Verbose: 0 : 13280, 13, 2024/03/04, 17:40:00.368, 9743703861664, vstest.console.dll, TcpClientExtensions.MessageLoopAsync: NotifyDataAvailable remoteEndPoint: 127.0.0.1:55616 localEndPoint: 127.0.0.1:55615
TpTrace Verbose: 0 : 13280, 13, 2024/03/04, 17:40:00.369, 9743703866240, vstest.console.dll, TestRequestSender.OnExecutionMessageReceived: Received message: {"Version":7,"MessageType":"TestExecution.StatsChange","Payload":{"NewTestResults":[{"TestCase":{"Id":"8c4e5982-55a0-7773-8c4e-a5a3ac12bc29","FullyQualifiedName":"SimpliflyTest.CustomerServiceTest.AddCustomer_ValidCustomer_ReturnsAddedCustomer","DisplayName":"AddCustomer_ValidCustomer_ReturnsAddedCustomer","ExecutorUri":"executor://NUnit3TestExecutor","Source":"C:\\Users\\Tejas PC\\Desktop\\Hexaware\\.Net_FullStack\\Project\\Backend-latest\\SimpliflyTest\\bin\\Debug\\net6.0\\fine-code-coverage\\build-output\\SimpliflyTest.dll","CodeFilePath":null,"LineNumber":0,"Properties":[{"Key":{"Id":"NUnit.Seed","Label":"Seed","Category":"","Description":"","Attributes":0,"ValueType":"System.String"},"Value":"1782050220"}]},"Attachments":[],"Outcome":1,"ErrorMessage":null,"ErrorStackTrace":null,"DisplayName":"AddCustomer_ValidCustomer_ReturnsAddedCustomer","Messages":[],"ComputerName":"TEJAS","Duration":"00:00:00.0341600","StartTime":"2024-03-04T12:10:00.2424711+00:00","EndTime":"2024-03-04T12:10:00.27663+00:00","Properties":[{"Key":{"Id":"NUnit.Seed","Label":"Seed","Category":"","Description":"","Attributes":0,"ValueType":"System.String"},"Value":"1782050220"}]},{"TestCase":{"Id":"07de4b41-2073-da40-07ef-35944321fb3d","FullyQualifiedName":"SimpliflyTest.CustomerServiceTest.GetAllCustomersTest","DisplayName":"GetAllCustomersTest","ExecutorUri":"executor://NUnit3TestExecutor","Source":"C:\\Users\\Tejas PC\\Desktop\\Hexaware\\.Net_FullStack\\Project\\Backend-latest\\SimpliflyTest\\bin\\Debug\\net6.0\\fine-code-coverage\\build-output\\SimpliflyTest.dll","CodeFilePath":null,"LineNumber":0,"Properties":[{"Key":{"Id":"NUnit.Seed","Label":"Seed","Category":"","Description":"","Attributes":0,"ValueType":"System.String"},"Value":"1528563899"}]},"Attachments":[],"Outcome":1,"ErrorMessage":null,"ErrorStackTrace":null,"DisplayName":"GetAllCustomersTest","Messages":[],"ComputerName":"TEJAS","Duration":"00:00:00.0449630","StartTime":"2024-03-04T12:10:00.2766772+00:00","EndTime":"2024-03-04T12:10:00.3216394+00:00","Properties":[{"Key":{"Id":"NUnit.Seed","Label":"Seed","Category":"","Description":"","Attributes":0,"ValueType":"System.String"},"Value":"1528563899"}]},{"TestCase":{"Id":"e920eb29-cfd6-02c2-b71d-26ad5d72da29","FullyQualifiedName":"SimpliflyTest.CustomerServiceTest.GetByIdCustomers_ExistingCustomerId_ReturnsCustomer","DisplayName":"GetByIdCustomers_ExistingCustomerId_ReturnsCustomer","ExecutorUri":"executor://NUnit3TestExecutor","Source":"C:\\Users\\Tejas PC\\Desktop\\Hexaware\\.Net_FullStack\\Project\\Backend-latest\\SimpliflyTest\\bin\\Debug\\net6.0\\fine-code-coverage\\build-output\\SimpliflyTest.dll","CodeFilePath":null,"LineNumber":0,"Properties":[{"Key":{"Id":"NUnit.Seed","Label":"Seed","Category":"","Description":"","Attributes":0,"ValueType":"System.String"},"Value":"1652470282"}]},"Attachments":[],"Outcome":1,"ErrorMessage":null,"ErrorStackTrace":null,"DisplayName":"GetByIdCustomers_ExistingCustomerId_ReturnsCustomer","Messages":[],"ComputerName":"TEJAS","Duration":"00:00:00.0060730","StartTime":"2024-03-04T12:10:00.3216883+00:00","EndTime":"2024-03-04T12:10:00.3277604+00:00","Properties":[{"Key":{"Id":"NUnit.Seed","Label":"Seed","Category":"","Description":"","Attributes":0,"ValueType":"System.String"},"Value":"1652470282"}]},{"TestCase":{"Id":"bd5f7b9d-631e-bd63-17f2-3083f7dced0b","FullyQualifiedName":"SimpliflyTest.CustomerServiceTest.GetCustomersByUsernameTest","DisplayName":"GetCustomersByUsernameTest","ExecutorUri":"executor://NUnit3TestExecutor","Source":"C:\\Users\\Tejas PC\\Desktop\\Hexaware\\.Net_FullStack\\Project\\Backend-latest\\SimpliflyTest\\bin\\Debug\\net6.0\\fine-code-coverage\\build-output\\SimpliflyTest.dll","CodeFilePath":null,"LineNumber":0,"Properties":[{"Key":{"Id":"NUnit.Seed","Label":"Seed","Category":"","Description":"","Attributes":0,"ValueType":"System.String"},"Value":"1085639559"}]},"Attachments":[],"Outcome":1,"ErrorMessage":null,"ErrorStackTrace":null,"DisplayName":"GetCustomersByUsernameTest","Messages":[],"ComputerName":"TEJAS","Duration":"00:00:00.0045210","StartTime":"2024-03-04T12:10:00.3278177+00:00","EndTime":"2024-03-04T12:10:00.332338+00:00","Properties":[{"Key":{"Id":"NUnit.Seed","Label":"Seed","Category":"","Description":"","Attributes":0,"ValueType":"System.String"},"Value":"1085639559"}]},{"TestCase":{"Id":"e77f3d5d-1a37-8fbb-f711-017e30f9598c","FullyQualifiedName":"SimpliflyTest.CustomerServiceTest.RemoveCustomer_ExistingCustomerId_ReturnsTrue","DisplayName":"RemoveCustomer_ExistingCustomerId_ReturnsTrue","ExecutorUri":"executor://NUnit3TestExecutor","Source":"C:\\Users\\Tejas PC\\Desktop\\Hexaware\\.Net_FullStack\\Project\\Backend-latest\\SimpliflyTest\\bin\\Debug\\net6.0\\fine-code-coverage\\build-output\\SimpliflyTest.dll","CodeFilePath":null,"LineNumber":0,"Properties":[{"Key":{"Id":"NUnit.Seed","Label":"Seed","Category":"","Description":"","Attributes":0,"ValueType":"System.String"},"Value":"1876733525"}]},"Attachments":[],"Outcome":1,"ErrorMessage":null,"ErrorStackTrace":null,"DisplayName":"RemoveCustomer_ExistingCustomerId_ReturnsTrue","Messages":[],"ComputerName":"TEJAS","Duration":"00:00:00.0047030","StartTime":"2024-03-04T12:10:00.3323787+00:00","EndTime":"2024-03-04T12:10:00.3370816+00:00","Properties":[{"Key":{"Id":"NUnit.Seed","Label":"Seed","Category":"","Description":"","Attributes":0,"ValueType":"System.String"},"Value":"1876733525"}]},{"TestCase":{"Id":"ba741de1-38bb-9654-5003-2a77a5f894fd","FullyQualifiedName":"SimpliflyTest.CustomerServiceTest.RemoveCustomer_NonExistingCustomerId_ReturnsFalse","DisplayName":"RemoveCustomer_NonExistingCustomerId_ReturnsFalse","ExecutorUri":"executor://NUnit3TestExecutor","Source":"C:\\Users\\Tejas PC\\Desktop\\Hexaware\\.Net_FullStack\\Project\\Backend-latest\\SimpliflyTest\\bin\\Debug\\net6.0\\fine-code-coverage\\build-output\\SimpliflyTest.dll","CodeFilePath":null,"LineNumber":0,"Properties":[{"Key":{"Id":"NUnit.Seed","Label":"Seed","Category":"","Description":"","Attributes":0,"ValueType":"System.String"},"Value":"2128894439"}]},"Attachments":[],"Outcome":1,"ErrorMessage":null,"ErrorStackTrace":null,"DisplayName":"RemoveCustomer_NonExistingCustomerId_ReturnsFalse","Messages":[],"ComputerName":"TEJAS","Duration":"00:00:00.0028180","StartTime":"2024-03-04T12:10:00.3371161+00:00","EndTime":"2024-03-04T12:10:00.3399331+00:00","Properties":[{"Key":{"Id":"NUnit.Seed","Label":"Seed","Category":"","Description":"","Attributes":0,"ValueType":"System.String"},"Value":"2128894439"}]},{"TestCase":{"Id":"e8556bf0-4720-48eb-bf73-e4aa38ffb58e","FullyQualifiedName":"SimpliflyTest.CustomerServiceTest.UpdateCustomerEmail_ExistingCustomerId_ReturnsUpdatedCustomer","DisplayName":"UpdateCustomerEmail_ExistingCustomerId_ReturnsUpdatedCustomer","ExecutorUri":"executor://NUnit3TestExecutor","Source":"C:\\Users\\Tejas PC\\Desktop\\Hexaware\\.Net_FullStack\\Project\\Backend-latest\\SimpliflyTest\\bin\\Debug\\net6.0\\fine-code-coverage\\build-output\\SimpliflyTest.dll","CodeFilePath":null,"LineNumber":0,"Properties":[{"Key":{"Id":"NUnit.Seed","Label":"Seed","Category":"","Description":"","Attributes":0,"ValueType":"System.String"},"Value":"608113900"}]},"Attachments":[],"Outcome":1,"ErrorMessage":null,"ErrorStackTrace":null,"DisplayName":"UpdateCustomerEmail_ExistingCustomerId_ReturnsUpdatedCustomer","Messages":[],"ComputerName":"TEJAS","Duration":"00:00:00.0063320","StartTime":"2024-03-04T12:10:00.3399658+00:00","EndTime":"2024-03-04T12:10:00.3462979+00:00","Properties":[{"Key":{"Id":"NUnit.Seed","Label":"Seed","Category":"","Description":"","Attributes":0,"ValueType":"System.String"},"Value":"608113900"}]},{"TestCase":{"Id":"4882b629-d35c-e1a5-a7d3-219bd0a4c2b3","FullyQualifiedName":"SimpliflyTest.CustomerServiceTest.UpdateCustomerEmail_NonExistingCustomerId_ReturnsNull","DisplayName":"UpdateCustomerEmail_NonExistingCustomerId_ReturnsNull","ExecutorUri":"executor://NUnit3TestExecutor","Source":"C:\\Users\\Tejas PC\\Desktop\\Hexaware\\.Net_FullStack\\Project\\Backend-latest\\SimpliflyTest\\bin\\Debug\\net6.0\\fine-code-coverage\\build-output\\SimpliflyTest.dll","CodeFilePath":null,"LineNumber":0,"Properties":[{"Key":{"Id":"NUnit.Seed","Label":"Seed","Category":"","Description":"","Attributes":0,"ValueType":"System.String"},"Value":"1033020103"}]},"Attachments":[],"Outcome":1,"ErrorMessage":null,"ErrorStackTrace":null,"DisplayName":"UpdateCustomerEmail_NonExistingCustomerId_ReturnsNull","Messages":[],"ComputerName":"TEJAS","Duration":"00:00:00.0035900","StartTime":"2024-03-04T12:10:00.3463578+00:00","EndTime":"2024-03-04T12:10:00.349947+00:00","Properties":[{"Key":{"Id":"NUnit.Seed","Label":"Seed","Category":"","Description":"","Attributes":0,"ValueType":"System.String"},"Value":"1033020103"}]},{"TestCase":{"Id":"f712f218-1815-ffa9-9131-06668966a301","FullyQualifiedName":"SimpliflyTest.CustomerServiceTest.UpdateCustomerTest","DisplayName":"UpdateCustomerTest","ExecutorUri":"executor://NUnit3TestExecutor","Source":"C:\\Users\\Tejas PC\\Desktop\\Hexaware\\.Net_FullStack\\Project\\Backend-latest\\SimpliflyTest\\bin\\Debug\\net6.0\\fine-code-coverage\\build-output\\SimpliflyTest.dll","CodeFilePath":null,"LineNumber":0,"Properties":[{"Key":{"Id":"NUnit.Seed","Label":"Seed","Category":"","Description":"","Attributes":0,"ValueType":"System.String"},"Value":"59007696"}]},"Attachments":[],"Outcome":1,"ErrorMessage":null,"ErrorStackTrace":null,"DisplayName":"UpdateCustomerTest","Messages":[],"ComputerName":"TEJAS","Duration":"00:00:00.0146850","StartTime":"2024-03-04T12:10:00.3499771+00:00","EndTime":"2024-03-04T12:10:00.3646614+00:00","Properties":[{"Key":{"Id":"NUnit.Seed","Label":"Seed","Category":"","Description":"","Attributes":0,"ValueType":"System.String"},"Value":"59007696"}]}],"TestRunStatistics":{"ExecutedTests":24,"Stats":{"Passed":22,"Failed":2}},"ActiveTests":[{"Id":"631e7036-9636-fcac-84a1-c4f137e10952","FullyQualifiedName":"SimpliflyTest.FlightOwnerServiceTest.AddFlightOwnerTest","DisplayName":"AddFlightOwnerTest","ExecutorUri":"executor://NUnit3TestExecutor","Source":"C:\\Users\\Tejas PC\\Desktop\\Hexaware\\.Net_FullStack\\Project\\Backend-latest\\SimpliflyTest\\bin\\Debug\\net6.0\\fine-code-coverage\\build-output\\SimpliflyTest.dll","CodeFilePath":null,"LineNumber":0,"Properties":[{"Key":{"Id":"NUnit.Seed","Label":"Seed","Category":"","Description":"","Attributes":0,"ValueType":"System.String"},"Value":"2087229635"}]}]}}
TpTrace Verbose: 0 : 13280, 13, 2024/03/04, 17:40:00.372, 9743703900780, vstest.console.dll, TestRunRequest:SendTestRunStatsChange: Starting.
TpTrace Verbose: 0 : 13280, 13, 2024/03/04, 17:40:00.372, 9743703902307, vstest.console.dll, InProgress is AddFlightOwnerTest
TpTrace Verbose: 0 : 13280, 13, 2024/03/04, 17:40:00.373, 9743703904160, vstest.console.dll, MulticastDelegateUtilities.SafeInvoke: TestRun.RunStatsChanged: Invoking callbacks was skipped because there are no subscribers.
TpTrace Information: 0 : 13280, 13, 2024/03/04, 17:40:00.373, 9743703904944, vstest.console.dll, TestRunRequest:SendTestRunStatsChange: Completed.
TpTrace Verbose: 0 : 13280, 13, 2024/03/04, 17:40:00.373, 9743703905872, vstest.console.dll, MulticastDelegateUtilities.SafeInvoke: LengthPrefixCommunicationChannel: MessageReceived: Invoking callback 1/1 for Microsoft.VisualStudio.TestPlatform.CommunicationUtilities.TestRequestSender+<>c__DisplayClass34_0., took 3 ms.
TpTrace Verbose: 0 : 13280, 13, 2024/03/04, 17:40:00.373, 9743703907355, vstest.console.dll, TcpClientExtensions.MessageLoopAsync: Polling on remoteEndPoint: 127.0.0.1:55616 localEndPoint: 127.0.0.1:55615
TpTrace Verbose: 0 : 13280, 5, 2024/03/04, 17:40:00.373, 9743703907451, vstest.console.dll, MulticastDelegateUtilities.SafeInvoke: InternalTestLoggerEvents.SendTestResult: Invoking callback 1/1 for Microsoft.VisualStudio.TestPlatform.CommandLine.Internal.ConsoleLogger., took 0 ms.
TpTrace Verbose: 0 : 13280, 5, 2024/03/04, 17:40:00.375, 9743703932879, vstest.console.dll, MulticastDelegateUtilities.SafeInvoke: InternalTestLoggerEvents.SendTestResult: Invoking callback 1/1 for Microsoft.VisualStudio.TestPlatform.CommandLine.Internal.ConsoleLogger., took 2 ms.
TpTrace Verbose: 0 : 13280, 5, 2024/03/04, 17:40:00.376, 9743703936110, vstest.console.dll, MulticastDelegateUtilities.SafeInvoke: InternalTestLoggerEvents.SendTestResult: Invoking callback 1/1 for Microsoft.VisualStudio.TestPlatform.CommandLine.Internal.ConsoleLogger., took 0 ms.
TpTrace Verbose: 0 : 13280, 5, 2024/03/04, 17:40:00.376, 9743703937516, vstest.console.dll, MulticastDelegateUtilities.SafeInvoke: InternalTestLoggerEvents.SendTestResult: Invoking callback 1/1 for Microsoft.VisualStudio.TestPlatform.CommandLine.Internal.ConsoleLogger., took 0 ms.
TpTrace Verbose: 0 : 13280, 5, 2024/03/04, 17:40:00.376, 9743703938916, vstest.console.dll, MulticastDelegateUtilities.SafeInvoke: InternalTestLoggerEvents.SendTestResult: Invoking callback 1/1 for Microsoft.VisualStudio.TestPlatform.CommandLine.Internal.ConsoleLogger., took 0 ms.
TpTrace Verbose: 0 : 13280, 5, 2024/03/04, 17:40:00.376, 9743703939746, vstest.console.dll, MulticastDelegateUtilities.SafeInvoke: InternalTestLoggerEvents.SendTestResult: Invoking callback 1/1 for Microsoft.VisualStudio.TestPlatform.CommandLine.Internal.ConsoleLogger., took 0 ms.
TpTrace Verbose: 0 : 13280, 5, 2024/03/04, 17:40:00.376, 9743703940296, vstest.console.dll, MulticastDelegateUtilities.SafeInvoke: InternalTestLoggerEvents.SendTestResult: Invoking callback 1/1 for Microsoft.VisualStudio.TestPlatform.CommandLine.Internal.ConsoleLogger., took 0 ms.
TpTrace Verbose: 0 : 13280, 5, 2024/03/04, 17:40:00.376, 9743703941180, vstest.console.dll, MulticastDelegateUtilities.SafeInvoke: InternalTestLoggerEvents.SendTestResult: Invoking callback 1/1 for Microsoft.VisualStudio.TestPlatform.CommandLine.Internal.ConsoleLogger., took 0 ms.
TpTrace Verbose: 0 : 13280, 5, 2024/03/04, 17:40:00.376, 9743703941890, vstest.console.dll, MulticastDelegateUtilities.SafeInvoke: InternalTestLoggerEvents.SendTestResult: Invoking callback 1/1 for Microsoft.VisualStudio.TestPlatform.CommandLine.Internal.ConsoleLogger., took 0 ms.
TpTrace Verbose: 0 : 13280, 13, 2024/03/04, 17:40:00.511, 9743705289790, vstest.console.dll, TcpClientExtensions.MessageLoopAsync: NotifyDataAvailable remoteEndPoint: 127.0.0.1:55616 localEndPoint: 127.0.0.1:55615
TpTrace Verbose: 0 : 13280, 13, 2024/03/04, 17:40:00.511, 9743705292813, vstest.console.dll, TestRequestSender.OnExecutionMessageReceived: Received message: {"Version":7,"MessageType":"TestExecution.StatsChange","Payload":{"NewTestResults":[{"TestCase":{"Id":"631e7036-9636-fcac-84a1-c4f137e10952","FullyQualifiedName":"SimpliflyTest.FlightOwnerServiceTest.AddFlightOwnerTest","DisplayName":"AddFlightOwnerTest","ExecutorUri":"executor://NUnit3TestExecutor","Source":"C:\\Users\\Tejas PC\\Desktop\\Hexaware\\.Net_FullStack\\Project\\Backend-latest\\SimpliflyTest\\bin\\Debug\\net6.0\\fine-code-coverage\\build-output\\SimpliflyTest.dll","CodeFilePath":null,"LineNumber":0,"Properties":[{"Key":{"Id":"NUnit.Seed","Label":"Seed","Category":"","Description":"","Attributes":0,"ValueType":"System.String"},"Value":"2087229635"}]},"Attachments":[],"Outcome":1,"ErrorMessage":null,"ErrorStackTrace":null,"DisplayName":"AddFlightOwnerTest","Messages":[],"ComputerName":"TEJAS","Duration":"00:00:00.0568190","StartTime":"2024-03-04T12:10:00.3651462+00:00","EndTime":"2024-03-04T12:10:00.4219646+00:00","Properties":[{"Key":{"Id":"NUnit.Seed","Label":"Seed","Category":"","Description":"","Attributes":0,"ValueType":"System.String"},"Value":"2087229635"}]},{"TestCase":{"Id":"6834349e-9298-ec2a-823f-ec41e73d5553","FullyQualifiedName":"SimpliflyTest.FlightOwnerServiceTest.GetAllFlightOwnerTest","DisplayName":"GetAllFlightOwnerTest","ExecutorUri":"executor://NUnit3TestExecutor","Source":"C:\\Users\\Tejas PC\\Desktop\\Hexaware\\.Net_FullStack\\Project\\Backend-latest\\SimpliflyTest\\bin\\Debug\\net6.0\\fine-code-coverage\\build-output\\SimpliflyTest.dll","CodeFilePath":null,"LineNumber":0,"Properties":[{"Key":{"Id":"NUnit.Seed","Label":"Seed","Category":"","Description":"","Attributes":0,"ValueType":"System.String"},"Value":"1192235286"}]},"Attachments":[],"Outcome":1,"ErrorMessage":null,"ErrorStackTrace":null,"DisplayName":"GetAllFlightOwnerTest","Messages":[],"ComputerName":"TEJAS","Duration":"00:00:00.0164350","StartTime":"2024-03-04T12:10:00.4220064+00:00","EndTime":"2024-03-04T12:10:00.4384405+00:00","Properties":[{"Key":{"Id":"NUnit.Seed","Label":"Seed","Category":"","Description":"","Attributes":0,"ValueType":"System.String"},"Value":"1192235286"}]},{"TestCase":{"Id":"1194b09b-dd26-59e5-6417-192d4a9d7509","FullyQualifiedName":"SimpliflyTest.FlightOwnerServiceTest.UpdateFlightOwnerAddressTest","DisplayName":"UpdateFlightOwnerAddressTest","ExecutorUri":"executor://NUnit3TestExecutor","Source":"C:\\Users\\Tejas PC\\Desktop\\Hexaware\\.Net_FullStack\\Project\\Backend-latest\\SimpliflyTest\\bin\\Debug\\net6.0\\fine-code-coverage\\build-output\\SimpliflyTest.dll","CodeFilePath":null,"LineNumber":0,"Properties":[{"Key":{"Id":"NUnit.Seed","Label":"Seed","Category":"","Description":"","Attributes":0,"ValueType":"System.String"},"Value":"365331843"}]},"Attachments":[],"Outcome":1,"ErrorMessage":null,"ErrorStackTrace":null,"DisplayName":"UpdateFlightOwnerAddressTest","Messages":[],"ComputerName":"TEJAS","Duration":"00:00:00.0056440","StartTime":"2024-03-04T12:10:00.4384828+00:00","EndTime":"2024-03-04T12:10:00.4441266+00:00","Properties":[{"Key":{"Id":"NUnit.Seed","Label":"Seed","Category":"","Description":"","Attributes":0,"ValueType":"System.String"},"Value":"365331843"}]},{"TestCase":{"Id":"b607cf44-f04a-1411-973e-477f270055db","FullyQualifiedName":"SimpliflyTest.FlightOwnerServiceTest.RemoveFlightOwnerTest","DisplayName":"RemoveFlightOwnerTest","ExecutorUri":"executor://NUnit3TestExecutor","Source":"C:\\Users\\Tejas PC\\Desktop\\Hexaware\\.Net_FullStack\\Project\\Backend-latest\\SimpliflyTest\\bin\\Debug\\net6.0\\fine-code-coverage\\build-output\\SimpliflyTest.dll","CodeFilePath":null,"LineNumber":0,"Properties":[{"Key":{"Id":"NUnit.Seed","Label":"Seed","Category":"","Description":"","Attributes":0,"ValueType":"System.String"},"Value":"98654005"}]},"Attachments":[],"Outcome":1,"ErrorMessage":null,"ErrorStackTrace":null,"DisplayName":"RemoveFlightOwnerTest","Messages":[],"ComputerName":"TEJAS","Duration":"00:00:00.0115310","StartTime":"2024-03-04T12:10:00.4441705+00:00","EndTime":"2024-03-04T12:10:00.4557008+00:00","Properties":[{"Key":{"Id":"NUnit.Seed","Label":"Seed","Category":"","Description":"","Attributes":0,"ValueType":"System.String"},"Value":"98654005"}]},{"TestCase":{"Id":"11d0a8fb-e595-0f6b-8250-66e64f8716f8","FullyQualifiedName":"SimpliflyTest.FlightOwnerServiceTest.GetFlightOwnerById","DisplayName":"GetFlightOwnerById","ExecutorUri":"executor://NUnit3TestExecutor","Source":"C:\\Users\\Tejas PC\\Desktop\\Hexaware\\.Net_FullStack\\Project\\Backend-latest\\SimpliflyTest\\bin\\Debug\\net6.0\\fine-code-coverage\\build-output\\SimpliflyTest.dll","CodeFilePath":null,"LineNumber":0,"Properties":[{"Key":{"Id":"NUnit.Seed","Label":"Seed","Category":"","Description":"","Attributes":0,"ValueType":"System.String"},"Value":"939829455"}]},"Attachments":[],"Outcome":1,"ErrorMessage":null,"ErrorStackTrace":null,"DisplayName":"GetFlightOwnerById","Messages":[],"ComputerName":"TEJAS","Duration":"00:00:00.0038920","StartTime":"2024-03-04T12:10:00.4557377+00:00","EndTime":"2024-03-04T12:10:00.4596295+00:00","Properties":[{"Key":{"Id":"NUnit.Seed","Label":"Seed","Category":"","Description":"","Attributes":0,"ValueType":"System.String"},"Value":"939829455"}]},{"TestCase":{"Id":"9e44fb9f-488e-cfe9-ae53-52118a3b85ba","FullyQualifiedName":"SimpliflyTest.FlightOwnerServiceTest.GetFlightOwnerByUsername","DisplayName":"GetFlightOwnerByUsername","ExecutorUri":"executor://NUnit3TestExecutor","Source":"C:\\Users\\Tejas PC\\Desktop\\Hexaware\\.Net_FullStack\\Project\\Backend-latest\\SimpliflyTest\\bin\\Debug\\net6.0\\fine-code-coverage\\build-output\\SimpliflyTest.dll","CodeFilePath":null,"LineNumber":0,"Properties":[{"Key":{"Id":"NUnit.Seed","Label":"Seed","Category":"","Description":"","Attributes":0,"ValueType":"System.String"},"Value":"1299329877"}]},"Attachments":[],"Outcome":1,"ErrorMessage":null,"ErrorStackTrace":null,"DisplayName":"GetFlightOwnerByUsername","Messages":[],"ComputerName":"TEJAS","Duration":"00:00:00.0037780","StartTime":"2024-03-04T12:10:00.4596625+00:00","EndTime":"2024-03-04T12:10:00.4634399+00:00","Properties":[{"Key":{"Id":"NUnit.Seed","Label":"Seed","Category":"","Description":"","Attributes":0,"ValueType":"System.String"},"Value":"1299329877"}]},{"TestCase":{"Id":"857ef12e-1401-dd8b-7c88-f51634736133","FullyQualifiedName":"SimpliflyTest.FlightOwnerServiceTest.NoSuchFlightOwnerExceptionTest","DisplayName":"NoSuchFlightOwnerExceptionTest","ExecutorUri":"executor://NUnit3TestExecutor","Source":"C:\\Users\\Tejas PC\\Desktop\\Hexaware\\.Net_FullStack\\Project\\Backend-latest\\SimpliflyTest\\bin\\Debug\\net6.0\\fine-code-coverage\\build-output\\SimpliflyTest.dll","CodeFilePath":null,"LineNumber":0,"Properties":[{"Key":{"Id":"NUnit.Seed","Label":"Seed","Category":"","Description":"","Attributes":0,"ValueType":"System.String"},"Value":"1066616631"}]},"Attachments":[],"Outcome":1,"ErrorMessage":null,"ErrorStackTrace":null,"DisplayName":"NoSuchFlightOwnerExceptionTest","Messages":[],"ComputerName":"TEJAS","Duration":"00:00:00.0024830","StartTime":"2024-03-04T12:10:00.4634746+00:00","EndTime":"2024-03-04T12:10:00.4659575+00:00","Properties":[{"Key":{"Id":"NUnit.Seed","Label":"Seed","Category":"","Description":"","Attributes":0,"ValueType":"System.String"},"Value":"1066616631"}]},{"TestCase":{"Id":"774ce757-d6b9-3d34-85b4-2e9bd4a0d7f3","FullyQualifiedName":"SimpliflyTest.FlightOwnerServiceTest.UpdateFlightOwnerTest","DisplayName":"UpdateFlightOwnerTest","ExecutorUri":"executor://NUnit3TestExecutor","Source":"C:\\Users\\Tejas PC\\Desktop\\Hexaware\\.Net_FullStack\\Project\\Backend-latest\\SimpliflyTest\\bin\\Debug\\net6.0\\fine-code-coverage\\build-output\\SimpliflyTest.dll","CodeFilePath":null,"LineNumber":0,"Properties":[{"Key":{"Id":"NUnit.Seed","Label":"Seed","Category":"","Description":"","Attributes":0,"ValueType":"System.String"},"Value":"36672719"}]},"Attachments":[],"Outcome":1,"ErrorMessage":null,"ErrorStackTrace":null,"DisplayName":"UpdateFlightOwnerTest","Messages":[],"ComputerName":"TEJAS","Duration":"00:00:00.0051080","StartTime":"2024-03-04T12:10:00.4659842+00:00","EndTime":"2024-03-04T12:10:00.4710923+00:00","Properties":[{"Key":{"Id":"NUnit.Seed","Label":"Seed","Category":"","Description":"","Attributes":0,"ValueType":"System.String"},"Value":"36672719"}]},{"TestCase":{"Id":"3cf8c03d-fd13-ceee-75b5-5d75bc6bffff","FullyQualifiedName":"SimpliflyTest.FlightServiceTest.AddFlightTest","DisplayName":"AddFlightTest","ExecutorUri":"executor://NUnit3TestExecutor","Source":"C:\\Users\\Tejas PC\\Desktop\\Hexaware\\.Net_FullStack\\Project\\Backend-latest\\SimpliflyTest\\bin\\Debug\\net6.0\\fine-code-coverage\\build-output\\SimpliflyTest.dll","CodeFilePath":null,"LineNumber":0,"Properties":[{"Key":{"Id":"NUnit.Seed","Label":"Seed","Category":"","Description":"","Attributes":0,"ValueType":"System.String"},"Value":"922999939"}]},"Attachments":[],"Outcome":1,"ErrorMessage":null,"ErrorStackTrace":null,"DisplayName":"AddFlightTest","Messages":[],"ComputerName":"TEJAS","Duration":"00:00:00.0363960","StartTime":"2024-03-04T12:10:00.4712962+00:00","EndTime":"2024-03-04T12:10:00.5076922+00:00","Properties":[{"Key":{"Id":"NUnit.Seed","Label":"Seed","Category":"","Description":"","Attributes":0,"ValueType":"System.String"},"Value":"922999939"}]}],"TestRunStatistics":{"ExecutedTests":33,"Stats":{"Passed":31,"Failed":2}},"ActiveTests":[{"Id":"03d36887-3c77-4dad-65c4-332aec1102a0","FullyQualifiedName":"SimpliflyTest.FlightServiceTest.GetAllFlightTest","DisplayName":"GetAllFlightTest","ExecutorUri":"executor://NUnit3TestExecutor","Source":"C:\\Users\\Tejas PC\\Desktop\\Hexaware\\.Net_FullStack\\Project\\Backend-latest\\SimpliflyTest\\bin\\Debug\\net6.0\\fine-code-coverage\\build-output\\SimpliflyTest.dll","CodeFilePath":null,"LineNumber":0,"Properties":[{"Key":{"Id":"NUnit.Seed","Label":"Seed","Category":"","Description":"","Attributes":0,"ValueType":"System.String"},"Value":"1960262464"}]}]}}
TpTrace Verbose: 0 : 13280, 13, 2024/03/04, 17:40:00.514, 9743705322495, vstest.console.dll, TestRunRequest:SendTestRunStatsChange: Starting.
TpTrace Verbose: 0 : 13280, 13, 2024/03/04, 17:40:00.514, 9743705323463, vstest.console.dll, InProgress is GetAllFlightTest
TpTrace Verbose: 0 : 13280, 13, 2024/03/04, 17:40:00.515, 9743705324262, vstest.console.dll, MulticastDelegateUtilities.SafeInvoke: TestRun.RunStatsChanged: Invoking callbacks was skipped because there are no subscribers.
TpTrace Information: 0 : 13280, 13, 2024/03/04, 17:40:00.515, 9743705324637, vstest.console.dll, TestRunRequest:SendTestRunStatsChange: Completed.
TpTrace Verbose: 0 : 13280, 5, 2024/03/04, 17:40:00.515, 9743705325220, vstest.console.dll, MulticastDelegateUtilities.SafeInvoke: InternalTestLoggerEvents.SendTestResult: Invoking callback 1/1 for Microsoft.VisualStudio.TestPlatform.CommandLine.Internal.ConsoleLogger., took 0 ms.
TpTrace Verbose: 0 : 13280, 13, 2024/03/04, 17:40:00.515, 9743705325285, vstest.console.dll, MulticastDelegateUtilities.SafeInvoke: LengthPrefixCommunicationChannel: MessageReceived: Invoking callback 1/1 for Microsoft.VisualStudio.TestPlatform.CommunicationUtilities.TestRequestSender+<>c__DisplayClass34_0., took 3 ms.
TpTrace Verbose: 0 : 13280, 5, 2024/03/04, 17:40:00.515, 9743705326626, vstest.console.dll, MulticastDelegateUtilities.SafeInvoke: InternalTestLoggerEvents.SendTestResult: Invoking callback 1/1 for Microsoft.VisualStudio.TestPlatform.CommandLine.Internal.ConsoleLogger., took 0 ms.
TpTrace Verbose: 0 : 13280, 13, 2024/03/04, 17:40:00.515, 9743705327245, vstest.console.dll, TcpClientExtensions.MessageLoopAsync: Polling on remoteEndPoint: 127.0.0.1:55616 localEndPoint: 127.0.0.1:55615
TpTrace Verbose: 0 : 13280, 5, 2024/03/04, 17:40:00.515, 9743705328435, vstest.console.dll, MulticastDelegateUtilities.SafeInvoke: InternalTestLoggerEvents.SendTestResult: Invoking callback 1/1 for Microsoft.VisualStudio.TestPlatform.CommandLine.Internal.ConsoleLogger., took 0 ms.
TpTrace Verbose: 0 : 13280, 5, 2024/03/04, 17:40:00.515, 9743705330027, vstest.console.dll, MulticastDelegateUtilities.SafeInvoke: InternalTestLoggerEvents.SendTestResult: Invoking callback 1/1 for Microsoft.VisualStudio.TestPlatform.CommandLine.Internal.ConsoleLogger., took 0 ms.
TpTrace Verbose: 0 : 13280, 5, 2024/03/04, 17:40:00.515, 9743705330956, vstest.console.dll, MulticastDelegateUtilities.SafeInvoke: InternalTestLoggerEvents.SendTestResult: Invoking callback 1/1 for Microsoft.VisualStudio.TestPlatform.CommandLine.Internal.ConsoleLogger., took 0 ms.
TpTrace Verbose: 0 : 13280, 5, 2024/03/04, 17:40:00.515, 9743705332064, vstest.console.dll, MulticastDelegateUtilities.SafeInvoke: InternalTestLoggerEvents.SendTestResult: Invoking callback 1/1 for Microsoft.VisualStudio.TestPlatform.CommandLine.Internal.ConsoleLogger., took 0 ms.
TpTrace Verbose: 0 : 13280, 5, 2024/03/04, 17:40:00.515, 9743705333025, vstest.console.dll, MulticastDelegateUtilities.SafeInvoke: InternalTestLoggerEvents.SendTestResult: Invoking callback 1/1 for Microsoft.VisualStudio.TestPlatform.CommandLine.Internal.ConsoleLogger., took 0 ms.
TpTrace Verbose: 0 : 13280, 5, 2024/03/04, 17:40:00.515, 9743705333808, vstest.console.dll, MulticastDelegateUtilities.SafeInvoke: InternalTestLoggerEvents.SendTestResult: Invoking callback 1/1 for Microsoft.VisualStudio.TestPlatform.CommandLine.Internal.ConsoleLogger., took 0 ms.
TpTrace Verbose: 0 : 13280, 5, 2024/03/04, 17:40:00.516, 9743705334548, vstest.console.dll, MulticastDelegateUtilities.SafeInvoke: InternalTestLoggerEvents.SendTestResult: Invoking callback 1/1 for Microsoft.VisualStudio.TestPlatform.CommandLine.Internal.ConsoleLogger., took 0 ms.
TpTrace Verbose: 0 : 13280, 13, 2024/03/04, 17:40:00.574, 9743705916056, vstest.console.dll, TcpClientExtensions.MessageLoopAsync: NotifyDataAvailable remoteEndPoint: 127.0.0.1:55616 localEndPoint: 127.0.0.1:55615
TpTrace Verbose: 0 : 13280, 13, 2024/03/04, 17:40:00.574, 9743705919931, vstest.console.dll, TestRequestSender.OnExecutionMessageReceived: Received message: {"Version":7,"MessageType":"TestExecution.StatsChange","Payload":{"NewTestResults":[{"TestCase":{"Id":"03d36887-3c77-4dad-65c4-332aec1102a0","FullyQualifiedName":"SimpliflyTest.FlightServiceTest.GetAllFlightTest","DisplayName":"GetAllFlightTest","ExecutorUri":"executor://NUnit3TestExecutor","Source":"C:\\Users\\Tejas PC\\Desktop\\Hexaware\\.Net_FullStack\\Project\\Backend-latest\\SimpliflyTest\\bin\\Debug\\net6.0\\fine-code-coverage\\build-output\\SimpliflyTest.dll","CodeFilePath":null,"LineNumber":0,"Properties":[{"Key":{"Id":"NUnit.Seed","Label":"Seed","Category":"","Description":"","Attributes":0,"ValueType":"System.String"},"Value":"1960262464"}]},"Attachments":[],"Outcome":1,"ErrorMessage":null,"ErrorStackTrace":null,"DisplayName":"GetAllFlightTest","Messages":[],"ComputerName":"TEJAS","Duration":"00:00:00.0024680","StartTime":"2024-03-04T12:10:00.5077332+00:00","EndTime":"2024-03-04T12:10:00.5102012+00:00","Properties":[{"Key":{"Id":"NUnit.Seed","Label":"Seed","Category":"","Description":"","Attributes":0,"ValueType":"System.String"},"Value":"1960262464"}]},{"TestCase":{"Id":"f852fe53-a825-8936-f654-77d542564e8a","FullyQualifiedName":"SimpliflyTest.FlightServiceTest.UpdateAirlineTest","DisplayName":"UpdateAirlineTest","ExecutorUri":"executor://NUnit3TestExecutor","Source":"C:\\Users\\Tejas PC\\Desktop\\Hexaware\\.Net_FullStack\\Project\\Backend-latest\\SimpliflyTest\\bin\\Debug\\net6.0\\fine-code-coverage\\build-output\\SimpliflyTest.dll","CodeFilePath":null,"LineNumber":0,"Properties":[{"Key":{"Id":"NUnit.Seed","Label":"Seed","Category":"","Description":"","Attributes":0,"ValueType":"System.String"},"Value":"263099837"}]},"Attachments":[],"Outcome":1,"ErrorMessage":null,"ErrorStackTrace":null,"DisplayName":"UpdateAirlineTest","Messages":[],"ComputerName":"TEJAS","Duration":"00:00:00.0082710","StartTime":"2024-03-04T12:10:00.5102301+00:00","EndTime":"2024-03-04T12:10:00.5185008+00:00","Properties":[{"Key":{"Id":"NUnit.Seed","Label":"Seed","Category":"","Description":"","Attributes":0,"ValueType":"System.String"},"Value":"263099837"}]},{"TestCase":{"Id":"33e8ad55-49fe-fea2-aba4-bb6ea6f33a5c","FullyQualifiedName":"SimpliflyTest.FlightServiceTest.UpdateTotalSeatsTest","DisplayName":"UpdateTotalSeatsTest","ExecutorUri":"executor://NUnit3TestExecutor","Source":"C:\\Users\\Tejas PC\\Desktop\\Hexaware\\.Net_FullStack\\Project\\Backend-latest\\SimpliflyTest\\bin\\Debug\\net6.0\\fine-code-coverage\\build-output\\SimpliflyTest.dll","CodeFilePath":null,"LineNumber":0,"Properties":[{"Key":{"Id":"NUnit.Seed","Label":"Seed","Category":"","Description":"","Attributes":0,"ValueType":"System.String"},"Value":"444348348"}]},"Attachments":[],"Outcome":1,"ErrorMessage":null,"ErrorStackTrace":null,"DisplayName":"UpdateTotalSeatsTest","Messages":[],"ComputerName":"TEJAS","Duration":"00:00:00.0033300","StartTime":"2024-03-04T12:10:00.5185451+00:00","EndTime":"2024-03-04T12:10:00.5218746+00:00","Properties":[{"Key":{"Id":"NUnit.Seed","Label":"Seed","Category":"","Description":"","Attributes":0,"ValueType":"System.String"},"Value":"444348348"}]},{"TestCase":{"Id":"94c08f44-5546-aced-6910-e684393f1c8b","FullyQualifiedName":"SimpliflyTest.FlightServiceTest.RemoveFlightTest","DisplayName":"RemoveFlightTest","ExecutorUri":"executor://NUnit3TestExecutor","Source":"C:\\Users\\Tejas PC\\Desktop\\Hexaware\\.Net_FullStack\\Project\\Backend-latest\\SimpliflyTest\\bin\\Debug\\net6.0\\fine-code-coverage\\build-output\\SimpliflyTest.dll","CodeFilePath":null,"LineNumber":0,"Properties":[{"Key":{"Id":"NUnit.Seed","Label":"Seed","Category":"","Description":"","Attributes":0,"ValueType":"System.String"},"Value":"1182517009"}]},"Attachments":[],"Outcome":1,"ErrorMessage":null,"ErrorStackTrace":null,"DisplayName":"RemoveFlightTest","Messages":[],"ComputerName":"TEJAS","Duration":"00:00:00.0038650","StartTime":"2024-03-04T12:10:00.5219132+00:00","EndTime":"2024-03-04T12:10:00.5257778+00:00","Properties":[{"Key":{"Id":"NUnit.Seed","Label":"Seed","Category":"","Description":"","Attributes":0,"ValueType":"System.String"},"Value":"1182517009"}]},{"TestCase":{"Id":"4052c460-b8ea-2779-c21e-6d9de09b0c71","FullyQualifiedName":"SimpliflyTest.FlightServiceTest.NoSuchFlightExceptionTest","DisplayName":"NoSuchFlightExceptionTest","ExecutorUri":"executor://NUnit3TestExecutor","Source":"C:\\Users\\Tejas PC\\Desktop\\Hexaware\\.Net_FullStack\\Project\\Backend-latest\\SimpliflyTest\\bin\\Debug\\net6.0\\fine-code-coverage\\build-output\\SimpliflyTest.dll","CodeFilePath":null,"LineNumber":0,"Properties":[{"Key":{"Id":"NUnit.Seed","Label":"Seed","Category":"","Description":"","Attributes":0,"ValueType":"System.String"},"Value":"1071648828"}]},"Attachments":[],"Outcome":1,"ErrorMessage":null,"ErrorStackTrace":null,"DisplayName":"NoSuchFlightExceptionTest","Messages":[],"ComputerName":"TEJAS","Duration":"00:00:00.0031390","StartTime":"2024-03-04T12:10:00.525802+00:00","EndTime":"2024-03-04T12:10:00.5289408+00:00","Properties":[{"Key":{"Id":"NUnit.Seed","Label":"Seed","Category":"","Description":"","Attributes":0,"ValueType":"System.String"},"Value":"1071648828"}]},{"TestCase":{"Id":"a2969c38-cafc-4f25-4ba4-a63a27b5e3d8","FullyQualifiedName":"SimpliflyTest.PassengerServiceTest.AddPassenger_ValidPassenger_ReturnsAddedPassenger","DisplayName":"AddPassenger_ValidPassenger_ReturnsAddedPassenger","ExecutorUri":"executor://NUnit3TestExecutor","Source":"C:\\Users\\Tejas PC\\Desktop\\Hexaware\\.Net_FullStack\\Project\\Backend-latest\\SimpliflyTest\\bin\\Debug\\net6.0\\fine-code-coverage\\build-output\\SimpliflyTest.dll","CodeFilePath":null,"LineNumber":0,"Properties":[{"Key":{"Id":"NUnit.Seed","Label":"Seed","Category":"","Description":"","Attributes":0,"ValueType":"System.String"},"Value":"1152088221"}]},"Attachments":[],"Outcome":1,"ErrorMessage":null,"ErrorStackTrace":null,"DisplayName":"AddPassenger_ValidPassenger_ReturnsAddedPassenger","Messages":[],"ComputerName":"TEJAS","Duration":"00:00:00.0111740","StartTime":"2024-03-04T12:10:00.5291821+00:00","EndTime":"2024-03-04T12:10:00.5403558+00:00","Properties":[{"Key":{"Id":"NUnit.Seed","Label":"Seed","Category":"","Description":"","Attributes":0,"ValueType":"System.String"},"Value":"1152088221"}]},{"TestCase":{"Id":"73c8d6b4-1563-65b1-147b-0f1f1dc8d874","FullyQualifiedName":"SimpliflyTest.PassengerServiceTest.GetAllPassengers_ReturnsListOfPassengers","DisplayName":"GetAllPassengers_ReturnsListOfPassengers","ExecutorUri":"executor://NUnit3TestExecutor","Source":"C:\\Users\\Tejas PC\\Desktop\\Hexaware\\.Net_FullStack\\Project\\Backend-latest\\SimpliflyTest\\bin\\Debug\\net6.0\\fine-code-coverage\\build-output\\SimpliflyTest.dll","CodeFilePath":null,"LineNumber":0,"Properties":[{"Key":{"Id":"NUnit.Seed","Label":"Seed","Category":"","Description":"","Attributes":0,"ValueType":"System.String"},"Value":"916671708"}]},"Attachments":[],"Outcome":1,"ErrorMessage":null,"ErrorStackTrace":null,"DisplayName":"GetAllPassengers_ReturnsListOfPassengers","Messages":[],"ComputerName":"TEJAS","Duration":"00:00:00.0036090","StartTime":"2024-03-04T12:10:00.5403835+00:00","EndTime":"2024-03-04T12:10:00.5439923+00:00","Properties":[{"Key":{"Id":"NUnit.Seed","Label":"Seed","Category":"","Description":"","Attributes":0,"ValueType":"System.String"},"Value":"916671708"}]},{"TestCase":{"Id":"cbab7ae0-12f6-a68f-00dc-c1438665f543","FullyQualifiedName":"SimpliflyTest.PassengerServiceTest.GetByIdPassengers_ExistingPassengerId_ReturnsPassenger","DisplayName":"GetByIdPassengers_ExistingPassengerId_ReturnsPassenger","ExecutorUri":"executor://NUnit3TestExecutor","Source":"C:\\Users\\Tejas PC\\Desktop\\Hexaware\\.Net_FullStack\\Project\\Backend-latest\\SimpliflyTest\\bin\\Debug\\net6.0\\fine-code-coverage\\build-output\\SimpliflyTest.dll","CodeFilePath":null,"LineNumber":0,"Properties":[{"Key":{"Id":"NUnit.Seed","Label":"Seed","Category":"","Description":"","Attributes":0,"ValueType":"System.String"},"Value":"884943739"}]},"Attachments":[],"Outcome":1,"ErrorMessage":null,"ErrorStackTrace":null,"DisplayName":"GetByIdPassengers_ExistingPassengerId_ReturnsPassenger","Messages":[],"ComputerName":"TEJAS","Duration":"00:00:00.0039100","StartTime":"2024-03-04T12:10:00.5440228+00:00","EndTime":"2024-03-04T12:10:00.5479322+00:00","Properties":[{"Key":{"Id":"NUnit.Seed","Label":"Seed","Category":"","Description":"","Attributes":0,"ValueType":"System.String"},"Value":"884943739"}]},{"TestCase":{"Id":"595e0bd4-4976-2187-ec7e-eaf8c2c60713","FullyQualifiedName":"SimpliflyTest.PassengerServiceTest.GetByIdPassengers_NonExistingPassengerId_ReturnsNull","DisplayName":"GetByIdPassengers_NonExistingPassengerId_ReturnsNull","ExecutorUri":"executor://NUnit3TestExecutor","Source":"C:\\Users\\Tejas PC\\Desktop\\Hexaware\\.Net_FullStack\\Project\\Backend-latest\\SimpliflyTest\\bin\\Debug\\net6.0\\fine-code-coverage\\build-output\\SimpliflyTest.dll","CodeFilePath":null,"LineNumber":0,"Properties":[{"Key":{"Id":"NUnit.Seed","Label":"Seed","Category":"","Description":"","Attributes":0,"ValueType":"System.String"},"Value":"576648007"}]},"Attachments":[],"Outcome":1,"ErrorMessage":null,"ErrorStackTrace":null,"DisplayName":"GetByIdPassengers_NonExistingPassengerId_ReturnsNull","Messages":[],"ComputerName":"TEJAS","Duration":"00:00:00.0194190","StartTime":"2024-03-04T12:10:00.5479626+00:00","EndTime":"2024-03-04T12:10:00.5673814+00:00","Properties":[{"Key":{"Id":"NUnit.Seed","Label":"Seed","Category":"","Description":"","Attributes":0,"ValueType":"System.String"},"Value":"576648007"}]}],"TestRunStatistics":{"ExecutedTests":42,"Stats":{"Passed":40,"Failed":2}},"ActiveTests":[{"Id":"576b0746-e5a6-9884-0598-f74656cafb69","FullyQualifiedName":"SimpliflyTest.PassengerServiceTest.RemovePassenger_ExistingPassengerId_ReturnsTrue","DisplayName":"RemovePassenger_ExistingPassengerId_ReturnsTrue","ExecutorUri":"executor://NUnit3TestExecutor","Source":"C:\\Users\\Tejas PC\\Desktop\\Hexaware\\.Net_FullStack\\Project\\Backend-latest\\SimpliflyTest\\bin\\Debug\\net6.0\\fine-code-coverage\\build-output\\SimpliflyTest.dll","CodeFilePath":null,"LineNumber":0,"Properties":[{"Key":{"Id":"NUnit.Seed","Label":"Seed","Category":"","Description":"","Attributes":0,"ValueType":"System.String"},"Value":"1962046489"}]}]}}
TpTrace Verbose: 0 : 13280, 13, 2024/03/04, 17:40:00.577, 9743705951898, vstest.console.dll, TestRunRequest:SendTestRunStatsChange: Starting.
TpTrace Verbose: 0 : 13280, 13, 2024/03/04, 17:40:00.577, 9743705953011, vstest.console.dll, InProgress is RemovePassenger_ExistingPassengerId_ReturnsTrue
TpTrace Verbose: 0 : 13280, 13, 2024/03/04, 17:40:00.578, 9743705954156, vstest.console.dll, MulticastDelegateUtilities.SafeInvoke: TestRun.RunStatsChanged: Invoking callbacks was skipped because there are no subscribers.
TpTrace Information: 0 : 13280, 13, 2024/03/04, 17:40:00.578, 9743705954958, vstest.console.dll, TestRunRequest:SendTestRunStatsChange: Completed.
TpTrace Verbose: 0 : 13280, 5, 2024/03/04, 17:40:00.578, 9743705955055, vstest.console.dll, MulticastDelegateUtilities.SafeInvoke: InternalTestLoggerEvents.SendTestResult: Invoking callback 1/1 for Microsoft.VisualStudio.TestPlatform.CommandLine.Internal.ConsoleLogger., took 0 ms.
TpTrace Verbose: 0 : 13280, 13, 2024/03/04, 17:40:00.578, 9743705955785, vstest.console.dll, MulticastDelegateUtilities.SafeInvoke: LengthPrefixCommunicationChannel: MessageReceived: Invoking callback 1/1 for Microsoft.VisualStudio.TestPlatform.CommunicationUtilities.TestRequestSender+<>c__DisplayClass34_0., took 3 ms.
TpTrace Verbose: 0 : 13280, 5, 2024/03/04, 17:40:00.578, 9743705957797, vstest.console.dll, MulticastDelegateUtilities.SafeInvoke: InternalTestLoggerEvents.SendTestResult: Invoking callback 1/1 for Microsoft.VisualStudio.TestPlatform.CommandLine.Internal.ConsoleLogger., took 0 ms.
TpTrace Verbose: 0 : 13280, 13, 2024/03/04, 17:40:00.578, 9743705958732, vstest.console.dll, TcpClientExtensions.MessageLoopAsync: Polling on remoteEndPoint: 127.0.0.1:55616 localEndPoint: 127.0.0.1:55615
TpTrace Verbose: 0 : 13280, 5, 2024/03/04, 17:40:00.578, 9743705959107, vstest.console.dll, MulticastDelegateUtilities.SafeInvoke: InternalTestLoggerEvents.SendTestResult: Invoking callback 1/1 for Microsoft.VisualStudio.TestPlatform.CommandLine.Internal.ConsoleLogger., took 0 ms.
TpTrace Verbose: 0 : 13280, 5, 2024/03/04, 17:40:00.578, 9743705960427, vstest.console.dll, MulticastDelegateUtilities.SafeInvoke: InternalTestLoggerEvents.SendTestResult: Invoking callback 1/1 for Microsoft.VisualStudio.TestPlatform.CommandLine.Internal.ConsoleLogger., took 0 ms.
TpTrace Verbose: 0 : 13280, 5, 2024/03/04, 17:40:00.578, 9743705961612, vstest.console.dll, MulticastDelegateUtilities.SafeInvoke: InternalTestLoggerEvents.SendTestResult: Invoking callback 1/1 for Microsoft.VisualStudio.TestPlatform.CommandLine.Internal.ConsoleLogger., took 0 ms.
TpTrace Verbose: 0 : 13280, 5, 2024/03/04, 17:40:00.578, 9743705962105, vstest.console.dll, MulticastDelegateUtilities.SafeInvoke: InternalTestLoggerEvents.SendTestResult: Invoking callback 1/1 for Microsoft.VisualStudio.TestPlatform.CommandLine.Internal.ConsoleLogger., took 0 ms.
TpTrace Verbose: 0 : 13280, 5, 2024/03/04, 17:40:00.578, 9743705962575, vstest.console.dll, MulticastDelegateUtilities.SafeInvoke: InternalTestLoggerEvents.SendTestResult: Invoking callback 1/1 for Microsoft.VisualStudio.TestPlatform.CommandLine.Internal.ConsoleLogger., took 0 ms.
TpTrace Verbose: 0 : 13280, 5, 2024/03/04, 17:40:00.578, 9743705963013, vstest.console.dll, MulticastDelegateUtilities.SafeInvoke: InternalTestLoggerEvents.SendTestResult: Invoking callback 1/1 for Microsoft.VisualStudio.TestPlatform.CommandLine.Internal.ConsoleLogger., took 0 ms.
TpTrace Verbose: 0 : 13280, 5, 2024/03/04, 17:40:00.578, 9743705963458, vstest.console.dll, MulticastDelegateUtilities.SafeInvoke: InternalTestLoggerEvents.SendTestResult: Invoking callback 1/1 for Microsoft.VisualStudio.TestPlatform.CommandLine.Internal.ConsoleLogger., took 0 ms.
TpTrace Verbose: 0 : 13280, 13, 2024/03/04, 17:40:00.957, 9743709751703, vstest.console.dll, TcpClientExtensions.MessageLoopAsync: NotifyDataAvailable remoteEndPoint: 127.0.0.1:55616 localEndPoint: 127.0.0.1:55615
TpTrace Verbose: 0 : 13280, 13, 2024/03/04, 17:40:00.958, 9743709756118, vstest.console.dll, TestRequestSender.OnExecutionMessageReceived: Received message: {"Version":7,"MessageType":"TestExecution.StatsChange","Payload":{"NewTestResults":[{"TestCase":{"Id":"576b0746-e5a6-9884-0598-f74656cafb69","FullyQualifiedName":"SimpliflyTest.PassengerServiceTest.RemovePassenger_ExistingPassengerId_ReturnsTrue","DisplayName":"RemovePassenger_ExistingPassengerId_ReturnsTrue","ExecutorUri":"executor://NUnit3TestExecutor","Source":"C:\\Users\\Tejas PC\\Desktop\\Hexaware\\.Net_FullStack\\Project\\Backend-latest\\SimpliflyTest\\bin\\Debug\\net6.0\\fine-code-coverage\\build-output\\SimpliflyTest.dll","CodeFilePath":null,"LineNumber":0,"Properties":[{"Key":{"Id":"NUnit.Seed","Label":"Seed","Category":"","Description":"","Attributes":0,"ValueType":"System.String"},"Value":"1962046489"}]},"Attachments":[],"Outcome":1,"ErrorMessage":null,"ErrorStackTrace":null,"DisplayName":"RemovePassenger_ExistingPassengerId_ReturnsTrue","Messages":[],"ComputerName":"TEJAS","Duration":"00:00:00.0038730","StartTime":"2024-03-04T12:10:00.5674104+00:00","EndTime":"2024-03-04T12:10:00.5712831+00:00","Properties":[{"Key":{"Id":"NUnit.Seed","Label":"Seed","Category":"","Description":"","Attributes":0,"ValueType":"System.String"},"Value":"1962046489"}]},{"TestCase":{"Id":"6705a7fa-eca4-0ec6-3241-4dacfef6adb7","FullyQualifiedName":"SimpliflyTest.PassengerServiceTest.RemovePassenger_NonExistingPassengerId_ReturnsFalse","DisplayName":"RemovePassenger_NonExistingPassengerId_ReturnsFalse","ExecutorUri":"executor://NUnit3TestExecutor","Source":"C:\\Users\\Tejas PC\\Desktop\\Hexaware\\.Net_FullStack\\Project\\Backend-latest\\SimpliflyTest\\bin\\Debug\\net6.0\\fine-code-coverage\\build-output\\SimpliflyTest.dll","CodeFilePath":null,"LineNumber":0,"Properties":[{"Key":{"Id":"NUnit.Seed","Label":"Seed","Category":"","Description":"","Attributes":0,"ValueType":"System.String"},"Value":"309282771"}]},"Attachments":[],"Outcome":1,"ErrorMessage":null,"ErrorStackTrace":null,"DisplayName":"RemovePassenger_NonExistingPassengerId_ReturnsFalse","Messages":[],"ComputerName":"TEJAS","Duration":"00:00:00.0024560","StartTime":"2024-03-04T12:10:00.5713115+00:00","EndTime":"2024-03-04T12:10:00.5737669+00:00","Properties":[{"Key":{"Id":"NUnit.Seed","Label":"Seed","Category":"","Description":"","Attributes":0,"ValueType":"System.String"},"Value":"309282771"}]},{"TestCase":{"Id":"a3bc55c4-9e55-97ca-3089-624d76e76406","FullyQualifiedName":"SimpliflyTest.RouteServiceTest.AddRouteTest","DisplayName":"AddRouteTest","ExecutorUri":"executor://NUnit3TestExecutor","Source":"C:\\Users\\Tejas PC\\Desktop\\Hexaware\\.Net_FullStack\\Project\\Backend-latest\\SimpliflyTest\\bin\\Debug\\net6.0\\fine-code-coverage\\build-output\\SimpliflyTest.dll","CodeFilePath":null,"LineNumber":0,"Properties":[{"Key":{"Id":"NUnit.Seed","Label":"Seed","Category":"","Description":"","Attributes":0,"ValueType":"System.String"},"Value":"65753126"}]},"Attachments":[],"Outcome":1,"ErrorMessage":null,"ErrorStackTrace":null,"DisplayName":"AddRouteTest","Messages":[],"ComputerName":"TEJAS","Duration":"00:00:00.3181480","StartTime":"2024-03-04T12:10:00.574021+00:00","EndTime":"2024-03-04T12:10:00.8921684+00:00","Properties":[{"Key":{"Id":"NUnit.Seed","Label":"Seed","Category":"","Description":"","Attributes":0,"ValueType":"System.String"},"Value":"65753126"}]},{"TestCase":{"Id":"74101ef6-de48-30d0-70dd-321c55c63857","FullyQualifiedName":"SimpliflyTest.RouteServiceTest.GetRouteTest","DisplayName":"GetRouteTest","ExecutorUri":"executor://NUnit3TestExecutor","Source":"C:\\Users\\Tejas PC\\Desktop\\Hexaware\\.Net_FullStack\\Project\\Backend-latest\\SimpliflyTest\\bin\\Debug\\net6.0\\fine-code-coverage\\build-output\\SimpliflyTest.dll","CodeFilePath":null,"LineNumber":0,"Properties":[{"Key":{"Id":"NUnit.Seed","Label":"Seed","Category":"","Description":"","Attributes":0,"ValueType":"System.String"},"Value":"1513141936"}]},"Attachments":[],"Outcome":1,"ErrorMessage":null,"ErrorStackTrace":null,"DisplayName":"GetRouteTest","Messages":[],"ComputerName":"TEJAS","Duration":"00:00:00.0156170","StartTime":"2024-03-04T12:10:00.8922272+00:00","EndTime":"2024-03-04T12:10:00.9078427+00:00","Properties":[{"Key":{"Id":"NUnit.Seed","Label":"Seed","Category":"","Description":"","Attributes":0,"ValueType":"System.String"},"Value":"1513141936"}]},{"TestCase":{"Id":"c8bb9747-7d1e-5531-7798-c8823bd64c02","FullyQualifiedName":"SimpliflyTest.RouteServiceTest.RemoveRouteTest","DisplayName":"RemoveRouteTest","ExecutorUri":"executor://NUnit3TestExecutor","Source":"C:\\Users\\Tejas PC\\Desktop\\Hexaware\\.Net_FullStack\\Project\\Backend-latest\\SimpliflyTest\\bin\\Debug\\net6.0\\fine-code-coverage\\build-output\\SimpliflyTest.dll","CodeFilePath":null,"LineNumber":0,"Properties":[{"Key":{"Id":"NUnit.Seed","Label":"Seed","Category":"","Description":"","Attributes":0,"ValueType":"System.String"},"Value":"2111238374"}]},"Attachments":[],"Outcome":1,"ErrorMessage":null,"ErrorStackTrace":null,"DisplayName":"RemoveRouteTest","Messages":[],"ComputerName":"TEJAS","Duration":"00:00:00.0125840","StartTime":"2024-03-04T12:10:00.9079225+00:00","EndTime":"2024-03-04T12:10:00.920506+00:00","Properties":[{"Key":{"Id":"NUnit.Seed","Label":"Seed","Category":"","Description":"","Attributes":0,"ValueType":"System.String"},"Value":"2111238374"}]},{"TestCase":{"Id":"647b40dc-1904-9f2b-a234-c5f636f0e28a","FullyQualifiedName":"SimpliflyTest.RouteServiceTest.AddAirportTest","DisplayName":"AddAirportTest","ExecutorUri":"executor://NUnit3TestExecutor","Source":"C:\\Users\\Tejas PC\\Desktop\\Hexaware\\.Net_FullStack\\Project\\Backend-latest\\SimpliflyTest\\bin\\Debug\\net6.0\\fine-code-coverage\\build-output\\SimpliflyTest.dll","CodeFilePath":null,"LineNumber":0,"Properties":[{"Key":{"Id":"NUnit.Seed","Label":"Seed","Category":"","Description":"","Attributes":0,"ValueType":"System.String"},"Value":"1273128167"}]},"Attachments":[],"Outcome":1,"ErrorMessage":null,"ErrorStackTrace":null,"DisplayName":"AddAirportTest","Messages":[],"ComputerName":"TEJAS","Duration":"00:00:00.0146380","StartTime":"2024-03-04T12:10:00.9205452+00:00","EndTime":"2024-03-04T12:10:00.9351827+00:00","Properties":[{"Key":{"Id":"NUnit.Seed","Label":"Seed","Category":"","Description":"","Attributes":0,"ValueType":"System.String"},"Value":"1273128167"}]},{"TestCase":{"Id":"1741e006-b414-a834-d0cc-606a7dfd4832","FullyQualifiedName":"SimpliflyTest.RouteServiceTest.GetAllAirportTest","DisplayName":"GetAllAirportTest","ExecutorUri":"executor://NUnit3TestExecutor","Source":"C:\\Users\\Tejas PC\\Desktop\\Hexaware\\.Net_FullStack\\Project\\Backend-latest\\SimpliflyTest\\bin\\Debug\\net6.0\\fine-code-coverage\\build-output\\SimpliflyTest.dll","CodeFilePath":null,"LineNumber":0,"Properties":[{"Key":{"Id":"NUnit.Seed","Label":"Seed","Category":"","Description":"","Attributes":0,"ValueType":"System.String"},"Value":"514791369"}]},"Attachments":[],"Outcome":1,"ErrorMessage":null,"ErrorStackTrace":null,"DisplayName":"GetAllAirportTest","Messages":[],"ComputerName":"TEJAS","Duration":"00:00:00.0049610","StartTime":"2024-03-04T12:10:00.9352198+00:00","EndTime":"2024-03-04T12:10:00.9401804+00:00","Properties":[{"Key":{"Id":"NUnit.Seed","Label":"Seed","Category":"","Description":"","Attributes":0,"ValueType":"System.String"},"Value":"514791369"}]},{"TestCase":{"Id":"7a40713a-3890-e002-d25d-1f9ace76dd1d","FullyQualifiedName":"SimpliflyTest.RouteServiceTest.GetRouteByIdTest","DisplayName":"GetRouteByIdTest","ExecutorUri":"executor://NUnit3TestExecutor","Source":"C:\\Users\\Tejas PC\\Desktop\\Hexaware\\.Net_FullStack\\Project\\Backend-latest\\SimpliflyTest\\bin\\Debug\\net6.0\\fine-code-coverage\\build-output\\SimpliflyTest.dll","CodeFilePath":null,"LineNumber":0,"Properties":[{"Key":{"Id":"NUnit.Seed","Label":"Seed","Category":"","Description":"","Attributes":0,"ValueType":"System.String"},"Value":"273397740"}]},"Attachments":[],"Outcome":1,"ErrorMessage":null,"ErrorStackTrace":null,"DisplayName":"GetRouteByIdTest","Messages":[],"ComputerName":"TEJAS","Duration":"00:00:00.0066190","StartTime":"2024-03-04T12:10:00.9402244+00:00","EndTime":"2024-03-04T12:10:00.9468428+00:00","Properties":[{"Key":{"Id":"NUnit.Seed","Label":"Seed","Category":"","Description":"","Attributes":0,"ValueType":"System.String"},"Value":"273397740"}]},{"TestCase":{"Id":"ce35c085-9f52-c50e-16f5-319fb94ba34d","FullyQualifiedName":"SimpliflyTest.RouteServiceTest.GetRouteIdByAirportTest","DisplayName":"GetRouteIdByAirportTest","ExecutorUri":"executor://NUnit3TestExecutor","Source":"C:\\Users\\Tejas PC\\Desktop\\Hexaware\\.Net_FullStack\\Project\\Backend-latest\\SimpliflyTest\\bin\\Debug\\net6.0\\fine-code-coverage\\build-output\\SimpliflyTest.dll","CodeFilePath":null,"LineNumber":0,"Properties":[{"Key":{"Id":"NUnit.Seed","Label":"Seed","Category":"","Description":"","Attributes":0,"ValueType":"System.String"},"Value":"2040162394"}]},"Attachments":[],"Outcome":1,"ErrorMessage":null,"ErrorStackTrace":null,"DisplayName":"GetRouteIdByAirportTest","Messages":[],"ComputerName":"TEJAS","Duration":"00:00:00.0073520","StartTime":"2024-03-04T12:10:00.946902+00:00","EndTime":"2024-03-04T12:10:00.9542533+00:00","Properties":[{"Key":{"Id":"NUnit.Seed","Label":"Seed","Category":"","Description":"","Attributes":0,"ValueType":"System.String"},"Value":"2040162394"}]}],"TestRunStatistics":{"ExecutedTests":51,"Stats":{"Passed":49,"Failed":2}},"ActiveTests":[{"Id":"6ee355f9-7f03-4f1b-0697-5d234f2f1fc3","FullyQualifiedName":"SimpliflyTest.RouteServiceTest.NoSuchRouteExceptionTest","DisplayName":"NoSuchRouteExceptionTest","ExecutorUri":"executor://NUnit3TestExecutor","Source":"C:\\Users\\Tejas PC\\Desktop\\Hexaware\\.Net_FullStack\\Project\\Backend-latest\\SimpliflyTest\\bin\\Debug\\net6.0\\fine-code-coverage\\build-output\\SimpliflyTest.dll","CodeFilePath":null,"LineNumber":0,"Properties":[{"Key":{"Id":"NUnit.Seed","Label":"Seed","Category":"","Description":"","Attributes":0,"ValueType":"System.String"},"Value":"469812898"}]}]}}
TpTrace Verbose: 0 : 13280, 13, 2024/03/04, 17:40:00.961, 9743709784400, vstest.console.dll, TestRunRequest:SendTestRunStatsChange: Starting.
TpTrace Verbose: 0 : 13280, 13, 2024/03/04, 17:40:00.961, 9743709785461, vstest.console.dll, InProgress is NoSuchRouteExceptionTest
TpTrace Verbose: 0 : 13280, 13, 2024/03/04, 17:40:00.961, 9743709786166, vstest.console.dll, MulticastDelegateUtilities.SafeInvoke: TestRun.RunStatsChanged: Invoking callbacks was skipped because there are no subscribers.
TpTrace Information: 0 : 13280, 13, 2024/03/04, 17:40:00.961, 9743709786530, vstest.console.dll, TestRunRequest:SendTestRunStatsChange: Completed.
TpTrace Verbose: 0 : 13280, 5, 2024/03/04, 17:40:00.961, 9743709790578, vstest.console.dll, MulticastDelegateUtilities.SafeInvoke: InternalTestLoggerEvents.SendTestResult: Invoking callback 1/1 for Microsoft.VisualStudio.TestPlatform.CommandLine.Internal.ConsoleLogger., took 0 ms.
TpTrace Verbose: 0 : 13280, 13, 2024/03/04, 17:40:00.961, 9743709790558, vstest.console.dll, MulticastDelegateUtilities.SafeInvoke: LengthPrefixCommunicationChannel: MessageReceived: Invoking callback 1/1 for Microsoft.VisualStudio.TestPlatform.CommunicationUtilities.TestRequestSender+<>c__DisplayClass34_0., took 3 ms.
TpTrace Verbose: 0 : 13280, 5, 2024/03/04, 17:40:00.961, 9743709792070, vstest.console.dll, MulticastDelegateUtilities.SafeInvoke: InternalTestLoggerEvents.SendTestResult: Invoking callback 1/1 for Microsoft.VisualStudio.TestPlatform.CommandLine.Internal.ConsoleLogger., took 0 ms.
TpTrace Verbose: 0 : 13280, 13, 2024/03/04, 17:40:00.961, 9743709792406, vstest.console.dll, TcpClientExtensions.MessageLoopAsync: Polling on remoteEndPoint: 127.0.0.1:55616 localEndPoint: 127.0.0.1:55615
TpTrace Verbose: 0 : 13280, 5, 2024/03/04, 17:40:00.961, 9743709793767, vstest.console.dll, MulticastDelegateUtilities.SafeInvoke: InternalTestLoggerEvents.SendTestResult: Invoking callback 1/1 for Microsoft.VisualStudio.TestPlatform.CommandLine.Internal.ConsoleLogger., took 0 ms.
TpTrace Verbose: 0 : 13280, 5, 2024/03/04, 17:40:00.962, 9743709794938, vstest.console.dll, MulticastDelegateUtilities.SafeInvoke: InternalTestLoggerEvents.SendTestResult: Invoking callback 1/1 for Microsoft.VisualStudio.TestPlatform.CommandLine.Internal.ConsoleLogger., took 0 ms.
TpTrace Verbose: 0 : 13280, 5, 2024/03/04, 17:40:00.962, 9743709795896, vstest.console.dll, MulticastDelegateUtilities.SafeInvoke: InternalTestLoggerEvents.SendTestResult: Invoking callback 1/1 for Microsoft.VisualStudio.TestPlatform.CommandLine.Internal.ConsoleLogger., took 0 ms.
TpTrace Verbose: 0 : 13280, 5, 2024/03/04, 17:40:00.962, 9743709796696, vstest.console.dll, MulticastDelegateUtilities.SafeInvoke: InternalTestLoggerEvents.SendTestResult: Invoking callback 1/1 for Microsoft.VisualStudio.TestPlatform.CommandLine.Internal.ConsoleLogger., took 0 ms.
TpTrace Verbose: 0 : 13280, 5, 2024/03/04, 17:40:00.962, 9743709797608, vstest.console.dll, MulticastDelegateUtilities.SafeInvoke: InternalTestLoggerEvents.SendTestResult: Invoking callback 1/1 for Microsoft.VisualStudio.TestPlatform.CommandLine.Internal.ConsoleLogger., took 0 ms.
TpTrace Verbose: 0 : 13280, 5, 2024/03/04, 17:40:00.962, 9743709798294, vstest.console.dll, MulticastDelegateUtilities.SafeInvoke: InternalTestLoggerEvents.SendTestResult: Invoking callback 1/1 for Microsoft.VisualStudio.TestPlatform.CommandLine.Internal.ConsoleLogger., took 0 ms.
TpTrace Verbose: 0 : 13280, 5, 2024/03/04, 17:40:00.962, 9743709799626, vstest.console.dll, MulticastDelegateUtilities.SafeInvoke: InternalTestLoggerEvents.SendTestResult: Invoking callback 1/1 for Microsoft.VisualStudio.TestPlatform.CommandLine.Internal.ConsoleLogger., took 0 ms.
TpTrace Verbose: 0 : 13280, 13, 2024/03/04, 17:40:01.019, 9743710369917, vstest.console.dll, TcpClientExtensions.MessageLoopAsync: NotifyDataAvailable remoteEndPoint: 127.0.0.1:55616 localEndPoint: 127.0.0.1:55615
TpTrace Verbose: 0 : 13280, 13, 2024/03/04, 17:40:01.020, 9743710374245, vstest.console.dll, TestRequestSender.OnExecutionMessageReceived: Received message: {"Version":7,"MessageType":"TestExecution.StatsChange","Payload":{"NewTestResults":[{"TestCase":{"Id":"6ee355f9-7f03-4f1b-0697-5d234f2f1fc3","FullyQualifiedName":"SimpliflyTest.RouteServiceTest.NoSuchRouteExceptionTest","DisplayName":"NoSuchRouteExceptionTest","ExecutorUri":"executor://NUnit3TestExecutor","Source":"C:\\Users\\Tejas PC\\Desktop\\Hexaware\\.Net_FullStack\\Project\\Backend-latest\\SimpliflyTest\\bin\\Debug\\net6.0\\fine-code-coverage\\build-output\\SimpliflyTest.dll","CodeFilePath":null,"LineNumber":0,"Properties":[{"Key":{"Id":"NUnit.Seed","Label":"Seed","Category":"","Description":"","Attributes":0,"ValueType":"System.String"},"Value":"469812898"}]},"Attachments":[],"Outcome":1,"ErrorMessage":null,"ErrorStackTrace":null,"DisplayName":"NoSuchRouteExceptionTest","Messages":[],"ComputerName":"TEJAS","Duration":"00:00:00.0035180","StartTime":"2024-03-04T12:10:00.954297+00:00","EndTime":"2024-03-04T12:10:00.9578145+00:00","Properties":[{"Key":{"Id":"NUnit.Seed","Label":"Seed","Category":"","Description":"","Attributes":0,"ValueType":"System.String"},"Value":"469812898"}]},{"TestCase":{"Id":"376f31b7-c5a3-6c33-0fd6-d55a6d19ce1b","FullyQualifiedName":"SimpliflyTest.ScheduleServicesTest.AddScheduleTest","DisplayName":"AddScheduleTest","ExecutorUri":"executor://NUnit3TestExecutor","Source":"C:\\Users\\Tejas PC\\Desktop\\Hexaware\\.Net_FullStack\\Project\\Backend-latest\\SimpliflyTest\\bin\\Debug\\net6.0\\fine-code-coverage\\build-output\\SimpliflyTest.dll","CodeFilePath":null,"LineNumber":0,"Properties":[{"Key":{"Id":"NUnit.Seed","Label":"Seed","Category":"","Description":"","Attributes":0,"ValueType":"System.String"},"Value":"1326077138"}]},"Attachments":[],"Outcome":1,"ErrorMessage":null,"ErrorStackTrace":null,"DisplayName":"AddScheduleTest","Messages":[],"ComputerName":"TEJAS","Duration":"00:00:00.0163240","StartTime":"2024-03-04T12:10:00.958129+00:00","EndTime":"2024-03-04T12:10:00.9744523+00:00","Properties":[{"Key":{"Id":"NUnit.Seed","Label":"Seed","Category":"","Description":"","Attributes":0,"ValueType":"System.String"},"Value":"1326077138"}]},{"TestCase":{"Id":"a067de58-cc84-7a90-9031-184e76781f4b","FullyQualifiedName":"SimpliflyTest.ScheduleServicesTest.GetAllSchedulesTest","DisplayName":"GetAllSchedulesTest","ExecutorUri":"executor://NUnit3TestExecutor","Source":"C:\\Users\\Tejas PC\\Desktop\\Hexaware\\.Net_FullStack\\Project\\Backend-latest\\SimpliflyTest\\bin\\Debug\\net6.0\\fine-code-coverage\\build-output\\SimpliflyTest.dll","CodeFilePath":null,"LineNumber":0,"Properties":[{"Key":{"Id":"NUnit.Seed","Label":"Seed","Category":"","Description":"","Attributes":0,"ValueType":"System.String"},"Value":"138644133"}]},"Attachments":[],"Outcome":1,"ErrorMessage":null,"ErrorStackTrace":null,"DisplayName":"GetAllSchedulesTest","Messages":[],"ComputerName":"TEJAS","Duration":"00:00:00.0026800","StartTime":"2024-03-04T12:10:00.9744949+00:00","EndTime":"2024-03-04T12:10:00.977175+00:00","Properties":[{"Key":{"Id":"NUnit.Seed","Label":"Seed","Category":"","Description":"","Attributes":0,"ValueType":"System.String"},"Value":"138644133"}]},{"TestCase":{"Id":"9e713d10-6c34-3607-d915-1444ba0ca0da","FullyQualifiedName":"SimpliflyTest.ScheduleServicesTest.NoSuchScheduleExceptionTest","DisplayName":"NoSuchScheduleExceptionTest","ExecutorUri":"executor://NUnit3TestExecutor","Source":"C:\\Users\\Tejas PC\\Desktop\\Hexaware\\.Net_FullStack\\Project\\Backend-latest\\SimpliflyTest\\bin\\Debug\\net6.0\\fine-code-coverage\\build-output\\SimpliflyTest.dll","CodeFilePath":null,"LineNumber":0,"Properties":[{"Key":{"Id":"NUnit.Seed","Label":"Seed","Category":"","Description":"","Attributes":0,"ValueType":"System.String"},"Value":"793117107"}]},"Attachments":[],"Outcome":1,"ErrorMessage":null,"ErrorStackTrace":null,"DisplayName":"NoSuchScheduleExceptionTest","Messages":[],"ComputerName":"TEJAS","Duration":"00:00:00.0064940","StartTime":"2024-03-04T12:10:00.9772026+00:00","EndTime":"2024-03-04T12:10:00.9836962+00:00","Properties":[{"Key":{"Id":"NUnit.Seed","Label":"Seed","Category":"","Description":"","Attributes":0,"ValueType":"System.String"},"Value":"793117107"}]},{"TestCase":{"Id":"5be2821f-82b7-ae7e-8314-9c202a21587e","FullyQualifiedName":"SimpliflyTest.ScheduleServicesTest.RemoveScheduleByFlightNumberTest","DisplayName":"RemoveScheduleByFlightNumberTest","ExecutorUri":"executor://NUnit3TestExecutor","Source":"C:\\Users\\Tejas PC\\Desktop\\Hexaware\\.Net_FullStack\\Project\\Backend-latest\\SimpliflyTest\\bin\\Debug\\net6.0\\fine-code-coverage\\build-output\\SimpliflyTest.dll","CodeFilePath":null,"LineNumber":0,"Properties":[{"Key":{"Id":"NUnit.Seed","Label":"Seed","Category":"","Description":"","Attributes":0,"ValueType":"System.String"},"Value":"862236308"}]},"Attachments":[],"Outcome":2,"ErrorMessage":"System.ArgumentNullException : Value cannot be null. (Parameter 'source')","ErrorStackTrace":"   at System.Linq.ThrowHelper.ThrowArgumentNullException(ExceptionArgument argument)\r\n   at System.Linq.Enumerable.Where[TSource](IEnumerable`1 source, Func`2 predicate)\r\n   at Simplifly.Services.ScheduleServices.RemoveSchedule(String flightNumber) in C:\\Users\\Tejas PC\\Desktop\\Hexaware\\.Net_FullStack\\Project\\Backend-latest\\Simplifly\\Services\\ScheduleServices.cs:line 261\r\n   at SimpliflyTest.ScheduleServicesTest.RemoveScheduleByFlightNumberTest() in C:\\Users\\Tejas PC\\Desktop\\Hexaware\\.Net_FullStack\\Project\\Backend-latest\\SimpliflyTest\\ScheduleServiceTest.cs:line 117\r\n   at NUnit.Framework.Internal.TaskAwaitAdapter.GenericAdapter`1.GetResult()\r\n   at NUnit.Framework.Internal.AsyncToSyncAdapter.Await(Func`1 invoke)\r\n   at NUnit.Framework.Internal.Commands.TestMethodCommand.RunTestMethod(TestExecutionContext context)\r\n   at NUnit.Framework.Internal.Commands.TestMethodCommand.Execute(TestExecutionContext context)\r\n   at NUnit.Framework.Internal.Commands.BeforeAndAfterTestCommand.<>c__DisplayClass1_0.<Execute>b__0()\r\n   at NUnit.Framework.Internal.Commands.DelegatingTestCommand.RunTestMethodInThreadAbortSafeZone(TestExecutionContext context, Action action)\n","DisplayName":"RemoveScheduleByFlightNumberTest","Messages":[],"ComputerName":"TEJAS","Duration":"00:00:00.0127340","StartTime":"2024-03-04T12:10:00.9837334+00:00","EndTime":"2024-03-04T12:10:00.9964671+00:00","Properties":[{"Key":{"Id":"NUnit.Seed","Label":"Seed","Category":"","Description":"","Attributes":0,"ValueType":"System.String"},"Value":"862236308"}]},{"TestCase":{"Id":"5331dd0c-452b-4bfc-aaf3-ce98400270aa","FullyQualifiedName":"SimpliflyTest.ScheduleServicesTest.RemoveScheduleTest","DisplayName":"RemoveScheduleTest","ExecutorUri":"executor://NUnit3TestExecutor","Source":"C:\\Users\\Tejas PC\\Desktop\\Hexaware\\.Net_FullStack\\Project\\Backend-latest\\SimpliflyTest\\bin\\Debug\\net6.0\\fine-code-coverage\\build-output\\SimpliflyTest.dll","CodeFilePath":null,"LineNumber":0,"Properties":[{"Key":{"Id":"NUnit.Seed","Label":"Seed","Category":"","Description":"","Attributes":0,"ValueType":"System.String"},"Value":"1125381360"}]},"Attachments":[],"Outcome":1,"ErrorMessage":null,"ErrorStackTrace":null,"DisplayName":"RemoveScheduleTest","Messages":[],"ComputerName":"TEJAS","Duration":"00:00:00.0050960","StartTime":"2024-03-04T12:10:00.9965094+00:00","EndTime":"2024-03-04T12:10:01.0016046+00:00","Properties":[{"Key":{"Id":"NUnit.Seed","Label":"Seed","Category":"","Description":"","Attributes":0,"ValueType":"System.String"},"Value":"1125381360"}]},{"TestCase":{"Id":"0c49fa07-9a43-72f0-9222-8b2c19d6e794","FullyQualifiedName":"SimpliflyTest.ScheduleServicesTest.UpdateScheduleFlight","DisplayName":"UpdateScheduleFlight","ExecutorUri":"executor://NUnit3TestExecutor","Source":"C:\\Users\\Tejas PC\\Desktop\\Hexaware\\.Net_FullStack\\Project\\Backend-latest\\SimpliflyTest\\bin\\Debug\\net6.0\\fine-code-coverage\\build-output\\SimpliflyTest.dll","CodeFilePath":null,"LineNumber":0,"Properties":[{"Key":{"Id":"NUnit.Seed","Label":"Seed","Category":"","Description":"","Attributes":0,"ValueType":"System.String"},"Value":"1452497401"}]},"Attachments":[],"Outcome":1,"ErrorMessage":null,"ErrorStackTrace":null,"DisplayName":"UpdateScheduleFlight","Messages":[],"ComputerName":"TEJAS","Duration":"00:00:00.0042210","StartTime":"2024-03-04T12:10:01.0016766+00:00","EndTime":"2024-03-04T12:10:01.0058975+00:00","Properties":[{"Key":{"Id":"NUnit.Seed","Label":"Seed","Category":"","Description":"","Attributes":0,"ValueType":"System.String"},"Value":"1452497401"}]},{"TestCase":{"Id":"de1bb647-593e-fde1-a774-7c018f8cc251","FullyQualifiedName":"SimpliflyTest.ScheduleServicesTest.UpdateScheduleRoute","DisplayName":"UpdateScheduleRoute","ExecutorUri":"executor://NUnit3TestExecutor","Source":"C:\\Users\\Tejas PC\\Desktop\\Hexaware\\.Net_FullStack\\Project\\Backend-latest\\SimpliflyTest\\bin\\Debug\\net6.0\\fine-code-coverage\\build-output\\SimpliflyTest.dll","CodeFilePath":null,"LineNumber":0,"Properties":[{"Key":{"Id":"NUnit.Seed","Label":"Seed","Category":"","Description":"","Attributes":0,"ValueType":"System.String"},"Value":"1152100855"}]},"Attachments":[],"Outcome":1,"ErrorMessage":null,"ErrorStackTrace":null,"DisplayName":"UpdateScheduleRoute","Messages":[],"ComputerName":"TEJAS","Duration":"00:00:00.0043700","StartTime":"2024-03-04T12:10:01.0059324+00:00","EndTime":"2024-03-04T12:10:01.0103019+00:00","Properties":[{"Key":{"Id":"NUnit.Seed","Label":"Seed","Category":"","Description":"","Attributes":0,"ValueType":"System.String"},"Value":"1152100855"}]},{"TestCase":{"Id":"e821d990-e425-a7b6-9487-6076b2c4b633","FullyQualifiedName":"SimpliflyTest.ScheduleServicesTest.UpdateScheduleTime","DisplayName":"UpdateScheduleTime","ExecutorUri":"executor://NUnit3TestExecutor","Source":"C:\\Users\\Tejas PC\\Desktop\\Hexaware\\.Net_FullStack\\Project\\Backend-latest\\SimpliflyTest\\bin\\Debug\\net6.0\\fine-code-coverage\\build-output\\SimpliflyTest.dll","CodeFilePath":null,"LineNumber":0,"Properties":[{"Key":{"Id":"NUnit.Seed","Label":"Seed","Category":"","Description":"","Attributes":0,"ValueType":"System.String"},"Value":"2144876381"}]},"Attachments":[],"Outcome":1,"ErrorMessage":null,"ErrorStackTrace":null,"DisplayName":"UpdateScheduleTime","Messages":[],"ComputerName":"TEJAS","Duration":"00:00:00.0058700","StartTime":"2024-03-04T12:10:01.0103312+00:00","EndTime":"2024-03-04T12:10:01.016201+00:00","Properties":[{"Key":{"Id":"NUnit.Seed","Label":"Seed","Category":"","Description":"","Attributes":0,"ValueType":"System.String"},"Value":"2144876381"}]}],"TestRunStatistics":{"ExecutedTests":60,"Stats":{"Passed":57,"Failed":3}},"ActiveTests":[{"Id":"2b278e01-a5b8-9e26-4d8c-ccc88a734f6e","FullyQualifiedName":"SimpliflyTest.SeatDetailServiceTest.AddSeatDetail_ValidSeatDetail_ReturnsAddedSeatDetail","DisplayName":"AddSeatDetail_ValidSeatDetail_ReturnsAddedSeatDetail","ExecutorUri":"executor://NUnit3TestExecutor","Source":"C:\\Users\\Tejas PC\\Desktop\\Hexaware\\.Net_FullStack\\Project\\Backend-latest\\SimpliflyTest\\bin\\Debug\\net6.0\\fine-code-coverage\\build-output\\SimpliflyTest.dll","CodeFilePath":null,"LineNumber":0,"Properties":[{"Key":{"Id":"NUnit.Seed","Label":"Seed","Category":"","Description":"","Attributes":0,"ValueType":"System.String"},"Value":"872244883"}]}]}}
TpTrace Verbose: 0 : 13280, 13, 2024/03/04, 17:40:01.021, 9743710391800, vstest.console.dll, TestRunRequest:SendTestRunStatsChange: Starting.
TpTrace Verbose: 0 : 13280, 13, 2024/03/04, 17:40:01.021, 9743710393268, vstest.console.dll, InProgress is AddSeatDetail_ValidSeatDetail_ReturnsAddedSeatDetail
TpTrace Verbose: 0 : 13280, 13, 2024/03/04, 17:40:01.022, 9743710394261, vstest.console.dll, MulticastDelegateUtilities.SafeInvoke: TestRun.RunStatsChanged: Invoking callbacks was skipped because there are no subscribers.
TpTrace Information: 0 : 13280, 13, 2024/03/04, 17:40:01.022, 9743710394958, vstest.console.dll, TestRunRequest:SendTestRunStatsChange: Completed.
TpTrace Verbose: 0 : 13280, 5, 2024/03/04, 17:40:01.022, 9743710395375, vstest.console.dll, MulticastDelegateUtilities.SafeInvoke: InternalTestLoggerEvents.SendTestResult: Invoking callback 1/1 for Microsoft.VisualStudio.TestPlatform.CommandLine.Internal.ConsoleLogger., took 0 ms.
TpTrace Verbose: 0 : 13280, 13, 2024/03/04, 17:40:01.022, 9743710395543, vstest.console.dll, MulticastDelegateUtilities.SafeInvoke: LengthPrefixCommunicationChannel: MessageReceived: Invoking callback 1/1 for Microsoft.VisualStudio.TestPlatform.CommunicationUtilities.TestRequestSender+<>c__DisplayClass34_0., took 2 ms.
TpTrace Verbose: 0 : 13280, 5, 2024/03/04, 17:40:01.022, 9743710396991, vstest.console.dll, MulticastDelegateUtilities.SafeInvoke: InternalTestLoggerEvents.SendTestResult: Invoking callback 1/1 for Microsoft.VisualStudio.TestPlatform.CommandLine.Internal.ConsoleLogger., took 0 ms.
TpTrace Verbose: 0 : 13280, 13, 2024/03/04, 17:40:01.022, 9743710397162, vstest.console.dll, TcpClientExtensions.MessageLoopAsync: Polling on remoteEndPoint: 127.0.0.1:55616 localEndPoint: 127.0.0.1:55615
TpTrace Verbose: 0 : 13280, 5, 2024/03/04, 17:40:01.022, 9743710398271, vstest.console.dll, MulticastDelegateUtilities.SafeInvoke: InternalTestLoggerEvents.SendTestResult: Invoking callback 1/1 for Microsoft.VisualStudio.TestPlatform.CommandLine.Internal.ConsoleLogger., took 0 ms.
TpTrace Verbose: 0 : 13280, 5, 2024/03/04, 17:40:01.022, 9743710399551, vstest.console.dll, MulticastDelegateUtilities.SafeInvoke: InternalTestLoggerEvents.SendTestResult: Invoking callback 1/1 for Microsoft.VisualStudio.TestPlatform.CommandLine.Internal.ConsoleLogger., took 0 ms.
TpTrace Verbose: 0 : 13280, 5, 2024/03/04, 17:40:01.023, 9743710405077, vstest.console.dll, MulticastDelegateUtilities.SafeInvoke: InternalTestLoggerEvents.SendTestResult: Invoking callback 1/1 for Microsoft.VisualStudio.TestPlatform.CommandLine.Internal.ConsoleLogger., took 0 ms.
TpTrace Verbose: 0 : 13280, 5, 2024/03/04, 17:40:01.023, 9743710407670, vstest.console.dll, MulticastDelegateUtilities.SafeInvoke: InternalTestLoggerEvents.SendTestResult: Invoking callback 1/1 for Microsoft.VisualStudio.TestPlatform.CommandLine.Internal.ConsoleLogger., took 0 ms.
TpTrace Verbose: 0 : 13280, 5, 2024/03/04, 17:40:01.023, 9743710409034, vstest.console.dll, MulticastDelegateUtilities.SafeInvoke: InternalTestLoggerEvents.SendTestResult: Invoking callback 1/1 for Microsoft.VisualStudio.TestPlatform.CommandLine.Internal.ConsoleLogger., took 0 ms.
TpTrace Verbose: 0 : 13280, 5, 2024/03/04, 17:40:01.023, 9743710410117, vstest.console.dll, MulticastDelegateUtilities.SafeInvoke: InternalTestLoggerEvents.SendTestResult: Invoking callback 1/1 for Microsoft.VisualStudio.TestPlatform.CommandLine.Internal.ConsoleLogger., took 0 ms.
TpTrace Verbose: 0 : 13280, 5, 2024/03/04, 17:40:01.023, 9743710411106, vstest.console.dll, MulticastDelegateUtilities.SafeInvoke: InternalTestLoggerEvents.SendTestResult: Invoking callback 1/1 for Microsoft.VisualStudio.TestPlatform.CommandLine.Internal.ConsoleLogger., took 0 ms.
TpTrace Verbose: 0 : 13280, 13, 2024/03/04, 17:40:01.345, 9743713631759, vstest.console.dll, TcpClientExtensions.MessageLoopAsync: NotifyDataAvailable remoteEndPoint: 127.0.0.1:55616 localEndPoint: 127.0.0.1:55615
TpTrace Verbose: 0 : 13280, 13, 2024/03/04, 17:40:01.346, 9743713635788, vstest.console.dll, TestRequestSender.OnExecutionMessageReceived: Received message: {"Version":7,"MessageType":"TestExecution.StatsChange","Payload":{"NewTestResults":[{"TestCase":{"Id":"2b278e01-a5b8-9e26-4d8c-ccc88a734f6e","FullyQualifiedName":"SimpliflyTest.SeatDetailServiceTest.AddSeatDetail_ValidSeatDetail_ReturnsAddedSeatDetail","DisplayName":"AddSeatDetail_ValidSeatDetail_ReturnsAddedSeatDetail","ExecutorUri":"executor://NUnit3TestExecutor","Source":"C:\\Users\\Tejas PC\\Desktop\\Hexaware\\.Net_FullStack\\Project\\Backend-latest\\SimpliflyTest\\bin\\Debug\\net6.0\\fine-code-coverage\\build-output\\SimpliflyTest.dll","CodeFilePath":null,"LineNumber":0,"Properties":[{"Key":{"Id":"NUnit.Seed","Label":"Seed","Category":"","Description":"","Attributes":0,"ValueType":"System.String"},"Value":"872244883"}]},"Attachments":[],"Outcome":1,"ErrorMessage":null,"ErrorStackTrace":null,"DisplayName":"AddSeatDetail_ValidSeatDetail_ReturnsAddedSeatDetail","Messages":[],"ComputerName":"TEJAS","Duration":"00:00:00.0125970","StartTime":"2024-03-04T12:10:01.0164281+00:00","EndTime":"2024-03-04T12:10:01.0290251+00:00","Properties":[{"Key":{"Id":"NUnit.Seed","Label":"Seed","Category":"","Description":"","Attributes":0,"ValueType":"System.String"},"Value":"872244883"}]},{"TestCase":{"Id":"76ca8b06-876a-86ac-dcba-868ae2ad3542","FullyQualifiedName":"SimpliflyTest.SeatDetailServiceTest.GetAllSeatDetails_ReturnsListOfSeatDetails","DisplayName":"GetAllSeatDetails_ReturnsListOfSeatDetails","ExecutorUri":"executor://NUnit3TestExecutor","Source":"C:\\Users\\Tejas PC\\Desktop\\Hexaware\\.Net_FullStack\\Project\\Backend-latest\\SimpliflyTest\\bin\\Debug\\net6.0\\fine-code-coverage\\build-output\\SimpliflyTest.dll","CodeFilePath":null,"LineNumber":0,"Properties":[{"Key":{"Id":"NUnit.Seed","Label":"Seed","Category":"","Description":"","Attributes":0,"ValueType":"System.String"},"Value":"1255440342"}]},"Attachments":[],"Outcome":1,"ErrorMessage":null,"ErrorStackTrace":null,"DisplayName":"GetAllSeatDetails_ReturnsListOfSeatDetails","Messages":[],"ComputerName":"TEJAS","Duration":"00:00:00.0029500","StartTime":"2024-03-04T12:10:01.0290626+00:00","EndTime":"2024-03-04T12:10:01.0320127+00:00","Properties":[{"Key":{"Id":"NUnit.Seed","Label":"Seed","Category":"","Description":"","Attributes":0,"ValueType":"System.String"},"Value":"1255440342"}]},{"TestCase":{"Id":"cc75ae9b-3bd9-6375-216d-49619ad97242","FullyQualifiedName":"SimpliflyTest.SeatDetailServiceTest.GetByIdSeatDetails_ExistingSeatDetailId_ReturnsSeatDetail","DisplayName":"GetByIdSeatDetails_ExistingSeatDetailId_ReturnsSeatDetail","ExecutorUri":"executor://NUnit3TestExecutor","Source":"C:\\Users\\Tejas PC\\Desktop\\Hexaware\\.Net_FullStack\\Project\\Backend-latest\\SimpliflyTest\\bin\\Debug\\net6.0\\fine-code-coverage\\build-output\\SimpliflyTest.dll","CodeFilePath":null,"LineNumber":0,"Properties":[{"Key":{"Id":"NUnit.Seed","Label":"Seed","Category":"","Description":"","Attributes":0,"ValueType":"System.String"},"Value":"1436175628"}]},"Attachments":[],"Outcome":1,"ErrorMessage":null,"ErrorStackTrace":null,"DisplayName":"GetByIdSeatDetails_ExistingSeatDetailId_ReturnsSeatDetail","Messages":[],"ComputerName":"TEJAS","Duration":"00:00:00.0033520","StartTime":"2024-03-04T12:10:01.032038+00:00","EndTime":"2024-03-04T12:10:01.0353895+00:00","Properties":[{"Key":{"Id":"NUnit.Seed","Label":"Seed","Category":"","Description":"","Attributes":0,"ValueType":"System.String"},"Value":"1436175628"}]},{"TestCase":{"Id":"e988d4e1-b73a-f6d5-1080-8d2a5dcd0672","FullyQualifiedName":"SimpliflyTest.SeatDetailServiceTest.GetByIdSeatDetails_NonExistingSeatDetailId_ReturnsNull","DisplayName":"GetByIdSeatDetails_NonExistingSeatDetailId_ReturnsNull","ExecutorUri":"executor://NUnit3TestExecutor","Source":"C:\\Users\\Tejas PC\\Desktop\\Hexaware\\.Net_FullStack\\Project\\Backend-latest\\SimpliflyTest\\bin\\Debug\\net6.0\\fine-code-coverage\\build-output\\SimpliflyTest.dll","CodeFilePath":null,"LineNumber":0,"Properties":[{"Key":{"Id":"NUnit.Seed","Label":"Seed","Category":"","Description":"","Attributes":0,"ValueType":"System.String"},"Value":"914057447"}]},"Attachments":[],"Outcome":1,"ErrorMessage":null,"ErrorStackTrace":null,"DisplayName":"GetByIdSeatDetails_NonExistingSeatDetailId_ReturnsNull","Messages":[],"ComputerName":"TEJAS","Duration":"00:00:00.0019820","StartTime":"2024-03-04T12:10:01.0354167+00:00","EndTime":"2024-03-04T12:10:01.0373981+00:00","Properties":[{"Key":{"Id":"NUnit.Seed","Label":"Seed","Category":"","Description":"","Attributes":0,"ValueType":"System.String"},"Value":"914057447"}]},{"TestCase":{"Id":"b2ba7d14-664c-bde4-a3e9-67e09a0b04aa","FullyQualifiedName":"SimpliflyTest.SeatDetailServiceTest.RemoveSeatDetail_ExistingSeatDetailId_ReturnsTrue","DisplayName":"RemoveSeatDetail_ExistingSeatDetailId_ReturnsTrue","ExecutorUri":"executor://NUnit3TestExecutor","Source":"C:\\Users\\Tejas PC\\Desktop\\Hexaware\\.Net_FullStack\\Project\\Backend-latest\\SimpliflyTest\\bin\\Debug\\net6.0\\fine-code-coverage\\build-output\\SimpliflyTest.dll","CodeFilePath":null,"LineNumber":0,"Properties":[{"Key":{"Id":"NUnit.Seed","Label":"Seed","Category":"","Description":"","Attributes":0,"ValueType":"System.String"},"Value":"1235671094"}]},"Attachments":[],"Outcome":1,"ErrorMessage":null,"ErrorStackTrace":null,"DisplayName":"RemoveSeatDetail_ExistingSeatDetailId_ReturnsTrue","Messages":[],"ComputerName":"TEJAS","Duration":"00:00:00.0032510","StartTime":"2024-03-04T12:10:01.037422+00:00","EndTime":"2024-03-04T12:10:01.0406731+00:00","Properties":[{"Key":{"Id":"NUnit.Seed","Label":"Seed","Category":"","Description":"","Attributes":0,"ValueType":"System.String"},"Value":"1235671094"}]},{"TestCase":{"Id":"a42b9e23-a468-5449-9a08-ece0cb2f5ab9","FullyQualifiedName":"SimpliflyTest.SeatDetailServiceTest.RemoveSeatDetail_NonExistingSeatDetailId_ReturnsFalse","DisplayName":"RemoveSeatDetail_NonExistingSeatDetailId_ReturnsFalse","ExecutorUri":"executor://NUnit3TestExecutor","Source":"C:\\Users\\Tejas PC\\Desktop\\Hexaware\\.Net_FullStack\\Project\\Backend-latest\\SimpliflyTest\\bin\\Debug\\net6.0\\fine-code-coverage\\build-output\\SimpliflyTest.dll","CodeFilePath":null,"LineNumber":0,"Properties":[{"Key":{"Id":"NUnit.Seed","Label":"Seed","Category":"","Description":"","Attributes":0,"ValueType":"System.String"},"Value":"124906385"}]},"Attachments":[],"Outcome":1,"ErrorMessage":null,"ErrorStackTrace":null,"DisplayName":"RemoveSeatDetail_NonExistingSeatDetailId_ReturnsFalse","Messages":[],"ComputerName":"TEJAS","Duration":"00:00:00.0019240","StartTime":"2024-03-04T12:10:01.040698+00:00","EndTime":"2024-03-04T12:10:01.0426213+00:00","Properties":[{"Key":{"Id":"NUnit.Seed","Label":"Seed","Category":"","Description":"","Attributes":0,"ValueType":"System.String"},"Value":"124906385"}]},{"TestCase":{"Id":"7c0f1e26-8307-634e-132a-73556317d4a5","FullyQualifiedName":"SimpliflyTest.Tests.Test1","DisplayName":"Test1","ExecutorUri":"executor://NUnit3TestExecutor","Source":"C:\\Users\\Tejas PC\\Desktop\\Hexaware\\.Net_FullStack\\Project\\Backend-latest\\SimpliflyTest\\bin\\Debug\\net6.0\\fine-code-coverage\\build-output\\SimpliflyTest.dll","CodeFilePath":null,"LineNumber":0,"Properties":[{"Key":{"Id":"NUnit.Seed","Label":"Seed","Category":"","Description":"","Attributes":0,"ValueType":"System.String"},"Value":"289623147"}]},"Attachments":[],"Outcome":1,"ErrorMessage":null,"ErrorStackTrace":null,"DisplayName":"Test1","Messages":[],"ComputerName":"TEJAS","Duration":"00:00:00.0203490","StartTime":"2024-03-04T12:10:01.0428015+00:00","EndTime":"2024-03-04T12:10:01.06315+00:00","Properties":[{"Key":{"Id":"NUnit.Seed","Label":"Seed","Category":"","Description":"","Attributes":0,"ValueType":"System.String"},"Value":"289623147"}]},{"TestCase":{"Id":"28e3fe80-620b-6b76-2f89-7a5e835194d3","FullyQualifiedName":"SimpliflyTest.TokenServiceTest.GenerateToken","DisplayName":"GenerateToken","ExecutorUri":"executor://NUnit3TestExecutor","Source":"C:\\Users\\Tejas PC\\Desktop\\Hexaware\\.Net_FullStack\\Project\\Backend-latest\\SimpliflyTest\\bin\\Debug\\net6.0\\fine-code-coverage\\build-output\\SimpliflyTest.dll","CodeFilePath":null,"LineNumber":0,"Properties":[{"Key":{"Id":"NUnit.Seed","Label":"Seed","Category":"","Description":"","Attributes":0,"ValueType":"System.String"},"Value":"1132005271"}]},"Attachments":[],"Outcome":1,"ErrorMessage":null,"ErrorStackTrace":null,"DisplayName":"GenerateToken","Messages":[],"ComputerName":"TEJAS","Duration":"00:00:00.2660179","StartTime":"2024-03-04T12:10:01.0634384+00:00","EndTime":"2024-03-04T12:10:01.3294555+00:00","Properties":[{"Key":{"Id":"NUnit.Seed","Label":"Seed","Category":"","Description":"","Attributes":0,"ValueType":"System.String"},"Value":"1132005271"}]},{"TestCase":{"Id":"bfd7d0ad-4847-3d05-d095-ff44aee306d3","FullyQualifiedName":"SimpliflyTest.UserServiceTest.ComparePasswordTest","DisplayName":"ComparePasswordTest","ExecutorUri":"executor://NUnit3TestExecutor","Source":"C:\\Users\\Tejas PC\\Desktop\\Hexaware\\.Net_FullStack\\Project\\Backend-latest\\SimpliflyTest\\bin\\Debug\\net6.0\\fine-code-coverage\\build-output\\SimpliflyTest.dll","CodeFilePath":null,"LineNumber":0,"Properties":[{"Key":{"Id":"NUnit.Seed","Label":"Seed","Category":"","Description":"","Attributes":0,"ValueType":"System.String"},"Value":"1114917751"}]},"Attachments":[],"Outcome":1,"ErrorMessage":null,"ErrorStackTrace":null,"DisplayName":"ComparePasswordTest","Messages":[],"ComputerName":"TEJAS","Duration":"00:00:00.0116919","StartTime":"2024-03-04T12:10:01.3297373+00:00","EndTime":"2024-03-04T12:10:01.3414282+00:00","Properties":[{"Key":{"Id":"NUnit.Seed","Label":"Seed","Category":"","Description":"","Attributes":0,"ValueType":"System.String"},"Value":"1114917751"}]}],"TestRunStatistics":{"ExecutedTests":69,"Stats":{"Passed":66,"Failed":3}},"ActiveTests":[{"Id":"f81bb22b-1348-0433-1948-8a0e2f53cf6c","FullyQualifiedName":"SimpliflyTest.UserServiceTest.InvalidUserExceptionTest","DisplayName":"InvalidUserExceptionTest","ExecutorUri":"executor://NUnit3TestExecutor","Source":"C:\\Users\\Tejas PC\\Desktop\\Hexaware\\.Net_FullStack\\Project\\Backend-latest\\SimpliflyTest\\bin\\Debug\\net6.0\\fine-code-coverage\\build-output\\SimpliflyTest.dll","CodeFilePath":null,"LineNumber":0,"Properties":[{"Key":{"Id":"NUnit.Seed","Label":"Seed","Category":"","Description":"","Attributes":0,"ValueType":"System.String"},"Value":"1835600552"}]}]}}
TpTrace Verbose: 0 : 13280, 13, 2024/03/04, 17:40:01.348, 9743713655053, vstest.console.dll, TestRunRequest:SendTestRunStatsChange: Starting.
TpTrace Verbose: 0 : 13280, 13, 2024/03/04, 17:40:01.348, 9743713656356, vstest.console.dll, InProgress is InvalidUserExceptionTest
TpTrace Verbose: 0 : 13280, 13, 2024/03/04, 17:40:01.348, 9743713657468, vstest.console.dll, MulticastDelegateUtilities.SafeInvoke: TestRun.RunStatsChanged: Invoking callbacks was skipped because there are no subscribers.
TpTrace Information: 0 : 13280, 13, 2024/03/04, 17:40:01.348, 9743713658041, vstest.console.dll, TestRunRequest:SendTestRunStatsChange: Completed.
TpTrace Verbose: 0 : 13280, 13, 2024/03/04, 17:40:01.348, 9743713658805, vstest.console.dll, MulticastDelegateUtilities.SafeInvoke: LengthPrefixCommunicationChannel: MessageReceived: Invoking callback 1/1 for Microsoft.VisualStudio.TestPlatform.CommunicationUtilities.TestRequestSender+<>c__DisplayClass34_0., took 2 ms.
TpTrace Verbose: 0 : 13280, 5, 2024/03/04, 17:40:01.348, 9743713659011, vstest.console.dll, MulticastDelegateUtilities.SafeInvoke: InternalTestLoggerEvents.SendTestResult: Invoking callback 1/1 for Microsoft.VisualStudio.TestPlatform.CommandLine.Internal.ConsoleLogger., took 0 ms.
TpTrace Verbose: 0 : 13280, 13, 2024/03/04, 17:40:01.348, 9743713659500, vstest.console.dll, TcpClientExtensions.MessageLoopAsync: Polling on remoteEndPoint: 127.0.0.1:55616 localEndPoint: 127.0.0.1:55615
TpTrace Verbose: 0 : 13280, 5, 2024/03/04, 17:40:01.348, 9743713660540, vstest.console.dll, MulticastDelegateUtilities.SafeInvoke: InternalTestLoggerEvents.SendTestResult: Invoking callback 1/1 for Microsoft.VisualStudio.TestPlatform.CommandLine.Internal.ConsoleLogger., took 0 ms.
TpTrace Verbose: 0 : 13280, 5, 2024/03/04, 17:40:01.348, 9743713661852, vstest.console.dll, MulticastDelegateUtilities.SafeInvoke: InternalTestLoggerEvents.SendTestResult: Invoking callback 1/1 for Microsoft.VisualStudio.TestPlatform.CommandLine.Internal.ConsoleLogger., took 0 ms.
TpTrace Verbose: 0 : 13280, 5, 2024/03/04, 17:40:01.348, 9743713662464, vstest.console.dll, MulticastDelegateUtilities.SafeInvoke: InternalTestLoggerEvents.SendTestResult: Invoking callback 1/1 for Microsoft.VisualStudio.TestPlatform.CommandLine.Internal.ConsoleLogger., took 0 ms.
TpTrace Verbose: 0 : 13280, 5, 2024/03/04, 17:40:01.348, 9743713663012, vstest.console.dll, MulticastDelegateUtilities.SafeInvoke: InternalTestLoggerEvents.SendTestResult: Invoking callback 1/1 for Microsoft.VisualStudio.TestPlatform.CommandLine.Internal.ConsoleLogger., took 0 ms.
TpTrace Verbose: 0 : 13280, 5, 2024/03/04, 17:40:01.349, 9743713664402, vstest.console.dll, MulticastDelegateUtilities.SafeInvoke: InternalTestLoggerEvents.SendTestResult: Invoking callback 1/1 for Microsoft.VisualStudio.TestPlatform.CommandLine.Internal.ConsoleLogger., took 0 ms.
TpTrace Verbose: 0 : 13280, 5, 2024/03/04, 17:40:01.349, 9743713664994, vstest.console.dll, MulticastDelegateUtilities.SafeInvoke: InternalTestLoggerEvents.SendTestResult: Invoking callback 1/1 for Microsoft.VisualStudio.TestPlatform.CommandLine.Internal.ConsoleLogger., took 0 ms.
TpTrace Verbose: 0 : 13280, 5, 2024/03/04, 17:40:01.349, 9743713665519, vstest.console.dll, MulticastDelegateUtilities.SafeInvoke: InternalTestLoggerEvents.SendTestResult: Invoking callback 1/1 for Microsoft.VisualStudio.TestPlatform.CommandLine.Internal.ConsoleLogger., took 0 ms.
TpTrace Verbose: 0 : 13280, 5, 2024/03/04, 17:40:01.349, 9743713666117, vstest.console.dll, MulticastDelegateUtilities.SafeInvoke: InternalTestLoggerEvents.SendTestResult: Invoking callback 1/1 for Microsoft.VisualStudio.TestPlatform.CommandLine.Internal.ConsoleLogger., took 0 ms.
TpTrace Verbose: 0 : 13280, 13, 2024/03/04, 17:40:01.395, 9743714131507, vstest.console.dll, TcpClientExtensions.MessageLoopAsync: NotifyDataAvailable remoteEndPoint: 127.0.0.1:55616 localEndPoint: 127.0.0.1:55615
TpTrace Verbose: 0 : 13280, 13, 2024/03/04, 17:40:01.395, 9743714133202, vstest.console.dll, TestRequestSender.OnExecutionMessageReceived: Received message: {"Version":7,"MessageType":"TestSession.Message","Payload":{"MessageLevel":0,"Message":"NUnit Adapter 4.4.0.0: Test execution complete"}}
TpTrace Verbose: 0 : 13280, 13, 2024/03/04, 17:40:01.396, 9743714134454, vstest.console.dll, TestRunRequest:SendTestRunMessage: Starting.
TpTrace Verbose: 0 : 13280, 13, 2024/03/04, 17:40:01.396, 9743714135368, vstest.console.dll, MulticastDelegateUtilities.SafeInvoke: TestRun.LogMessages: Invoking callback 1/1 for Microsoft.VisualStudio.TestPlatform.CommandLine.TestRunResultAggregator., took 0 ms.
TpTrace Information: 0 : 13280, 13, 2024/03/04, 17:40:01.396, 9743714135805, vstest.console.dll, TestRunRequest:SendTestRunMessage: Completed.
TpTrace Verbose: 0 : 13280, 13, 2024/03/04, 17:40:01.396, 9743714136188, vstest.console.dll, MulticastDelegateUtilities.SafeInvoke: LengthPrefixCommunicationChannel: MessageReceived: Invoking callback 1/1 for Microsoft.VisualStudio.TestPlatform.CommunicationUtilities.TestRequestSender+<>c__DisplayClass34_0., took 0 ms.
TpTrace Verbose: 0 : 13280, 13, 2024/03/04, 17:40:01.396, 9743714136669, vstest.console.dll, TcpClientExtensions.MessageLoopAsync: Polling on remoteEndPoint: 127.0.0.1:55616 localEndPoint: 127.0.0.1:55615
TpTrace Verbose: 0 : 13280, 5, 2024/03/04, 17:40:01.396, 9743714136198, vstest.console.dll, MulticastDelegateUtilities.SafeInvoke: InternalTestLoggerEvents.SendTestRunMessage: Invoking callback 1/1 for Microsoft.VisualStudio.TestPlatform.CommandLine.Internal.ConsoleLogger., took 0 ms.
TpTrace Verbose: 0 : 13280, 13, 2024/03/04, 17:40:01.458, 9743714758633, vstest.console.dll, TcpClientExtensions.MessageLoopAsync: NotifyDataAvailable remoteEndPoint: 127.0.0.1:55616 localEndPoint: 127.0.0.1:55615
TpTrace Verbose: 0 : 13280, 13, 2024/03/04, 17:40:01.459, 9743714764638, vstest.console.dll, TestRequestSender.OnExecutionMessageReceived: Received message: {"Version":7,"MessageType":"TestExecution.Completed","Payload":{"TestRunCompleteArgs":{"TestRunStatistics":{"ExecutedTests":75,"Stats":{"Passed":71,"Failed":4}},"IsCanceled":false,"IsAborted":false,"Error":null,"AttachmentSets":[],"InvokedDataCollectors":[],"ElapsedTimeInRunningTests":"00:00:04.3180906","Metrics":{},"DiscoveredExtensions":{"TestDiscoverers":["NUnit.VisualStudio.TestAdapter.NUnit3TestDiscoverer, NUnit3.TestAdapter, Version=4.4.0.0, Culture=neutral, PublicKeyToken=4cb40d35494691ac"],"TestExecutors":["executor://NUnit3TestExecutor"],"TestExecutors2":[],"TestSettingsProviders":[]}},"LastRunTests":{"NewTestResults":[{"TestCase":{"Id":"f81bb22b-1348-0433-1948-8a0e2f53cf6c","FullyQualifiedName":"SimpliflyTest.UserServiceTest.InvalidUserExceptionTest","DisplayName":"InvalidUserExceptionTest","ExecutorUri":"executor://NUnit3TestExecutor","Source":"C:\\Users\\Tejas PC\\Desktop\\Hexaware\\.Net_FullStack\\Project\\Backend-latest\\SimpliflyTest\\bin\\Debug\\net6.0\\fine-code-coverage\\build-output\\SimpliflyTest.dll","CodeFilePath":null,"LineNumber":0,"Properties":[{"Key":{"Id":"NUnit.Seed","Label":"Seed","Category":"","Description":"","Attributes":0,"ValueType":"System.String"},"Value":"1835600552"}]},"Attachments":[],"Outcome":1,"ErrorMessage":null,"ErrorStackTrace":null,"DisplayName":"InvalidUserExceptionTest","Messages":[],"ComputerName":"TEJAS","Duration":"00:00:00.0048010","StartTime":"2024-03-04T12:10:01.3414688+00:00","EndTime":"2024-03-04T12:10:01.3462689+00:00","Properties":[{"Key":{"Id":"NUnit.Seed","Label":"Seed","Category":"","Description":"","Attributes":0,"ValueType":"System.String"},"Value":"1835600552"}]},{"TestCase":{"Id":"9e160ad9-d196-13e0-b573-68b643b0d228","FullyQualifiedName":"SimpliflyTest.UserServiceTest.LoginTest","DisplayName":"LoginTest","ExecutorUri":"executor://NUnit3TestExecutor","Source":"C:\\Users\\Tejas PC\\Desktop\\Hexaware\\.Net_FullStack\\Project\\Backend-latest\\SimpliflyTest\\bin\\Debug\\net6.0\\fine-code-coverage\\build-output\\SimpliflyTest.dll","CodeFilePath":null,"LineNumber":0,"Properties":[{"Key":{"Id":"NUnit.Seed","Label":"Seed","Category":"","Description":"","Attributes":0,"ValueType":"System.String"},"Value":"1092275922"}]},"Attachments":[],"Outcome":2,"ErrorMessage":"Simplifly.Exceptions.InvlidUuserException : Invalid username or password","ErrorStackTrace":"   at Simplifly.Services.USerService.Login(LoginUserDTO user) in C:\\Users\\Tejas PC\\Desktop\\Hexaware\\.Net_FullStack\\Project\\Backend-latest\\Simplifly\\Services\\USerService.cs:line 41\r\n   at SimpliflyTest.UserServiceTest.LoginTest() in C:\\Users\\Tejas PC\\Desktop\\Hexaware\\.Net_FullStack\\Project\\Backend-latest\\SimpliflyTest\\UserServiceTest.cs:line 71\r\n   at NUnit.Framework.Internal.TaskAwaitAdapter.GenericAdapter`1.GetResult()\r\n   at NUnit.Framework.Internal.AsyncToSyncAdapter.Await(Func`1 invoke)\r\n   at NUnit.Framework.Internal.Commands.TestMethodCommand.RunTestMethod(TestExecutionContext context)\r\n   at NUnit.Framework.Internal.Commands.TestMethodCommand.Execute(TestExecutionContext context)\r\n   at NUnit.Framework.Internal.Commands.BeforeAndAfterTestCommand.<>c__DisplayClass1_0.<Execute>b__0()\r\n   at NUnit.Framework.Internal.Commands.DelegatingTestCommand.RunTestMethodInThreadAbortSafeZone(TestExecutionContext context, Action action)\n","DisplayName":"LoginTest","Messages":[],"ComputerName":"TEJAS","Duration":"00:00:00.0040320","StartTime":"2024-03-04T12:10:01.3462965+00:00","EndTime":"2024-03-04T12:10:01.3503284+00:00","Properties":[{"Key":{"Id":"NUnit.Seed","Label":"Seed","Category":"","Description":"","Attributes":0,"ValueType":"System.String"},"Value":"1092275922"}]},{"TestCase":{"Id":"e9430e86-58f1-8848-b7fc-71c40ed4bb53","FullyQualifiedName":"SimpliflyTest.UserServiceTest.RegisterAdminTest","DisplayName":"RegisterAdminTest","ExecutorUri":"executor://NUnit3TestExecutor","Source":"C:\\Users\\Tejas PC\\Desktop\\Hexaware\\.Net_FullStack\\Project\\Backend-latest\\SimpliflyTest\\bin\\Debug\\net6.0\\fine-code-coverage\\build-output\\SimpliflyTest.dll","CodeFilePath":null,"LineNumber":0,"Properties":[{"Key":{"Id":"NUnit.Seed","Label":"Seed","Category":"","Description":"","Attributes":0,"ValueType":"System.String"},"Value":"1219827999"}]},"Attachments":[],"Outcome":1,"ErrorMessage":null,"ErrorStackTrace":null,"DisplayName":"RegisterAdminTest","Messages":[],"ComputerName":"TEJAS","Duration":"00:00:00.0091410","StartTime":"2024-03-04T12:10:01.3503529+00:00","EndTime":"2024-03-04T12:10:01.359493+00:00","Properties":[{"Key":{"Id":"NUnit.Seed","Label":"Seed","Category":"","Description":"","Attributes":0,"ValueType":"System.String"},"Value":"1219827999"}]},{"TestCase":{"Id":"bec3417a-a5d5-d9c6-21f1-1fb84034499c","FullyQualifiedName":"SimpliflyTest.UserServiceTest.RegisterCustomerTest","DisplayName":"RegisterCustomerTest","ExecutorUri":"executor://NUnit3TestExecutor","Source":"C:\\Users\\Tejas PC\\Desktop\\Hexaware\\.Net_FullStack\\Project\\Backend-latest\\SimpliflyTest\\bin\\Debug\\net6.0\\fine-code-coverage\\build-output\\SimpliflyTest.dll","CodeFilePath":null,"LineNumber":0,"Properties":[{"Key":{"Id":"NUnit.Seed","Label":"Seed","Category":"","Description":"","Attributes":0,"ValueType":"System.String"},"Value":"2031631522"}]},"Attachments":[],"Outcome":1,"ErrorMessage":null,"ErrorStackTrace":null,"DisplayName":"RegisterCustomerTest","Messages":[],"ComputerName":"TEJAS","Duration":"00:00:00.0043559","StartTime":"2024-03-04T12:10:01.3595267+00:00","EndTime":"2024-03-04T12:10:01.3638822+00:00","Properties":[{"Key":{"Id":"NUnit.Seed","Label":"Seed","Category":"","Description":"","Attributes":0,"ValueType":"System.String"},"Value":"2031631522"}]},{"TestCase":{"Id":"3e5acf0e-2433-6491-23db-b1648a1f3b44","FullyQualifiedName":"SimpliflyTest.UserServiceTest.RegisterFlightOwnerTest","DisplayName":"RegisterFlightOwnerTest","ExecutorUri":"executor://NUnit3TestExecutor","Source":"C:\\Users\\Tejas PC\\Desktop\\Hexaware\\.Net_FullStack\\Project\\Backend-latest\\SimpliflyTest\\bin\\Debug\\net6.0\\fine-code-coverage\\build-output\\SimpliflyTest.dll","CodeFilePath":null,"LineNumber":0,"Properties":[{"Key":{"Id":"NUnit.Seed","Label":"Seed","Category":"","Description":"","Attributes":0,"ValueType":"System.String"},"Value":"1037291375"}]},"Attachments":[],"Outcome":1,"ErrorMessage":null,"ErrorStackTrace":null,"DisplayName":"RegisterFlightOwnerTest","Messages":[],"ComputerName":"TEJAS","Duration":"00:00:00.0047910","StartTime":"2024-03-04T12:10:01.3639126+00:00","EndTime":"2024-03-04T12:10:01.3687032+00:00","Properties":[{"Key":{"Id":"NUnit.Seed","Label":"Seed","Category":"","Description":"","Attributes":0,"ValueType":"System.String"},"Value":"1037291375"}]},{"TestCase":{"Id":"de7b0901-bdc5-5590-8306-195dc086580d","FullyQualifiedName":"SimpliflyTest.UserServiceTest.UpdatePasswordTest","DisplayName":"UpdatePasswordTest","ExecutorUri":"executor://NUnit3TestExecutor","Source":"C:\\Users\\Tejas PC\\Desktop\\Hexaware\\.Net_FullStack\\Project\\Backend-latest\\SimpliflyTest\\bin\\Debug\\net6.0\\fine-code-coverage\\build-output\\SimpliflyTest.dll","CodeFilePath":null,"LineNumber":0,"Properties":[{"Key":{"Id":"NUnit.Seed","Label":"Seed","Category":"","Description":"","Attributes":0,"ValueType":"System.String"},"Value":"1131231990"}]},"Attachments":[],"Outcome":1,"ErrorMessage":null,"ErrorStackTrace":null,"DisplayName":"UpdatePasswordTest","Messages":[],"ComputerName":"TEJAS","Duration":"00:00:00.0045830","StartTime":"2024-03-04T12:10:01.3687346+00:00","EndTime":"2024-03-04T12:10:01.373317+00:00","Properties":[{"Key":{"Id":"NUnit.Seed","Label":"Seed","Category":"","Description":"","Attributes":0,"ValueType":"System.String"},"Value":"1131231990"}]}],"TestRunStatistics":{"ExecutedTests":75,"Stats":{"Passed":71,"Failed":4}},"ActiveTests":[]},"RunAttachments":[],"ExecutorUris":["executor://nunit3testexecutor/"]}}
TpTrace Verbose: 0 : 13280, 13, 2024/03/04, 17:40:01.459, 9743714768480, vstest.console.dll, TestRequestSender.EndSession: Sending end session.
TpTrace Verbose: 0 : 13280, 13, 2024/03/04, 17:40:01.459, 9743714772638, vstest.console.dll, ProxyOperationManager.Close: waiting for test host to exit for 100 ms
TpTrace Warning: 0 : 13280, 13, 2024/03/04, 17:40:01.574, 9743715918541, vstest.console.dll, ProxyOperationManager: Timed out waiting for test host to exit. Will terminate process.
TpTrace Verbose: 0 : 13280, 12, 2024/03/04, 17:40:01.574, 9743715919081, vstest.console.dll, TestHostManagerCallbacks.ctor: Experimental forwarding output is disabled.
TpTrace Information: 0 : 13280, 13, 2024/03/04, 17:40:01.575, 9743715924481, vstest.console.dll, SocketServer.Stop: Stop server endPoint: 127.0.0.1:55615
TpTrace Warning: 0 : 13280, 12, 2024/03/04, 17:40:01.575, 9743715924576, vstest.console.dll, TestHostManagerCallbacks.ErrorReceivedCallback Test host standard error line: 
TpTrace Information: 0 : 13280, 13, 2024/03/04, 17:40:01.575, 9743715926314, vstest.console.dll, SocketServer.Stop: Cancellation requested. Stopping message loop.
TpTrace Information: 0 : 13280, 13, 2024/03/04, 17:40:01.576, 9743715934887, vstest.console.dll, Closing the connection
TpTrace Verbose: 0 : 13280, 13, 2024/03/04, 17:40:01.629, 9743716469429, vstest.console.dll, TestHostProvider.ExitCallBack: Host exited starting callback.
TpTrace Information: 0 : 13280, 13, 2024/03/04, 17:40:01.629, 9743716473840, vstest.console.dll, TestHostManagerCallbacks.ExitCallBack: Testhost processId: 3628 exited with exitcode: 0 error: ''
TpTrace Verbose: 0 : 13280, 13, 2024/03/04, 17:40:01.630, 9743716480200, vstest.console.dll, DotnetTestHostManager.OnHostExited: invoking OnHostExited callback
TpTrace Verbose: 0 : 13280, 13, 2024/03/04, 17:40:01.630, 9743716483373, vstest.console.dll, CrossPlatEngine.TestHostManagerHostExited: calling on client process exit callback.
TpTrace Information: 0 : 13280, 13, 2024/03/04, 17:40:01.631, 9743716485823, vstest.console.dll, TestRequestSender.OnClientProcessExit: Test host process exited. Standard error: 
TpTrace Information: 0 : 13280, 13, 2024/03/04, 17:40:01.631, 9743716489611, vstest.console.dll, SocketServer.Stop: Stop server endPoint: 127.0.0.1:55615
TpTrace Information: 0 : 13280, 13, 2024/03/04, 17:40:01.631, 9743716491342, vstest.console.dll, SocketServer.Stop: Cancellation requested. Stopping message loop.
TpTrace Verbose: 0 : 13280, 13, 2024/03/04, 17:40:01.631, 9743716493138, vstest.console.dll, MulticastDelegateUtilities.SafeInvoke: HostProviderEvents.OnHostExited: Invoking callback 1/1 for Microsoft.VisualStudio.TestPlatform.CrossPlatEngine.Client.ProxyOperationManager., took 1 ms.
TpTrace Verbose: 0 : 13280, 13, 2024/03/04, 17:40:01.633, 9743716511214, vstest.console.dll, ProxyDataCollectionManager.InvokeDataCollectionServiceAction: Starting.
TpTrace Information: 0 : 13280, 13, 2024/03/04, 17:40:01.633, 9743716513801, vstest.console.dll, ProxyDataCollectionManager.AfterTestRunEnd: Get attachment set and invoked data collectors processId: 7928 port: 55612
TpTrace Verbose: 0 : 13280, 13, 2024/03/04, 17:40:01.634, 9743716515632, vstest.console.dll, DataCollectionRequestSender.SendAfterTestRunStartAndGetResult: Send AfterTestRunEnd message with isCancelled: False
TpTrace Verbose: 0 : 13280, 13, 2024/03/04, 17:40:01.649, 9743716668372, vstest.console.dll, DataCollectionRequestSender.SendAfterTestRunStartAndGetResult: Received message: (DataCollection.AfterTestRunEndResult) -> {"MessageType":"DataCollection.AfterTestRunEndResult","Payload":{"AttachmentSets":[],"InvokedDataCollectors":[{"Uri":"datacollector://Microsoft/TestPlatform/Extensions/Blame/v1","FriendlyName":"Blame","AssemblyQualifiedName":"Microsoft.TestPlatform.Extensions.BlameDataCollector.BlameCollector, Microsoft.TestPlatform.Extensions.BlameDataCollector, Version=15.0.0.0, Culture=neutral, PublicKeyToken=b03f5f7f11d50a3a","FilePath":"C:\\Program Files\\dotnet\\sdk\\8.0.100\\Extensions\\Microsoft.TestPlatform.Extensions.BlameDataCollector.dll","HasAttachmentProcessor":false}],"Metrics":{}}}
TpTrace Warning: 0 : 13280, 11, 2024/03/04, 17:40:01.660, 9743716783477, vstest.console.dll, DataCollectionLauncher.ErrorReceivedCallback datacollector standard error line: 
TpTrace Information: 0 : 13280, 13, 2024/03/04, 17:40:01.661, 9743716790566, vstest.console.dll, ProxyDataCollectionManager.InvokeDataCollectionServiceAction: Completed.
TpTrace Information: 0 : 13280, 11, 2024/03/04, 17:40:01.676, 9743716940439, vstest.console.dll, DataCollectionLauncher.ExitCallBack: Data collector exited with exitcode: 0 error: ''
TpTrace Verbose: 0 : 13280, 13, 2024/03/04, 17:40:01.720, 9743717374171, vstest.console.dll, TestRunRequest:SendTestRunStatsChange: Starting.
TpTrace Verbose: 0 : 13280, 13, 2024/03/04, 17:40:01.720, 9743717375437, vstest.console.dll, MulticastDelegateUtilities.SafeInvoke: TestRun.RunStatsChanged: Invoking callbacks was skipped because there are no subscribers.
TpTrace Information: 0 : 13280, 13, 2024/03/04, 17:40:01.720, 9743717375848, vstest.console.dll, TestRunRequest:SendTestRunStatsChange: Completed.
TpTrace Verbose: 0 : 13280, 5, 2024/03/04, 17:40:01.720, 9743717376593, vstest.console.dll, MulticastDelegateUtilities.SafeInvoke: InternalTestLoggerEvents.SendTestResult: Invoking callback 1/1 for Microsoft.VisualStudio.TestPlatform.CommandLine.Internal.ConsoleLogger., took 0 ms.
TpTrace Verbose: 0 : 13280, 13, 2024/03/04, 17:40:01.720, 9743717380795, vstest.console.dll, ParallelProxyExecutionManager: HandlePartialRunComplete: Total workloads = 1, Total started clients = 1 Total completed clients = 1, Run complete = True, Run canceled: False.
TpTrace Verbose: 0 : 13280, 13, 2024/03/04, 17:40:01.720, 9743717381705, vstest.console.dll, ParallelProxyExecutionManager: HandlePartialRunComplete: All runs completed stopping all managers.
TpTrace Verbose: 0 : 13280, 5, 2024/03/04, 17:40:01.720, 9743717381118, vstest.console.dll, MulticastDelegateUtilities.SafeInvoke: InternalTestLoggerEvents.SendTestResult: Invoking callback 1/1 for Microsoft.VisualStudio.TestPlatform.CommandLine.Internal.ConsoleLogger., took 0 ms.
TpTrace Verbose: 0 : 13280, 13, 2024/03/04, 17:40:01.720, 9743717382667, vstest.console.dll, ParallelOperationManager.StopAllManagers: Stopping all managers.
TpTrace Verbose: 0 : 13280, 5, 2024/03/04, 17:40:01.721, 9743717384461, vstest.console.dll, MulticastDelegateUtilities.SafeInvoke: InternalTestLoggerEvents.SendTestResult: Invoking callback 1/1 for Microsoft.VisualStudio.TestPlatform.CommandLine.Internal.ConsoleLogger., took 0 ms.
TpTrace Verbose: 0 : 13280, 13, 2024/03/04, 17:40:01.721, 9743717384828, vstest.console.dll, ParallelOperationManager.ClearSlots: Clearing all slots. Slots should accept more work: False
TpTrace Verbose: 0 : 13280, 5, 2024/03/04, 17:40:01.721, 9743717385735, vstest.console.dll, MulticastDelegateUtilities.SafeInvoke: InternalTestLoggerEvents.SendTestResult: Invoking callback 1/1 for Microsoft.VisualStudio.TestPlatform.CommandLine.Internal.ConsoleLogger., took 0 ms.
TpTrace Verbose: 0 : 13280, 5, 2024/03/04, 17:40:01.721, 9743717386563, vstest.console.dll, MulticastDelegateUtilities.SafeInvoke: InternalTestLoggerEvents.SendTestResult: Invoking callback 1/1 for Microsoft.VisualStudio.TestPlatform.CommandLine.Internal.ConsoleLogger., took 0 ms.
TpTrace Verbose: 0 : 13280, 5, 2024/03/04, 17:40:01.721, 9743717387218, vstest.console.dll, MulticastDelegateUtilities.SafeInvoke: InternalTestLoggerEvents.SendTestResult: Invoking callback 1/1 for Microsoft.VisualStudio.TestPlatform.CommandLine.Internal.ConsoleLogger., took 0 ms.
TpTrace Verbose: 0 : 13280, 13, 2024/03/04, 17:40:01.721, 9743717387495, vstest.console.dll, ParallelOperationManager.SetOccupiedSlotCount: Setting slot counts AvailableSlotCount = 1, OccupiedSlotCount = 0.
TpTrace Verbose: 0 : 13280, 13, 2024/03/04, 17:40:01.721, 9743717388536, vstest.console.dll, Occupied slots:

TpTrace Verbose: 0 : 13280, 5, 2024/03/04, 17:40:01.734, 9743717518862, vstest.console.dll, MulticastDelegateUtilities.SafeInvoke: InternalTestLoggerEvents.SendTestRunComplete: Invoking callback 1/2 for Microsoft.TestPlatform.Extensions.BlameDataCollector.BlameLogger., took 0 ms.
TpTrace Verbose: 0 : 13280, 5, 2024/03/04, 17:40:01.743, 9743717606845, vstest.console.dll, MulticastDelegateUtilities.SafeInvoke: InternalTestLoggerEvents.SendTestRunComplete: Invoking callback 2/2 for Microsoft.VisualStudio.TestPlatform.CommandLine.Internal.ConsoleLogger., took 8 ms.
TpTrace Verbose: 0 : 13280, 13, 2024/03/04, 17:40:01.743, 9743717613079, vstest.console.dll, TestRunRequest:TestRunComplete: Starting. IsAborted:False IsCanceled:False.
TpTrace Verbose: 0 : 13280, 13, 2024/03/04, 17:40:01.744, 9743717615023, vstest.console.dll, ParallelOperationManager.DoActionOnAllManagers: Calling an action on all managers.
TpTrace Verbose: 0 : 13280, 13, 2024/03/04, 17:40:01.746, 9743717635109, vstest.console.dll, TestLoggerManager.HandleTestRunComplete: Ignoring as the object is disposed.
TpTrace Verbose: 0 : 13280, 13, 2024/03/04, 17:40:01.746, 9743717638457, vstest.console.dll, MulticastDelegateUtilities.SafeInvoke: TestRun.TestRunComplete: Invoking callback 1/2 for Microsoft.VisualStudio.TestPlatform.CommandLine.TestRunResultAggregator., took 0 ms.
TpTrace Verbose: 0 : 13280, 13, 2024/03/04, 17:40:01.746, 9743717640621, vstest.console.dll, MulticastDelegateUtilities.SafeInvoke: TestRun.TestRunComplete: Invoking callback 2/2 for Microsoft.VisualStudio.TestPlatform.CommandLine.Processors.RunTestsArgumentExecutor+TestRunRequestEventsRegistrar., took 0 ms.
TpTrace Information: 0 : 13280, 13, 2024/03/04, 17:40:01.746, 9743717642030, vstest.console.dll, TestRunRequest:TestRunComplete: Completed.
TpTrace Verbose: 0 : 13280, 13, 2024/03/04, 17:40:01.746, 9743717642511, vstest.console.dll, TestRequestSender.SetOperationComplete: Setting operation complete.
TpTrace Information: 0 : 13280, 13, 2024/03/04, 17:40:01.746, 9743717642935, vstest.console.dll, SocketServer.Stop: Stop server endPoint: 127.0.0.1:55615
TpTrace Information: 0 : 13280, 13, 2024/03/04, 17:40:01.746, 9743717643248, vstest.console.dll, SocketServer.Stop: Cancellation requested. Stopping message loop.
TpTrace Verbose: 0 : 13280, 1, 2024/03/04, 17:40:01.746, 9743717642590, vstest.console.dll, TestRunRequest.Dispose: Starting.
TpTrace Information: 0 : 13280, 1, 2024/03/04, 17:40:01.747, 9743717644523, vstest.console.dll, TestRunRequest.Dispose: Completed.
TpTrace Verbose: 0 : 13280, 13, 2024/03/04, 17:40:01.746, 9743717643688, vstest.console.dll, MulticastDelegateUtilities.SafeInvoke: LengthPrefixCommunicationChannel: MessageReceived: Invoking callback 1/1 for Microsoft.VisualStudio.TestPlatform.CommunicationUtilities.TestRequestSender+<>c__DisplayClass34_0., took 287 ms.
TpTrace Information: 0 : 13280, 13, 2024/03/04, 17:40:01.747, 9743717645910, vstest.console.dll, SocketServer.PrivateStop: Stopping server endPoint: 127.0.0.1:55615 error: 
TpTrace Information: 0 : 13280, 1, 2024/03/04, 17:40:01.747, 9743717645173, vstest.console.dll, TestRequestManager.RunTests: run tests completed.
TpTrace Information: 0 : 13280, 1, 2024/03/04, 17:40:01.747, 9743717647589, vstest.console.dll, RunTestsArgumentProcessor:Execute: Test run is completed.
TpTrace Verbose: 0 : 13280, 1, 2024/03/04, 17:40:01.747, 9743717650668, vstest.console.dll, Executor.Execute: Exiting with exit code of 1
TpTrace Verbose: 0 : 13280, 13, 2024/03/04, 17:40:01.747, 9743717651515, vstest.console.dll, LengthPrefixCommunicationChannel.Dispose: Dispose reader and writer.
TpTrace Information: 0 : 13280, 13, 2024/03/04, 17:40:01.747, 9743717652709, vstest.console.dll, SocketServer.Stop: Raise disconnected event endPoint: 127.0.0.1:55615 error: 
TpTrace Verbose: 0 : 13280, 13, 2024/03/04, 17:40:01.748, 9743717654747, vstest.console.dll, TestRequestSender: OnTestRunAbort: Operation is already complete. Skip error message.
TpTrace Verbose: 0 : 13280, 13, 2024/03/04, 17:40:01.748, 9743717655466, vstest.console.dll, MulticastDelegateUtilities.SafeInvoke: SocketServer: ClientDisconnected: Invoking callback 1/1 for Microsoft.VisualStudio.TestPlatform.CommunicationUtilities.TestRequestSender., took 0 ms.
TpTrace Verbose: 0 : 13280, 13, 2024/03/04, 17:40:01.748, 9743717655859, vstest.console.dll, TcpClientExtensions.MessageLoopAsync: exiting MessageLoopAsync remoteEndPoint: 127.0.0.1:55616 localEndPoint: 127.0.0.1:55615
